-1
-1 -1
0
557980055 558235207
0
557980055 519716826
0
400878332 519716826
0
400878332 519716826
0
400878332 519716826
0
400878332 494672504
0
400878332 494672504
0
400878332 494672504
0
400878332 64626488
0
175830441 64626488
1
725403720 64626488
1
725403720 64626488
3
725403720 748326488
3
725403720 748326488
3
725403720 748326488
3
725403720 748326488
3
725403720 748326488
3
725403720 748326488
3
725403720 748326488
3
725403720 748326488
3
725403720 748326488
3
725403720 748326488
3
725403720 748326488
3
725403720 748326488
3
725403720 748326488
3
725403720 748326488
3
725403720 748326488
3
725403720 748326488
3
725403720 748326488
3
725403720 748326488
3
725403720 748326488
3
725403720 748326488
3
725403720 748326488
3
725403720 748326488
3
725403720 748326488
3
725403720 748326488
3
725403720 748326488
3
725403720 748326488
3
725403720 748326488
3
725403720 748326488
3
725403720 748326488
3
725403720 748326488
3
725403720 748326488
3
118394414 582520140
3
118394414 582520140
3
118394414 582520140
3
118394414 582520140
3
118394414 582520140
3
118394414 582520140
3
825417731 5593287
3
825417731 5593287
4
623907610 573149016
4
623907610 573149016
4
623907610 573149016
4
623907610 573149016
4
623907610 573149016
4
623907610 573149016
4
623907610 573149016
4
623907610 573149016
4
623907610 573149016
4
623907610 573149016
4
623907610 573149016
4
623907610 573149016
4
623907610 573149016
4
623907610 573149016
4
623907610 573149016
4
623907610 573149016
4
623907610 573149016
4
623907610 573149016
4
623907610 573149016
4
623907610 573149016
4
623907610 573149016
4
623907610 573149016
4
623907610 573149016
4
623907610 573149016
4
878657517 817849676
4
878657517 817849676
4
878657517 817849676
4
878657517 817849676
4
878657517 817849676
4
878657517 817849676
4
878657517 817849676
4
878657517 817849676
4
878657517 817849676
4
878657517 817849676
4
878657517 817849676
4
878657517 817849676
4
878657517 817849676
4
878657517 817849676
4
878657517 817849676
4
878657517 817849676
4
878657517 817849676
4
878657517 817849676
4
878657517 817849676
4
878657517 817849676
4
878657517 817849676
4
878657517 817849676
4
878657517 817849676
4
878657517 817849676
4
878657517 817849676
4
878657517 817849676
4
878657517 817849676
4
878657517 817849676
4
878657517 817849676
4
878657517 817849676
4
878657517 817849676
4
878657517 817849676
4
878657517 817849676
4
878657517 817849676
4
878657517 817849676
4
878657517 817849676
4
878657517 817849676
4
878657517 817849676
4
878657517 817849676
4
878657517 817849676
4
878657517 817849676
4
878657517 817849676
4
878657517 817849676
4
878657517 817849676
4
878657517 817849676
4
878657517 817849676
4
878657517 817849676
4
878657517 817849676
4
878657517 817849676
4
878657517 817849676
4
878657517 817849676
4
878657517 817849676
4
878657517 817849676
4
878657517 817849676
4
878657517 817849676
5
616287347 218304079
5
616287347 218304079
5
616287347 218304079
5
616287347 218304079
5
616287347 218304079
5
616287347 218304079
5
616287347 218304079
5
616287347 218304079
5
616287347 218304079
5
616287347 218304079
5
616287347 218304079
5
616287347 218304079
5
616287347 218304079
5
616287347 218304079
5
616287347 218304079
5
616287347 218304079
5
616287347 218304079
5
616287347 218304079
5
616287347 218304079
5
616287347 218304079
5
616287347 218304079
5
616287347 218304079
5
616287347 218304079
5
616287347 218304079
5
616287347 218304079
5
616287347 218304079
5
616287347 218304079
5
616287347 218304079
5
616287347 218304079
5
616287347 218304079
5
616287347 218304079
5
616287347 218304079
5
616287347 218304079
5
616287347 218304079
5
616287347 218304079
5
616287347 218304079
5
616287347 218304079
5
584304767 85725625
5
584304767 85725625
5
584304767 85725625
5
584304767 85725625
5
584304767 85725625
5
584304767 85725625
5
584304767 85725625
5
584304767 85725625
5
584304767 85725625
5
584304767 85725625
5
584304767 85725625
5
584304767 85725625
5
584304767 85725625
5
584304767 85725625
5
584304767 85725625
5
584304767 85725625
5
584304767 85725625
5
584304767 85725625
5
584304767 85725625
5
584304767 85725625
5
584304767 85725625
5
584304767 85725625
5
584304767 85725625
5
584304767 85725625
5
584304767 85725625
5
584304767 85725625
5
584304767 85725625
5
584304767 85725625
5
584304767 85725625
5
584304767 85725625
5
584304767 85725625
5
584304767 85725625
5
584304767 85725625
5
584304767 85725625
5
584304767 85725625
5
584304767 85725625
5
584304767 85725625
5
584304767 85725625
5
584304767 85725625
5
584304767 85725625
5
584304767 85725625
5
584304767 85725625
5
584304767 85725625
5
584304767 85725625
5
584304767 85725625
5
584304767 85725625
5
584304767 85725625
5
584304767 85725625
5
584304767 85725625
5
584304767 85725625
5
584304767 85725625
5
584304767 85725625
5
584304767 85725625
5
584304767 85725625
5
584304767 85725625
5
584304767 85725625
5
584304767 85725625
5
584304767 85725625
5
192190790 820598418
5
192190790 820598418
5
192190790 820598418
5
192190790 820598418
5
192190790 820598418
5
192190790 820598418
5
192190790 820598418
5
192190790 820598418
5
192190790 820598418
5
192190790 820598418
5
192190790 820598418
5
192190790 820598418
5
192190790 820598418
5
192190790 820598418
5
192190790 820598418
5
192190790 820598418
5
192190790 820598418
5
192190790 820598418
5
192190790 820598418
5
192190790 820598418
5
192190790 820598418
5
192190790 820598418
5
192190790 820598418
5
192190790 820598418
5
192190790 820598418
5
192190790 820598418
5
192190790 820598418
5
192190790 820598418
5
192190790 820598418
5
192190790 820598418
5
192190790 820598418
6
425711645 867759321
6
425711645 867759321
6
425711645 867759321
6
425711645 867759321
6
425711645 867759321
6
425711645 867759321
6
425711645 867759321
6
425711645 867759321
6
425711645 867759321
6
425711645 867759321
6
425711645 867759321
6
425711645 867759321
6
425711645 867759321
6
425711645 867759321
6
425711645 867759321
6
425711645 867759321
6
425711645 867759321
6
425711645 867759321
6
425711645 867759321
6
425711645 867759321
6
425711645 867759321
6
425711645 867759321
6
425711645 867759321
6
425711645 867759321
6
425711645 867759321
6
425711645 867759321
6
425711645 867759321
6
425711645 867759321
6
425711645 867759321
6
425711645 867759321
6
425711645 867759321
6
425711645 867759321
6
425711645 867759321
6
425711645 867759321
6
425711645 867759321
6
425711645 867759321
6
425711645 867759321
6
425711645 867759321
6
425711645 867759321
6
425711645 867759321
6
425711645 867759321
6
425711645 867759321
6
425711645 867759321
6
425711645 867759321
6
425711645 867759321
6
425711645 867759321
6
425711645 867759321
6
425711645 867759321
6
425711645 867759321
6
425711645 867759321
6
425711645 867759321
6
425711645 867759321
6
425711645 867759321
6
425711645 867759321
6
425711645 867759321
6
425711645 867759321
6
425711645 867759321
6
425711645 867759321
6
425711645 867759321
6
425711645 867759321
6
425711645 867759321
6
425711645 867759321
6
425711645 867759321
6
425711645 867759321
6
425711645 867759321
6
425711645 867759321
6
425711645 867759321
6
425711645 867759321
6
425711645 867759321
6
425711645 867759321
6
425711645 867759321
6
425711645 867759321
6
425711645 867759321
6
425711645 867759321
6
425711645 867759321
6
425711645 867759321
6
425711645 867759321
6
425711645 867759321
6
425711645 867759321
6
425711645 867759321
6
425711645 867759321
6
425711645 867759321
6
425711645 867759321
6
425711645 867759321
6
425711645 867759321
6
425711645 867759321
6
425711645 867759321
6
425711645 867759321
6
425711645 867759321
6
425711645 867759321
6
425711645 867759321
6
425711645 867759321
6
425711645 867759321
6
425711645 867759321
6
425711645 867759321
6
425711645 867759321
6
425711645 867759321
6
425711645 867759321
6
425711645 867759321
6
425711645 867759321
6
425711645 867759321
6
425711645 867759321
6
425711645 867759321
6
425711645 867759321
6
425711645 867759321
6
425711645 867759321
6
425711645 867759321
6
425711645 867759321
6
425711645 867759321
6
425711645 867759321
6
425711645 867759321
6
425711645 867759321
6
425711645 867759321
6
425711645 867759321
6
425711645 867759321
6
425711645 867759321
6
425711645 867759321
6
425711645 867759321
6
425711645 867759321
6
425711645 867759321
6
425711645 867759321
6
425711645 867759321
6
425711645 867759321
6
425711645 867759321
6
425711645 867759321
6
425711645 867759321
6
425711645 867759321
6
425711645 867759321
6
425711645 867759321
6
425711645 867759321
6
425711645 867759321
6
425711645 867759321
6
425711645 867759321
6
425711645 867759321
6
425711645 867759321
6
425711645 867759321
6
425711645 867759321
6
425711645 867759321
6
425711645 867759321
6
425711645 867759321
6
425711645 867759321
6
425711645 867759321
6
425711645 867759321
6
425711645 867759321
6
425711645 867759321
6
425711645 867759321
6
425711645 867759321
6
425711645 867759321
6
425711645 867759321
