-1
-1 -1
-1
-1 -1
0
49266102 678126137
0
49266102 437620480
0
49266102 437620480
1
558950502 108968071
1
558950502 108968071
1
558950502 108968071
1
558950502 108968071
1
558950502 108968071
2
558950502 192222519
2
558950502 192222519
2
558950502 192222519
2
558950502 192222519
2
558950502 192222519
2
558950502 192222519
2
3766509 217820463
2
3766509 217820463
2
3766509 217820463
2
3766509 217820463
2
3766509 217820463
2
991097084 751811294
2
991097084 751811294
2
991097084 751811294
2
991097084 751811294
2
991097084 751811294
2
991097084 751811294
2
346433676 751811294
2
346433676 751811294
2
346433676 751811294
2
346433676 751811294
2
346433676 751811294
2
346433676 751811294
2
346433676 751811294
2
346433676 751811294
2
346433676 751811294
2
346433676 751811294
2
346433676 751811294
2
346433676 751811294
2
346433676 751811294
2
994666993 453198358
2
994666993 453198358
2
994666993 453198358
2
994666993 453198358
2
994666993 453198358
3
7788144 399780442
3
7788144 399780442
3
7788144 399780442
3
7788144 399780442
3
7788144 399780442
3
7788144 399780442
3
7788144 399780442
3
7788144 399780442
3
7788144 399780442
3
7788144 399780442
3
7788144 399780442
3
7788144 399780442
3
994666993 918401887
3
994666993 918401887
5
884905380 108968071
5
884905380 108968071
5
884905380 108968071
5
884905380 108968071
5
884905380 108968071
5
884905380 108968071
5
884905380 108968071
5
884905380 108968071
5
884905380 108968071
5
884905380 108968071
5
884905380 108968071
5
884905380 108968071
5
884905380 108968071
5
438594080 46011740
5
438594080 46011740
5
438594080 46011740
5
438594080 46011740
5
438594080 46011740
5
438594080 46011740
5
438594080 46011740
5
438594080 46011740
5
438594080 46011740
5
438594080 46011740
5
438594080 46011740
5
438594080 46011740
5
438594080 46011740
5
438594080 46011740
5
438594080 46011740
5
438594080 46011740
5
438594080 46011740
5
438594080 46011740
5
438594080 46011740
5
438594080 46011740
5
438594080 46011740
5
438594080 46011740
5
438594080 46011740
5
438594080 46011740
5
438594080 46011740
5
438594080 46011740
5
438594080 46011740
5
438594080 46011740
5
438594080 46011740
5
438594080 46011740
5
438594080 46011740
5
438594080 46011740
