-1
-1 -1
0
746259502 345773546
0
746259502 345773546
0
117224049 345773546
0
117224049 345773546
0
117224049 83803497
1
982446294 956410520
1
982446294 956410520
1
982446294 956410520
1
982446294 956410520
2
269497770 345773546
2
269497770 345773546
2
269497770 345773546
2
269497770 345773546
2
269497770 345773546
2
269497770 345773546
2
269497770 345773546
2
800247896 956410520
2
800247896 956410520
2
800247896 956410520
2
800247896 956410520
2
800247896 956410520
2
800247896 956410520
2
800247896 956410520
2
800247896 956410520
2
800247896 956410520
2
800247896 956410520
2
800247896 956410520
2
800247896 651261061
2
800247896 651261061
2
800247896 651261061
2
800247896 651261061
2
800247896 651261061
2
223089520 733729011
2
223089520 733729011
2
223089520 733729011
2
223089520 733729011
2
223089520 733729011
2
223089520 733729011
2
223089520 733729011
2
223089520 733729011
3
790369690 714363191
3
790369690 714363191
3
790369690 714363191
4
210186751 148234875
4
210186751 148234875
4
210186751 148234875
4
210186751 148234875
4
210186751 148234875
4
210186751 148234875
4
102952473 631258426
4
102952473 631258426
4
102952473 631258426
4
102952473 631258426
4
102952473 631258426
4
102952473 631258426
4
102952473 631258426
4
102952473 631258426
