-1
-1 -1
0
809906952 408970526
0
809906952 54156072
1
67069048 54156072
1
67069048 54156072
1
67069048 54156072
1
67069048 54156072
1
67069048 54156072
1
67069048 54156072
1
618871496 44728930
1
618871496 44728930
1
618871496 44728930
1
618871496 44728930
2
602502610 739168832
2
602502610 739168832
2
602502610 739168832
3
988123126 91741286
3
988123126 91741286
3
988123126 91741286
3
988123126 91741286
3
988123126 91741286
3
988123126 91741286
3
988123126 91741286
3
988123126 91741286
3
988123126 91741286
3
988123126 91741286
3
988123126 91741286
3
988123126 91741286
3
988123126 91741286
3
988123126 91741286
3
988123126 91741286
3
988123126 91741286
3
988123126 91741286
3
988123126 91741286
3
988123126 91741286
3
988123126 91741286
3
988123126 91741286
3
988123126 91741286
3
988123126 91741286
3
988123126 91741286
3
988123126 91741286
3
988123126 91741286
3
988123126 91741286
3
988123126 91741286
3
988123126 91741286
3
522541469 353266932
3
522541469 353266932
3
522541469 353266932
3
522541469 353266932
3
522541469 353266932
3
522541469 353266932
3
522541469 353266932
3
522541469 353266932
3
522541469 353266932
3
522541469 353266932
3
522541469 353266932
3
522541469 353266932
3
522541469 353266932
3
522541469 353266932
3
522541469 353266932
3
522541469 353266932
3
522541469 353266932
3
522541469 353266932
3
522541469 353266932
3
522541469 353266932
3
522541469 353266932
3
522541469 353266932
3
522541469 353266932
3
522541469 353266932
3
522541469 353266932
3
522541469 353266932
3
984878403 947941282
3
984878403 947941282
4
29061549 537655680
4
29061549 537655680
4
29061549 537655680
4
29061549 537655680
4
29061549 537655680
4
29061549 537655680
4
29061549 537655680
4
29061549 537655680
4
29061549 537655680
4
29061549 537655680
4
29061549 537655680
4
29061549 537655680
4
29061549 537655680
4
29061549 537655680
4
29061549 537655680
4
29061549 537655680
4
29061549 537655680
4
29061549 537655680
4
29061549 537655680
4
29061549 537655680
4
29061549 537655680
4
29061549 537655680
4
29061549 537655680
4
29061549 537655680
4
29061549 537655680
4
29061549 537655680
4
29061549 537655680
4
29061549 537655680
4
29061549 537655680
4
29061549 537655680
4
29061549 537655680
4
29061549 537655680
4
29061549 537655680
4
29061549 537655680
4
29061549 537655680
4
29061549 537655680
4
29061549 537655680
4
29061549 537655680
4
29061549 537655680
4
29061549 537655680
4
29061549 537655680
4
29061549 537655680
4
29061549 537655680
4
29061549 537655680
4
29061549 537655680
4
29061549 537655680
4
29061549 537655680
4
29061549 537655680
4
29061549 537655680
4
29061549 537655680
4
29061549 537655680
4
29061549 537655680
4
29061549 537655680
4
29061549 537655680
4
29061549 537655680
4
29061549 537655680
4
29061549 537655680
4
29061549 537655680
4
29061549 537655680
4
29061549 537655680
4
29061549 537655680
4
29061549 537655680
4
29061549 537655680
4
29061549 537655680
4
29061549 537655680
4
29061549 537655680
4
29061549 537655680
4
29061549 537655680
4
29061549 537655680
4
29061549 537655680
4
29061549 537655680
4
318425817 644912735
4
318425817 644912735
4
318425817 644912735
4
318425817 644912735
4
318425817 644912735
4
318425817 644912735
4
318425817 644912735
4
318425817 644912735
4
318425817 644912735
4
318425817 644912735
4
318425817 644912735
4
318425817 644912735
4
318425817 644912735
4
318425817 644912735
4
318425817 644912735
4
318425817 644912735
4
318425817 644912735
4
318425817 644912735
4
318425817 644912735
4
318425817 644912735
4
318425817 644912735
4
318425817 644912735
4
318425817 644912735
4
318425817 644912735
4
318425817 644912735
4
318425817 644912735
4
318425817 644912735
4
318425817 644912735
4
318425817 644912735
4
318425817 644912735
4
318425817 644912735
4
318425817 644912735
4
318425817 644912735
4
318425817 644912735
4
318425817 644912735
4
318425817 644912735
4
318425817 644912735
4
318425817 644912735
4
318425817 644912735
4
318425817 644912735
4
318425817 644912735
4
318425817 644912735
4
318425817 644912735
4
318425817 644912735
4
318425817 644912735
4
318425817 644912735
4
318425817 644912735
4
318425817 644912735
4
318425817 644912735
4
318425817 644912735
4
318425817 644912735
4
318425817 644912735
5
271776163 399404494
5
271776163 399404494
5
271776163 399404494
5
271776163 399404494
5
271776163 399404494
5
271776163 399404494
5
271776163 399404494
5
271776163 399404494
5
271776163 399404494
5
271776163 399404494
5
271776163 399404494
5
271776163 399404494
5
271776163 399404494
5
271776163 399404494
5
271776163 399404494
5
271776163 399404494
5
271776163 399404494
5
271776163 399404494
5
271776163 399404494
5
271776163 399404494
5
271776163 399404494
5
271776163 399404494
5
271776163 399404494
5
271776163 399404494
5
271776163 399404494
5
271776163 399404494
5
271776163 399404494
5
271776163 399404494
5
271776163 399404494
5
271776163 399404494
5
271776163 399404494
5
271776163 399404494
5
271776163 399404494
5
271776163 399404494
5
271776163 399404494
5
271776163 399404494
5
271776163 399404494
5
271776163 399404494
5
271776163 399404494
5
271776163 399404494
5
271776163 399404494
5
271776163 399404494
5
271776163 399404494
5
271776163 399404494
5
271776163 399404494
5
271776163 399404494
5
271776163 399404494
5
271776163 399404494
5
271776163 399404494
5
271776163 399404494
5
271776163 399404494
5
271776163 399404494
5
271776163 399404494
5
271776163 399404494
5
271776163 399404494
5
271776163 399404494
5
271776163 399404494
5
271776163 399404494
5
271776163 399404494
5
271776163 399404494
5
271776163 399404494
5
271776163 399404494
5
271776163 399404494
5
271776163 399404494
5
271776163 399404494
5
271776163 399404494
5
271776163 399404494
5
271776163 399404494
5
271776163 399404494
5
271776163 399404494
5
271776163 399404494
5
399978965 870063520
5
399978965 870063520
5
399978965 870063520
5
399978965 870063520
5
399978965 870063520
5
399978965 870063520
5
399978965 870063520
5
399978965 870063520
5
399978965 870063520
5
399978965 870063520
5
399978965 870063520
5
399978965 870063520
5
399978965 870063520
5
399978965 870063520
5
399978965 870063520
5
399978965 870063520
5
399978965 870063520
5
399978965 870063520
5
399978965 870063520
5
399978965 870063520
5
399978965 870063520
5
399978965 870063520
5
399978965 870063520
5
399978965 870063520
5
399978965 870063520
5
399978965 870063520
5
399978965 870063520
5
399978965 870063520
5
399978965 870063520
5
399978965 870063520
5
399978965 870063520
5
399978965 870063520
5
399978965 870063520
5
399978965 870063520
5
399978965 870063520
5
399978965 870063520
5
399978965 870063520
5
399978965 870063520
5
399978965 870063520
5
399978965 870063520
5
399978965 870063520
5
399978965 870063520
5
399978965 870063520
5
399978965 870063520
5
399978965 870063520
5
399978965 870063520
5
399978965 870063520
5
399978965 870063520
5
399978965 870063520
5
399978965 870063520
5
399978965 870063520
5
399978965 870063520
5
399978965 870063520
5
399978965 870063520
5
399978965 870063520
5
399978965 870063520
5
399978965 870063520
5
399978965 870063520
5
399978965 870063520
5
399978965 870063520
5
399978965 870063520
5
399978965 870063520
5
399978965 870063520
5
399978965 870063520
5
399978965 870063520
5
399978965 870063520
5
371584770 427342110
5
371584770 427342110
5
371584770 427342110
5
371584770 427342110
5
371584770 427342110
5
371584770 427342110
5
371584770 427342110
5
371584770 427342110
5
371584770 427342110
5
371584770 427342110
5
371584770 427342110
5
371584770 427342110
5
371584770 427342110
5
371584770 427342110
5
371584770 427342110
5
371584770 427342110
5
371584770 427342110
5
371584770 427342110
5
371584770 427342110
5
371584770 427342110
5
371584770 427342110
5
371584770 427342110
5
371584770 427342110
5
371584770 427342110
5
371584770 427342110
5
371584770 427342110
5
371584770 427342110
5
371584770 427342110
5
371584770 427342110
5
371584770 427342110
5
371584770 427342110
5
371584770 427342110
5
371584770 427342110
5
371584770 427342110
5
371584770 427342110
5
371584770 427342110
5
371584770 427342110
5
371584770 427342110
5
371584770 427342110
5
371584770 427342110
5
371584770 427342110
5
371584770 427342110
5
371584770 427342110
5
371584770 427342110
5
371584770 427342110
5
371584770 427342110
5
371584770 427342110
5
371584770 427342110
5
371584770 427342110
5
371584770 427342110
5
371584770 427342110
5
371584770 427342110
5
371584770 427342110
5
371584770 427342110
5
371584770 427342110
5
371584770 427342110
5
371584770 427342110
5
371584770 427342110
5
371584770 427342110
5
371584770 427342110
5
371584770 427342110
5
371584770 427342110
5
371584770 427342110
5
371584770 427342110
5
371584770 427342110
5
371584770 427342110
5
371584770 427342110
5
371584770 427342110
5
371584770 427342110
5
371584770 427342110
5
371584770 427342110
5
371584770 427342110
5
371584770 427342110
5
371584770 427342110
5
371584770 427342110
5
371584770 427342110
5
371584770 427342110
