-1
-1 -1
1
439063001 289674446
1
439063001 289674446
1
439063001 289674446
1
439063001 289674446
2
394125843 231488628
2
394125843 231488628
2
394125843 231488628
2
394125843 231488628
2
394125843 231488628
3
394125843 178690116
3
394125843 178690116
3
394125843 178690116
3
394125843 178690116
3
394125843 178690116
3
394125843 178690116
3
394125843 178690116
3
394125843 178690116
3
394125843 178690116
3
394125843 178690116
3
394125843 178690116
3
394125843 178690116
3
394125843 178690116
3
394125843 178690116
3
394125843 178690116
4
836492255 136720033
4
836492255 136720033
4
836492255 136720033
4
836492255 136720033
4
836492255 136720033
4
836492255 136720033
4
836492255 136720033
4
836492255 136720033
4
836492255 136720033
4
836492255 136720033
4
836492255 136720033
4
836492255 136720033
4
836492255 136720033
4
836492255 136720033
4
836492255 136720033
4
836492255 136720033
4
836492255 136720033
4
836492255 136720033
4
836492255 136720033
4
836492255 136720033
4
836492255 136720033
4
836492255 136720033
4
836492255 136720033
4
836492255 136720033
4
836492255 136720033
4
836492255 136720033
4
836492255 136720033
4
836492255 136720033
4
836492255 136720033
4
836492255 136720033
4
836492255 136720033
4
836492255 136720033
4
836492255 136720033
4
836492255 136720033
4
836492255 136720033
4
836492255 136720033
4
836492255 136720033
4
836492255 136720033
4
836492255 136720033
4
836492255 136720033
4
836492255 136720033
4
836492255 136720033
4
836492255 136720033
4
836492255 136720033
4
836492255 136720033
4
836492255 136720033
4
836492255 136720033
4
836492255 136720033
4
836492255 136720033
4
836492255 136720033
4
836492255 136720033
4
836492255 136720033
4
836492255 136720033
4
836492255 136720033
4
836492255 136720033
4
836492255 136720033
4
836492255 136720033
4
836492255 136720033
4
836492255 136720033
4
836492255 136720033
4
836492255 136720033
4
836492255 136720033
4
836492255 136720033
4
836492255 136720033
4
836492255 136720033
4
836492255 136720033
4
836492255 136720033
4
836492255 136720033
4
836492255 136720033
4
836492255 136720033
4
836492255 136720033
4
836492255 136720033
4
836492255 136720033
