-1
-1 -1
0
608978547 151223985
0
161462038 151223985
0
161462038 151223985
0
77225943 151223985
0
77225943 151223985
0
77225943 149630544
0
1529215 149630544
1
795519453 149630544
1
795519453 149630544
1
85430357 149630544
1
85430357 149630544
1
85430357 149630544
1
85430357 149630544
1
85430357 149630544
1
85430357 149630544
1
85430357 149630544
1
85430357 149630544
1
85430357 149630544
1
85430357 149630544
2
499535036 950970369
2
499535036 950970369
2
499535036 950970369
2
499535036 950970369
2
499535036 950970369
2
499535036 950970369
2
499535036 950970369
2
499535036 950970369
2
499535036 950970369
2
499535036 950970369
2
499535036 950970369
2
499535036 950970369
2
499535036 950970369
2
499535036 950970369
2
499535036 950970369
2
499535036 950970369
3
161462038 294902290
3
161462038 294902290
3
161462038 294902290
3
161462038 294902290
3
161462038 294902290
3
161462038 294902290
3
161462038 294902290
3
161462038 294902290
3
161462038 294902290
3
161462038 294902290
3
161462038 294902290
3
161462038 294902290
3
161462038 294902290
3
161462038 294902290
3
161462038 294902290
