-1
-1 -1
-1
-1 -1
1
24074088 161298114
1
24074088 161298114
1
24074088 161298114
1
24074088 161298114
3
362015722 994645104
3
559543539 486711574
3
559543539 486711574
3
559543539 486711574
3
559543539 486711574
3
559543539 486711574
3
559543539 486711574
3
559543539 486711574
3
559543539 486711574
3
559543539 486711574
3
559543539 486711574
3
559543539 486711574
3
559543539 486711574
3
559543539 486711574
3
559543539 486711574
3
559543539 486711574
3
559543539 486711574
3
559543539 486711574
3
559543539 486711574
3
559543539 486711574
3
559543539 486711574
3
559543539 486711574
3
559543539 486711574
3
559543539 486711574
3
559543539 486711574
3
440512451 889152607
3
440512451 889152607
3
440512451 889152607
3
440512451 889152607
3
440512451 889152607
3
440512451 889152607
3
440512451 889152607
3
440512451 889152607
3
440512451 889152607
3
440512451 889152607
3
440512451 889152607
3
440512451 889152607
3
440512451 889152607
3
440512451 889152607
3
440512451 889152607
3
440512451 889152607
3
440512451 889152607
3
440512451 889152607
3
440512451 889152607
3
440512451 889152607
3
440512451 889152607
3
440512451 889152607
3
440512451 889152607
3
440512451 889152607
3
440512451 889152607
3
440512451 889152607
3
440512451 889152607
3
440512451 889152607
3
440512451 889152607
3
440512451 889152607
3
440512451 889152607
3
440512451 889152607
3
440512451 889152607
3
440512451 889152607
3
440512451 889152607
3
440512451 889152607
3
440512451 889152607
3
440512451 889152607
3
440512451 889152607
3
440512451 889152607
3
440512451 889152607
3
440512451 889152607
3
440512451 889152607
3
440512451 889152607
3
440512451 889152607
3
440512451 889152607
3
440512451 889152607
3
440512451 889152607
3
440512451 889152607
3
440512451 889152607
3
440512451 889152607
3
440512451 889152607
3
440512451 889152607
3
440512451 889152607
3
76913971 717880672
3
76913971 717880672
3
76913971 717880672
3
76913971 717880672
3
76913971 717880672
3
76913971 717880672
3
76913971 717880672
3
76913971 717880672
3
76913971 717880672
3
76913971 717880672
4
362015722 227642732
4
362015722 227642732
4
362015722 227642732
4
362015722 227642732
4
362015722 227642732
4
362015722 227642732
4
362015722 227642732
4
362015722 227642732
4
362015722 227642732
4
362015722 227642732
4
362015722 227642732
4
362015722 227642732
4
362015722 227642732
4
362015722 227642732
4
362015722 227642732
4
362015722 227642732
4
362015722 227642732
4
362015722 227642732
4
362015722 227642732
4
362015722 227642732
4
362015722 227642732
4
362015722 227642732
4
362015722 227642732
4
362015722 227642732
4
362015722 227642732
4
362015722 227642732
4
362015722 227642732
4
362015722 227642732
4
362015722 227642732
4
362015722 227642732
4
362015722 227642732
4
362015722 227642732
4
362015722 227642732
4
362015722 227642732
4
362015722 227642732
4
362015722 227642732
4
362015722 227642732
4
362015722 227642732
4
362015722 227642732
4
362015722 227642732
4
362015722 227642732
4
362015722 227642732
4
362015722 227642732
4
362015722 227642732
4
362015722 227642732
4
692472426 747075432
4
692472426 747075432
4
692472426 747075432
4
692472426 747075432
4
692472426 747075432
4
692472426 747075432
4
692472426 747075432
4
692472426 747075432
4
692472426 747075432
4
692472426 747075432
4
692472426 747075432
4
692472426 747075432
4
692472426 747075432
4
692472426 747075432
4
692472426 747075432
4
692472426 747075432
4
692472426 747075432
4
692472426 747075432
4
692472426 747075432
4
692472426 747075432
4
692472426 747075432
4
692472426 747075432
4
692472426 747075432
4
692472426 747075432
4
692472426 747075432
4
692472426 747075432
4
692472426 747075432
4
692472426 747075432
4
692472426 747075432
4
692472426 747075432
4
692472426 747075432
4
692472426 747075432
4
692472426 747075432
4
692472426 747075432
4
692472426 747075432
4
692472426 747075432
4
692472426 747075432
4
692472426 747075432
4
692472426 747075432
4
306664981 883485051
4
306664981 883485051
4
306664981 883485051
4
306664981 883485051
4
306664981 883485051
4
306664981 883485051
4
306664981 883485051
4
306664981 883485051
4
306664981 883485051
4
306664981 883485051
4
306664981 883485051
4
306664981 883485051
4
306664981 883485051
4
306664981 883485051
4
306664981 883485051
4
306664981 883485051
4
306664981 883485051
4
306664981 883485051
4
306664981 883485051
4
306664981 883485051
4
306664981 883485051
4
306664981 883485051
4
306664981 883485051
4
306664981 883485051
4
306664981 883485051
4
306664981 883485051
4
306664981 883485051
4
306664981 883485051
4
306664981 883485051
4
306664981 883485051
4
306664981 883485051
4
306664981 883485051
4
306664981 883485051
4
306664981 883485051
5
24074088 606283458
5
24074088 606283458
5
24074088 606283458
5
24074088 606283458
5
24074088 606283458
5
24074088 606283458
5
24074088 606283458
5
24074088 606283458
5
24074088 606283458
5
24074088 606283458
5
24074088 606283458
5
24074088 606283458
5
24074088 606283458
5
24074088 606283458
5
24074088 606283458
5
24074088 606283458
5
24074088 606283458
5
24074088 606283458
5
24074088 606283458
5
24074088 606283458
5
24074088 606283458
5
24074088 606283458
5
24074088 606283458
5
24074088 606283458
5
24074088 606283458
5
24074088 606283458
5
24074088 606283458
5
24074088 606283458
5
24074088 606283458
5
24074088 606283458
5
24074088 606283458
5
24074088 606283458
5
24074088 606283458
5
24074088 606283458
5
24074088 606283458
5
24074088 606283458
5
24074088 606283458
5
24074088 606283458
5
24074088 606283458
5
24074088 606283458
5
24074088 606283458
5
24074088 606283458
5
24074088 606283458
5
24074088 606283458
5
24074088 606283458
5
24074088 606283458
5
24074088 606283458
5
24074088 606283458
5
24074088 606283458
5
24074088 606283458
5
24074088 606283458
5
24074088 606283458
5
24074088 606283458
5
24074088 606283458
5
24074088 606283458
5
24074088 606283458
5
24074088 606283458
5
24074088 606283458
5
24074088 606283458
5
24074088 606283458
5
24074088 606283458
5
24074088 606283458
5
24074088 606283458
5
24074088 606283458
5
24074088 606283458
5
24074088 606283458
5
24074088 606283458
5
24074088 606283458
5
24074088 606283458
7
244521428 627573847
7
244521428 627573847
7
244521428 627573847
7
244521428 627573847
7
244521428 627573847
7
244521428 627573847
7
244521428 627573847
7
244521428 627573847
7
244521428 627573847
7
244521428 627573847
7
244521428 627573847
7
244521428 627573847
7
244521428 627573847
7
244521428 627573847
7
244521428 627573847
7
244521428 627573847
7
244521428 627573847
7
244521428 627573847
7
244521428 627573847
7
244521428 627573847
7
244521428 627573847
7
244521428 627573847
7
244521428 627573847
7
244521428 627573847
7
244521428 627573847
7
244521428 627573847
7
244521428 627573847
7
244521428 627573847
7
244521428 627573847
7
244521428 627573847
7
244521428 627573847
7
244521428 627573847
7
244521428 627573847
7
244521428 627573847
7
244521428 627573847
7
244521428 627573847
7
244521428 627573847
7
244521428 627573847
7
244521428 627573847
7
244521428 627573847
7
244521428 627573847
7
244521428 627573847
7
244521428 627573847
7
244521428 627573847
7
244521428 627573847
7
244521428 627573847
7
244521428 627573847
7
244521428 627573847
7
244521428 627573847
7
244521428 627573847
7
244521428 627573847
7
244521428 627573847
7
244521428 627573847
7
244521428 627573847
7
244521428 627573847
7
244521428 627573847
7
244521428 627573847
7
244521428 627573847
7
244521428 627573847
7
244521428 627573847
7
244521428 627573847
7
244521428 627573847
7
244521428 627573847
7
244521428 627573847
7
244521428 627573847
7
244521428 627573847
7
244521428 627573847
7
244521428 627573847
7
244521428 627573847
7
244521428 627573847
7
244521428 627573847
7
244521428 627573847
7
244521428 627573847
7
244521428 627573847
7
244521428 627573847
7
244521428 627573847
7
244521428 627573847
7
244521428 627573847
7
244521428 627573847
7
244521428 627573847
7
244521428 627573847
7
244521428 627573847
7
244521428 627573847
7
244521428 627573847
7
244521428 627573847
7
244521428 627573847
7
244521428 627573847
7
244521428 627573847
7
244521428 627573847
7
244521428 627573847
7
244521428 627573847
7
244521428 627573847
7
244521428 627573847
7
244521428 627573847
7
244521428 627573847
7
244521428 627573847
7
244521428 627573847
7
244521428 627573847
7
244521428 627573847
7
244521428 627573847
7
244521428 627573847
7
244521428 627573847
7
244521428 627573847
7
244521428 627573847
7
244521428 627573847
7
244521428 627573847
7
244521428 627573847
7
244521428 627573847
7
244521428 627573847
7
244521428 627573847
7
244521428 627573847
7
244521428 627573847
7
244521428 627573847
7
244521428 627573847
7
244521428 627573847
7
244521428 627573847
7
244521428 627573847
7
244521428 627573847
7
244521428 627573847
7
244521428 627573847
7
244521428 627573847
7
244521428 627573847
7
244521428 627573847
7
244521428 627573847
7
244521428 627573847
7
244521428 627573847
7
244521428 627573847
7
244521428 627573847
7
244521428 627573847
7
244521428 627573847
7
244521428 627573847
7
244521428 627573847
7
244521428 627573847
