-1
-1 -1
-1
-1 -1
0
47993902 549480794
0
47993902 549480794
0
47993902 549480794
1
619009904 736665938
1
619009904 736665938
1
619009904 648903101
1
619009904 648903101
1
619009904 648903101
1
47993902 350849617
1
47993902 350849617
1
47993902 350849617
1
47993902 350849617
1
47993902 350849617
1
47993902 349913362
1
36221860 99386823
1
36221860 99386823
1
36221860 99386823
1
36221860 99386823
1
36221860 99386823
1
36221860 99386823
1
36221860 99386823
1
36221860 99386823
2
486913862 519853714
2
486913862 519853714
2
486913862 519853714
2
486913862 519853714
2
486913862 519853714
2
486913862 519853714
2
843658530 585721864
2
21300769 396105249
2
21300769 396105249
2
21300769 396105249
2
21300769 396105249
2
21300769 396105249
2
21300769 396105249
2
21300769 396105249
2
21300769 396105249
2
21300769 396105249
2
21300769 396105249
2
21300769 396105249
2
21300769 396105249
2
21300769 396105249
2
21300769 396105249
2
21300769 396105249
2
21300769 396105249
2
21300769 396105249
2
21300769 396105249
2
21300769 396105249
2
21300769 396105249
2
21300769 396105249
2
21300769 396105249
2
21300769 396105249
3
382252744 449989542
3
382252744 449989542
3
382252744 449989542
3
382252744 449989542
3
382252744 449989542
3
382252744 449989542
3
382252744 449989542
3
382252744 449989542
3
382252744 449989542
3
382252744 449989542
3
382252744 449989542
3
382252744 449989542
3
382252744 449989542
3
382252744 449989542
3
382252744 449989542
3
382252744 449989542
3
859154652 24485691
3
859154652 24485691
3
859154652 24485691
3
859154652 24485691
3
859154652 24485691
3
859154652 24485691
3
859154652 24485691
3
859154652 24485691
3
859154652 24485691
3
859154652 24485691
3
859154652 24485691
3
859154652 24485691
3
859154652 24485691
5
476845281 624624646
5
476845281 624624646
5
476845281 624624646
5
476845281 624624646
5
476845281 624624646
5
476845281 624624646
5
476845281 624624646
5
476845281 624624646
5
476845281 624624646
5
476845281 624624646
5
476845281 624624646
5
476845281 624624646
5
476845281 624624646
