-1
-1 -1
0
496067854 209638683
0
496067854 209638683
0
496067854 209638683
0
372594463 209638683
0
372594463 209638683
1
677535657 570615794
1
677535657 570615794
1
677535657 570615794
1
372594463 545995404
1
372594463 545995404
1
372594463 545995404
1
372594463 545995404
1
372594463 545995404
1
372594463 545995404
1
264715658 196286000
1
264715658 196286000
1
264715658 196286000
1
264715658 196286000
2
677535657 353452959
2
677535657 353452959
2
592551024 353452959
2
592551024 353452959
2
592551024 353452959
2
592551024 353452959
2
592551024 353452959
2
592551024 353452959
2
592551024 353452959
2
592551024 353452959
2
592551024 353452959
2
592551024 353452959
2
592551024 353452959
2
803854059 868660351
2
803854059 868660351
2
803854059 868660351
2
803854059 868660351
2
803854059 868660351
2
803854059 868660351
2
803854059 868660351
2
130316205 31135901
2
130316205 31135901
2
130316205 31135901
2
130316205 31135901
2
130316205 31135901
2
130316205 31135901
2
130316205 31135901
2
130316205 31135901
3
592551024 379246164
3
592551024 379246164
3
592551024 379246164
3
592551024 379246164
3
592551024 379246164
3
592551024 379246164
3
592551024 379246164
3
592551024 379246164
3
592551024 379246164
3
592551024 379246164
3
592551024 379246164
3
592551024 379246164
