-1
-1 -1
0
833242468 230197863
0
833242468 230197863
0
118615138 230197863
1
844802622 230197863
1
634205233 230197863
1
634205233 230197863
1
634205233 230197863
1
833242468 334774862
1
833242468 334774862
1
833242468 334774862
1
833242468 334774862
1
833242468 334774862
1
282084815 833285920
1
282084815 833285920
2
634205233 485656981
2
634205233 485656981
2
634205233 485656981
2
494877275 833285920
2
494877275 833285920
2
494877275 833285920
2
494877275 833285920
2
494877275 833285920
2
494877275 833285920
2
494877275 833285920
2
494877275 833285920
2
494877275 833285920
2
494877275 833285920
2
494877275 833285920
2
494877275 833285920
2
494877275 833285920
2
494877275 833285920
2
494877275 833285920
2
494877275 833285920
2
494877275 833285920
2
494877275 833285920
2
494877275 833285920
2
494877275 833285920
2
812633729 603295585
2
812633729 603295585
2
812633729 603295585
2
812633729 603295585
2
812633729 603295585
2
864526271 326935021
2
864526271 326935021
2
864526271 326935021
2
864526271 326935021
2
864526271 326935021
2
864526271 326935021
2
864526271 326935021
2
939167512 562100410
2
939167512 562100410
2
939167512 562100410
2
939167512 562100410
2
939167512 562100410
2
939167512 562100410
2
317837545 21860158
3
921133130 197570762
3
921133130 197570762
3
921133130 197570762
3
921133130 197570762
3
921133130 197570762
3
921133130 197570762
3
921133130 197570762
3
921133130 197570762
3
921133130 197570762
3
921133130 197570762
4
71729415 139717655
4
71729415 139717655
4
71729415 139717655
4
71729415 139717655
4
71729415 139717655
4
71729415 139717655
4
71729415 139717655
4
71729415 139717655
4
71729415 139717655
4
71729415 139717655
4
71729415 139717655
4
71729415 139717655
4
71729415 139717655
4
71729415 139717655
4
71729415 139717655
4
71729415 139717655
4
71729415 139717655
4
71729415 139717655
4
71729415 139717655
4
71729415 139717655
4
71729415 139717655
4
71729415 139717655
4
71729415 139717655
4
71729415 139717655
4
71729415 139717655
4
71729415 139717655
4
71729415 139717655
4
71729415 139717655
4
71729415 139717655
4
71729415 139717655
4
71729415 139717655
4
71729415 139717655
4
71729415 139717655
4
71729415 139717655
4
71729415 139717655
4
71729415 139717655
4
71729415 139717655
4
71729415 139717655
4
71729415 139717655
4
71729415 139717655
4
71729415 139717655
4
71729415 139717655
4
71729415 139717655
4
71729415 139717655
4
71729415 139717655
4
524579629 544740360
4
524579629 544740360
4
524579629 544740360
4
524579629 544740360
4
524579629 544740360
4
524579629 544740360
4
524579629 544740360
4
524579629 544740360
4
524579629 544740360
4
524579629 544740360
4
524579629 544740360
4
524579629 544740360
4
524579629 544740360
4
524579629 544740360
4
524579629 544740360
4
524579629 544740360
4
524579629 544740360
4
524579629 544740360
4
524579629 544740360
4
524579629 544740360
4
524579629 544740360
4
524579629 544740360
4
524579629 544740360
4
524579629 544740360
4
524579629 544740360
4
524579629 544740360
4
524579629 544740360
4
524579629 544740360
4
524579629 544740360
4
524579629 544740360
4
524579629 544740360
4
524579629 544740360
4
524579629 544740360
4
524579629 544740360
4
524579629 544740360
4
656053984 37024722
4
656053984 37024722
4
656053984 37024722
4
656053984 37024722
4
656053984 37024722
4
656053984 37024722
4
656053984 37024722
4
656053984 37024722
4
656053984 37024722
4
656053984 37024722
4
656053984 37024722
4
656053984 37024722
4
656053984 37024722
4
656053984 37024722
4
656053984 37024722
4
656053984 37024722
4
656053984 37024722
4
656053984 37024722
4
656053984 37024722
4
656053984 37024722
4
656053984 37024722
4
656053984 37024722
4
656053984 37024722
4
656053984 37024722
4
656053984 37024722
4
656053984 37024722
4
656053984 37024722
4
656053984 37024722
4
656053984 37024722
4
656053984 37024722
4
656053984 37024722
4
656053984 37024722
4
656053984 37024722
4
656053984 37024722
4
656053984 37024722
4
656053984 37024722
4
656053984 37024722
4
656053984 37024722
4
656053984 37024722
4
656053984 37024722
4
656053984 37024722
4
656053984 37024722
4
656053984 37024722
4
656053984 37024722
4
656053984 37024722
4
656053984 37024722
4
656053984 37024722
4
656053984 37024722
4
656053984 37024722
4
656053984 37024722
4
656053984 37024722
4
656053984 37024722
4
656053984 37024722
4
656053984 37024722
4
656053984 37024722
4
656053984 37024722
4
656053984 37024722
4
656053984 37024722
4
656053984 37024722
4
656053984 37024722
4
656053984 37024722
4
656053984 37024722
4
656053984 37024722
4
656053984 37024722
4
656053984 37024722
4
656053984 37024722
4
656053984 37024722
4
656053984 37024722
4
656053984 37024722
4
656053984 37024722
4
656053984 37024722
4
656053984 37024722
4
656053984 37024722
4
656053984 37024722
4
875135159 938996132
4
875135159 938996132
4
875135159 938996132
4
875135159 938996132
4
875135159 938996132
4
228334136 651704413
4
228334136 651704413
4
228334136 651704413
4
228334136 651704413
4
228334136 651704413
4
228334136 651704413
4
228334136 651704413
4
228334136 651704413
4
228334136 651704413
4
228334136 651704413
4
228334136 651704413
4
228334136 651704413
4
228334136 651704413
4
228334136 651704413
4
228334136 651704413
4
228334136 651704413
4
228334136 651704413
4
228334136 651704413
4
228334136 651704413
4
228334136 651704413
4
228334136 651704413
4
228334136 651704413
4
228334136 651704413
4
228334136 651704413
4
228334136 651704413
4
228334136 651704413
4
228334136 651704413
4
228334136 651704413
4
228334136 651704413
4
228334136 651704413
4
228334136 651704413
4
228334136 651704413
4
228334136 651704413
4
228334136 651704413
4
228334136 651704413
4
228334136 651704413
4
228334136 651704413
4
228334136 651704413
4
228334136 651704413
4
228334136 651704413
4
228334136 651704413
4
228334136 651704413
4
228334136 651704413
4
228334136 651704413
4
228334136 651704413
4
228334136 651704413
4
228334136 651704413
4
228334136 651704413
4
369242916 392144742
4
369242916 392144742
4
369242916 392144742
4
369242916 392144742
4
369242916 392144742
4
369242916 392144742
4
369242916 392144742
4
369242916 392144742
4
369242916 392144742
4
369242916 392144742
4
369242916 392144742
4
369242916 392144742
4
369242916 392144742
4
369242916 392144742
4
369242916 392144742
4
369242916 392144742
4
369242916 392144742
4
369242916 392144742
4
369242916 392144742
4
369242916 392144742
4
369242916 392144742
4
369242916 392144742
4
369242916 392144742
4
369242916 392144742
4
369242916 392144742
4
369242916 392144742
4
369242916 392144742
4
369242916 392144742
4
369242916 392144742
4
369242916 392144742
4
369242916 392144742
4
369242916 392144742
4
369242916 392144742
4
369242916 392144742
4
369242916 392144742
4
369242916 392144742
4
369242916 392144742
4
369242916 392144742
4
369242916 392144742
4
369242916 392144742
4
369242916 392144742
4
369242916 392144742
4
369242916 392144742
4
369242916 392144742
4
369242916 392144742
4
369242916 392144742
4
369242916 392144742
4
369242916 392144742
4
369242916 392144742
4
369242916 392144742
4
369242916 392144742
4
369242916 392144742
4
369242916 392144742
4
369242916 392144742
4
369242916 392144742
4
369242916 392144742
4
369242916 392144742
4
369242916 392144742
4
369242916 392144742
4
369242916 392144742
4
369242916 392144742
4
369242916 392144742
4
369242916 392144742
5
203875155 110505750
5
203875155 110505750
5
203875155 110505750
5
203875155 110505750
5
203875155 110505750
5
203875155 110505750
5
203875155 110505750
5
203875155 110505750
5
203875155 110505750
5
203875155 110505750
5
203875155 110505750
5
203875155 110505750
5
203875155 110505750
5
203875155 110505750
5
203875155 110505750
5
203875155 110505750
5
203875155 110505750
5
203875155 110505750
5
203875155 110505750
5
203875155 110505750
5
203875155 110505750
5
203875155 110505750
5
203875155 110505750
5
203875155 110505750
5
203875155 110505750
5
203875155 110505750
5
203875155 110505750
5
203875155 110505750
5
203875155 110505750
5
203875155 110505750
5
203875155 110505750
5
203875155 110505750
5
203875155 110505750
5
203875155 110505750
5
545297023 288652120
5
545297023 288652120
5
545297023 288652120
5
545297023 288652120
5
545297023 288652120
5
545297023 288652120
5
545297023 288652120
5
545297023 288652120
5
545297023 288652120
5
545297023 288652120
5
545297023 288652120
5
545297023 288652120
5
545297023 288652120
5
545297023 288652120
5
545297023 288652120
5
545297023 288652120
5
545297023 288652120
5
545297023 288652120
5
545297023 288652120
5
545297023 288652120
5
545297023 288652120
5
545297023 288652120
5
545297023 288652120
5
545297023 288652120
5
545297023 288652120
5
545297023 288652120
5
545297023 288652120
5
545297023 288652120
5
545297023 288652120
