-1
-1 -1
-1
-1 -1
-1
-1 -1
0
78103099 145252647
0
78103099 145252647
0
78103099 145252647
0
30760547 145252647
0
30760547 145252647
0
30760547 145252647
0
30760547 145252647
0
30760547 145252647
1
30760547 669516602
1
30760547 669516602
2
610349523 145252647
2
610349523 145252647
2
610349523 145252647
2
610349523 145252647
2
610349523 145252647
2
610349523 145252647
2
610349523 145252647
2
610349523 145252647
2
610349523 145252647
2
610349523 145252647
2
610349523 145252647
2
610349523 145252647
2
610349523 145252647
2
610349523 145252647
2
610349523 145252647
2
610349523 145252647
2
610349523 145252647
2
610349523 145252647
2
610349523 145252647
2
610349523 145252647
2
610349523 145252647
2
610349523 145252647
2
610349523 145252647
2
610349523 145252647
2
610349523 145252647
2
610349523 145252647
3
79945899 4455890
3
79945899 4455890
3
79945899 4455890
3
79945899 4455890
3
79945899 4455890
3
79945899 4455890
3
79945899 4455890
3
79945899 4455890
3
79945899 4455890
3
79945899 4455890
3
79945899 4455890
3
79945899 4455890
3
79945899 4455890
3
79945899 4455890
3
79945899 4455890
3
79945899 4455890
3
754714371 508797960
3
754714371 508797960
3
754714371 508797960
3
754714371 508797960
3
754714371 508797960
3
754714371 508797960
3
754714371 508797960
3
754714371 508797960
3
754714371 508797960
3
754714371 508797960
3
754714371 508797960
3
754714371 508797960
3
754714371 508797960
3
754714371 508797960
3
754714371 508797960
3
754714371 508797960
3
754714371 508797960
3
754714371 508797960
3
754714371 508797960
3
754714371 508797960
3
754714371 508797960
3
754714371 508797960
3
754714371 508797960
3
754714371 508797960
3
754714371 508797960
3
754714371 508797960
3
754714371 508797960
3
754714371 508797960
3
754714371 508797960
3
754714371 508797960
3
754714371 508797960
3
754714371 508797960
3
837574118 325446172
3
837574118 325446172
3
837574118 325446172
3
837574118 325446172
3
837574118 325446172
3
837574118 325446172
3
837574118 325446172
3
837574118 325446172
3
837574118 325446172
3
837574118 325446172
3
837574118 325446172
3
837574118 325446172
3
837574118 325446172
