-1
-1 -1
0
149945970 539418522
0
149945970 539418522
0
149945970 539418522
0
149945970 539418522
0
149945970 539418522
0
149945970 476302536
0
149945970 476302536
1
928773880 37896178
1
928773880 37896178
1
928773880 37896178
1
928773880 37896178
1
248659069 995346944
1
248659069 995346944
1
394751372 231240532
1
394751372 231240532
1
394751372 231240532
1
394751372 231240532
1
394751372 231240532
1
824020237 763134873
1
824020237 763134873
1
716508139 72641817
1
716508139 72641817
2
398506826 72641817
2
398506826 72641817
2
398506826 72641817
2
398506826 72641817
2
398506826 72641817
2
398506826 72641817
2
398506826 72641817
2
398506826 72641817
2
398506826 72641817
3
394751372 833994114
3
394751372 833994114
3
394751372 833994114
3
394751372 833994114
3
394751372 833994114
3
394751372 833994114
3
394751372 833994114
3
394751372 833994114
3
394751372 833994114
3
394751372 833994114
3
394751372 833994114
3
394751372 833994114
3
394751372 833994114
3
394751372 833994114
3
394751372 833994114
3
394751372 833994114
3
394751372 833994114
3
394751372 833994114
3
394751372 833994114
3
394751372 833994114
3
394751372 833994114
3
394751372 833994114
3
394751372 833994114
3
394751372 833994114
3
394751372 833994114
