-1
-1 -1
-1
-1 -1
0
152409773 331885993
0
152409773 331885993
0
152409773 331885993
1
348328660 789118411
1
348328660 789118411
1
348328660 789118411
1
348328660 789118411
1
403983741 556986312
1
403983741 556986312
1
403983741 556986312
1
713368185 385205652
1
713368185 385205652
1
713368185 385205652
1
713368185 385205652
1
713368185 385205652
2
118419935 331885993
2
118419935 331885993
2
118419935 331885993
2
785365756 556986312
2
785365756 556986312
2
785365756 556986312
2
785365756 556986312
2
785365756 556986312
2
84443836 182372485
2
84443836 182372485
2
84443836 182372485
2
84443836 182372485
2
84443836 182372485
2
84443836 182372485
2
84443836 182372485
2
84443836 182372485
2
84443836 182372485
2
84443836 182372485
2
84443836 182372485
2
84443836 182372485
2
84443836 182372485
2
84443836 182372485
2
84443836 182372485
2
84443836 182372485
2
84443836 182372485
2
84443836 182372485
2
84443836 182372485
2
84443836 182372485
2
84443836 182372485
2
517839836 505634991
2
517839836 505634991
2
517839836 505634991
2
517839836 505634991
2
517839836 505634991
2
517839836 505634991
2
517839836 505634991
2
517839836 505634991
2
517839836 505634991
2
517839836 505634991
2
517839836 505634991
2
517839836 505634991
2
517839836 505634991
2
517839836 505634991
2
517839836 505634991
2
517839836 505634991
2
517839836 505634991
2
747307117 255802760
2
747307117 255802760
2
747307117 255802760
2
747307117 255802760
2
747307117 255802760
2
747307117 255802760
2
747307117 255802760
2
747307117 255802760
2
747307117 255802760
2
747307117 255802760
2
747307117 255802760
2
747307117 255802760
2
747307117 255802760
2
747307117 255802760
2
747307117 255802760
2
747307117 255802760
2
747307117 255802760
2
747307117 255802760
2
747307117 255802760
2
747307117 255802760
2
747307117 255802760
2
747307117 255802760
2
747307117 255802760
2
747307117 255802760
2
747307117 255802760
2
845588906 359646073
2
845588906 359646073
2
845588906 359646073
2
845588906 359646073
2
845588906 359646073
3
6310592 563560606
3
6310592 563560606
3
6310592 563560606
3
6310592 563560606
3
6310592 563560606
3
6310592 563560606
3
6310592 563560606
3
6310592 563560606
3
6310592 563560606
3
6310592 563560606
3
6310592 563560606
3
6310592 563560606
3
6310592 563560606
3
6310592 563560606
3
6310592 563560606
3
6310592 563560606
3
6310592 563560606
3
6310592 563560606
3
6310592 563560606
3
6310592 563560606
3
6310592 563560606
3
6310592 563560606
3
6310592 563560606
3
6310592 563560606
3
6310592 563560606
3
6310592 563560606
3
6310592 563560606
3
6310592 563560606
3
6310592 563560606
3
6310592 563560606
3
6310592 563560606
3
6310592 563560606
3
6310592 563560606
3
6310592 563560606
3
6310592 563560606
3
6310592 563560606
3
6310592 563560606
3
6310592 563560606
3
6310592 563560606
3
6310592 563560606
3
6310592 563560606
3
6310592 563560606
3
6310592 563560606
3
6310592 563560606
3
6310592 563560606
3
6310592 563560606
3
6310592 563560606
3
6310592 563560606
3
6310592 563560606
3
6310592 563560606
3
6310592 563560606
3
766632672 523267979
3
766632672 523267979
3
766632672 523267979
3
766632672 523267979
3
766632672 523267979
3
766632672 523267979
3
766632672 523267979
3
766632672 523267979
3
766632672 523267979
3
766632672 523267979
3
766632672 523267979
3
766632672 523267979
3
766632672 523267979
3
766632672 523267979
3
766632672 523267979
3
766632672 523267979
3
766632672 523267979
3
766632672 523267979
3
766632672 523267979
3
766632672 523267979
3
766632672 523267979
3
766632672 523267979
3
766632672 523267979
3
766632672 523267979
3
766632672 523267979
3
766632672 523267979
3
766632672 523267979
3
766632672 523267979
3
766632672 523267979
3
766632672 523267979
3
766632672 523267979
3
766632672 523267979
3
766632672 523267979
3
766632672 523267979
3
766632672 523267979
3
766632672 523267979
3
766632672 523267979
3
766632672 523267979
3
766632672 523267979
3
766632672 523267979
3
675090050 42835078
3
675090050 42835078
3
675090050 42835078
3
675090050 42835078
3
675090050 42835078
3
675090050 42835078
3
675090050 42835078
3
675090050 42835078
3
675090050 42835078
3
675090050 42835078
3
675090050 42835078
3
675090050 42835078
3
675090050 42835078
3
675090050 42835078
3
675090050 42835078
3
675090050 42835078
3
675090050 42835078
3
283546898 311983179
3
283546898 311983179
3
976845614 732053953
3
976845614 732053953
3
976845614 732053953
3
976845614 732053953
3
976845614 732053953
3
976845614 732053953
3
976845614 732053953
3
976845614 732053953
3
976845614 732053953
3
976845614 732053953
3
976845614 732053953
3
976845614 732053953
3
976845614 732053953
3
976845614 732053953
3
976845614 732053953
3
976845614 732053953
3
976845614 732053953
3
976845614 732053953
3
976845614 732053953
3
976845614 732053953
3
976845614 732053953
3
976845614 732053953
3
976845614 732053953
3
976845614 732053953
3
976845614 732053953
3
976845614 732053953
3
976845614 732053953
3
976845614 732053953
3
976845614 732053953
3
976845614 732053953
3
976845614 732053953
3
976845614 732053953
3
976845614 732053953
3
976845614 732053953
3
976845614 732053953
3
976845614 732053953
4
444291248 179761862
4
444291248 179761862
4
444291248 179761862
4
444291248 179761862
4
444291248 179761862
4
444291248 179761862
4
444291248 179761862
4
444291248 179761862
4
444291248 179761862
4
444291248 179761862
4
444291248 179761862
4
444291248 179761862
4
444291248 179761862
4
444291248 179761862
4
444291248 179761862
4
444291248 179761862
4
444291248 179761862
4
444291248 179761862
4
444291248 179761862
4
444291248 179761862
4
444291248 179761862
4
444291248 179761862
4
444291248 179761862
4
444291248 179761862
4
444291248 179761862
4
444291248 179761862
4
444291248 179761862
4
444291248 179761862
4
444291248 179761862
4
444291248 179761862
4
444291248 179761862
4
444291248 179761862
4
444291248 179761862
4
444291248 179761862
4
444291248 179761862
4
444291248 179761862
4
444291248 179761862
4
444291248 179761862
4
444291248 179761862
4
444291248 179761862
4
444291248 179761862
4
444291248 179761862
4
444291248 179761862
4
444291248 179761862
4
444291248 179761862
4
444291248 179761862
4
444291248 179761862
4
444291248 179761862
4
444291248 179761862
4
444291248 179761862
4
444291248 179761862
5
384926077 975757253
5
384926077 975757253
5
384926077 975757253
5
384926077 975757253
5
384926077 975757253
5
384926077 975757253
5
384926077 975757253
5
384926077 975757253
5
384926077 975757253
5
384926077 975757253
5
384926077 975757253
5
384926077 975757253
5
384926077 975757253
5
384926077 975757253
5
384926077 975757253
5
384926077 975757253
5
384926077 975757253
5
384926077 975757253
5
384926077 975757253
5
598265628 49037729
5
598265628 49037729
5
598265628 49037729
5
598265628 49037729
5
598265628 49037729
5
598265628 49037729
5
598265628 49037729
5
598265628 49037729
5
598265628 49037729
5
598265628 49037729
5
598265628 49037729
5
598265628 49037729
5
598265628 49037729
5
598265628 49037729
5
598265628 49037729
5
598265628 49037729
5
598265628 49037729
5
598265628 49037729
5
598265628 49037729
5
598265628 49037729
5
598265628 49037729
5
598265628 49037729
5
598265628 49037729
5
598265628 49037729
5
598265628 49037729
5
598265628 49037729
5
598265628 49037729
5
598265628 49037729
5
598265628 49037729
5
598265628 49037729
5
598265628 49037729
5
598265628 49037729
5
598265628 49037729
5
598265628 49037729
5
598265628 49037729
5
598265628 49037729
5
598265628 49037729
5
598265628 49037729
5
598265628 49037729
5
598265628 49037729
5
598265628 49037729
5
598265628 49037729
5
598265628 49037729
5
598265628 49037729
5
598265628 49037729
5
598265628 49037729
5
598265628 49037729
5
598265628 49037729
5
598265628 49037729
5
598265628 49037729
5
598265628 49037729
5
598265628 49037729
5
598265628 49037729
5
598265628 49037729
5
598265628 49037729
5
598265628 49037729
5
598265628 49037729
5
598265628 49037729
5
598265628 49037729
5
598265628 49037729
5
598265628 49037729
5
598265628 49037729
5
598265628 49037729
5
598265628 49037729
5
598265628 49037729
5
598265628 49037729
5
598265628 49037729
5
598265628 49037729
5
598265628 49037729
5
598265628 49037729
5
598265628 49037729
5
598265628 49037729
5
598265628 49037729
5
598265628 49037729
5
598265628 49037729
5
598265628 49037729
5
598265628 49037729
5
598265628 49037729
5
598265628 49037729
5
598265628 49037729
5
598265628 49037729
5
598265628 49037729
5
598265628 49037729
5
598265628 49037729
5
598265628 49037729
5
598265628 49037729
5
598265628 49037729
5
598265628 49037729
5
598265628 49037729
5
598265628 49037729
5
598265628 49037729
5
598265628 49037729
5
598265628 49037729
5
598265628 49037729
5
598265628 49037729
5
598265628 49037729
5
598265628 49037729
5
598265628 49037729
5
598265628 49037729
5
598265628 49037729
5
598265628 49037729
5
598265628 49037729
5
598265628 49037729
5
598265628 49037729
5
598265628 49037729
5
598265628 49037729
5
598265628 49037729
5
598265628 49037729
5
598265628 49037729
5
598265628 49037729
