-1
-1 -1
-1
-1 -1
-1
-1 -1
0
129690037 509092891
0
129690037 130615878
1
651517991 130615878
1
651517991 130615878
1
651517991 130615878
1
651517991 130615878
1
651517991 130615878
1
50436900 130615878
1
50436900 130615878
1
50436900 130615878
1
50436900 130615878
2
336016258 357139776
2
336016258 357139776
2
336016258 357139776
2
336016258 357139776
2
336016258 357139776
2
336016258 357139776
2
336016258 357139776
2
336016258 357139776
2
336016258 357139776
2
336016258 357139776
2
336016258 357139776
2
336016258 357139776
2
336016258 357139776
2
336016258 357139776
2
336016258 357139776
2
336016258 357139776
2
336016258 357139776
2
336016258 357139776
2
336016258 357139776
2
336016258 357139776
2
336016258 357139776
2
336016258 357139776
2
336016258 357139776
2
336016258 357139776
2
151635212 108531143
2
151635212 108531143
2
151635212 108531143
2
151635212 108531143
2
151635212 108531143
2
151635212 108531143
2
151635212 108531143
2
151635212 108531143
2
151635212 108531143
2
820803208 170772925
2
820803208 170772925
2
820803208 170772925
2
820803208 170772925
2
820803208 170772925
2
820803208 170772925
2
820803208 170772925
2
820803208 170772925
2
820803208 170772925
2
820803208 170772925
2
820803208 170772925
2
820803208 170772925
2
820803208 170772925
2
820803208 170772925
2
820803208 170772925
2
820803208 170772925
2
820803208 170772925
2
820803208 170772925
2
820803208 170772925
2
820803208 170772925
2
820803208 170772925
2
820803208 170772925
2
820803208 170772925
2
820803208 170772925
3
151635212 773622091
3
151635212 773622091
3
151635212 773622091
3
151635212 773622091
3
151635212 773622091
3
151635212 773622091
3
151635212 773622091
3
151635212 773622091
3
151635212 773622091
3
151635212 773622091
3
808781413 866623684
3
808781413 866623684
3
808781413 866623684
3
808781413 866623684
3
808781413 866623684
3
808781413 866623684
3
808781413 866623684
3
808781413 866623684
