-1
-1 -1
-1
-1 -1
-1
-1 -1
-1
-1 -1
0
380669117 387097595
0
152280646 387097595
0
152280646 387097595
0
152280646 216937641
0
152280646 216937641
0
152280646 216937641
0
152280646 216937641
1
154166682 216937641
1
154166682 216937641
1
154166682 216937641
1
154166682 216937641
1
303812530 924340583
1
303812530 924340583
1
303812530 924340583
2
380669117 357845054
2
380669117 357845054
2
380669117 357845054
2
380669117 357845054
2
380669117 357845054
2
380669117 357845054
2
380669117 357845054
2
380669117 357845054
2
380669117 357845054
2
380669117 357845054
2
380669117 357845054
2
380669117 24629940
2
380669117 24629940
2
380669117 24629940
2
152280646 666378264
2
152280646 666378264
2
152280646 666378264
2
152280646 666378264
2
152280646 666378264
2
152280646 666378264
2
152280646 666378264
2
152280646 666378264
2
661935089 18481956
2
661935089 18481956
2
661935089 18481956
2
661935089 18481956
2
661935089 18481956
2
661935089 18481956
2
661935089 18481956
2
661935089 18481956
2
661935089 18481956
2
661935089 18481956
2
661935089 18481956
3
142846949 369306226
3
142846949 369306226
3
142846949 369306226
3
142846949 369306226
3
142846949 369306226
3
142846949 369306226
3
142846949 369306226
3
142846949 369306226
3
142846949 369306226
3
142846949 369306226
3
142846949 369306226
3
142846949 369306226
