-1
-1 -1
-1
-1 -1
0
51276314 925879162
0
51276314 925879162
0
51276314 925879162
0
51276314 925879162
0
51276314 925879162
0
51276314 440510887
0
51276314 440510887
1
88425520 440510887
1
88425520 440510887
1
88425520 440510887
1
88425520 440510887
1
88425520 440510887
1
329164445 749814660
1
329164445 749814660
1
329164445 232020378
1
329164445 232020378
2
334750692 512933727
2
334750692 512933727
2
334750692 512933727
2
334750692 512933727
2
334750692 512933727
2
334750692 512933727
2
334750692 512933727
2
334750692 512933727
2
334750692 512933727
2
334750692 512933727
2
334750692 512933727
2
334750692 512933727
