-1
-1 -1
-1
-1 -1
-1
-1 -1
1
917372085 833846478
2
678312057 879652037
2
678312057 879652037
2
678312057 879652037
2
678312057 879652037
2
678312057 879652037
2
678312057 879652037
2
678312057 879652037
2
678312057 879652037
2
678312057 879652037
2
678312057 879652037
2
678312057 879652037
2
678312057 879652037
2
678312057 879652037
2
678312057 879652037
2
553841633 521962761
2
553841633 521962761
2
553841633 521962761
2
553841633 521962761
2
553841633 521962761
2
553841633 521962761
2
553841633 521962761
2
553841633 521962761
2
553841633 521962761
2
199822766 355379815
2
199822766 355379815
2
199822766 355379815
2
199822766 355379815
2
199822766 355379815
2
199822766 355379815
2
199822766 355379815
2
199822766 355379815
2
199822766 355379815
2
199822766 355379815
2
199822766 355379815
2
199822766 355379815
2
199822766 355379815
2
199822766 44800790
2
199822766 44800790
2
199822766 44800790
2
199822766 44800790
2
199822766 44800790
2
199822766 44800790
2
725180687 943308637
2
725180687 943308637
3
941693235 44800790
3
941693235 44800790
3
941693235 44800790
3
941693235 44800790
3
941693235 44800790
3
941693235 44800790
3
941693235 44800790
3
941693235 44800790
3
941693235 44800790
3
941693235 44800790
3
941693235 44800790
3
941693235 44800790
3
941693235 44800790
3
941693235 44800790
3
941693235 44800790
3
941693235 44800790
3
941693235 44800790
3
941693235 44800790
3
941693235 44800790
3
941693235 44800790
3
941693235 44800790
3
941693235 44800790
3
941693235 44800790
3
941693235 44800790
3
941693235 44800790
3
941693235 44800790
3
941693235 44800790
3
941693235 44800790
3
941693235 44800790
3
941693235 44800790
3
941693235 44800790
3
941693235 44800790
3
941693235 44800790
3
941693235 44800790
3
941693235 44800790
3
941693235 44800790
3
941693235 44800790
3
941693235 44800790
3
941693235 44800790
3
941693235 44800790
3
941693235 44800790
3
941693235 44800790
3
941693235 44800790
3
941693235 44800790
3
941693235 44800790
3
941693235 44800790
3
941693235 44800790
3
941693235 44800790
3
941693235 44800790
3
941693235 44800790
3
941693235 44800790
3
941693235 44800790
3
941693235 44800790
3
941693235 44800790
3
941693235 44800790
3
941693235 44800790
