-1
-1 -1
0
514507306 76811510
0
51919993 76811510
2
51919993 42522690
2
51919993 42522690
2
51919993 42522690
2
51919993 42522690
2
51919993 42522690
2
51919993 42522690
2
51919993 42522690
2
51919993 42522690
2
51919993 42522690
2
51919993 42522690
2
51919993 42522690
2
51919993 42522690
2
51919993 42522690
2
51919993 42522690
2
51919993 42522690
2
51919993 42522690
2
51919993 42522690
2
51919993 42522690
2
51919993 42522690
2
51919993 42522690
2
716730914 1332451
2
716730914 1332451
2
716730914 1332451
2
716730914 1332451
2
716730914 1332451
2
716730914 1332451
2
716730914 1332451
2
716730914 1332451
2
716730914 1332451
2
716730914 1332451
2
716730914 1332451
2
700793092 143548209
2
700793092 143548209
2
248037896 101025519
2
248037896 101025519
2
248037896 101025519
2
248037896 101025519
2
248037896 101025519
2
248037896 101025519
2
248037896 101025519
2
248037896 101025519
2
248037896 101025519
2
248037896 101025519
2
248037896 101025519
2
248037896 101025519
2
248037896 101025519
