-1
-1 -1
-1
-1 -1
-1
-1 -1
0
45638967 519136746
0
45638967 519136746
0
45638967 519136746
0
45638967 519136746
1
474805990 436455131
1
474805990 436455131
1
474805990 436455131
1
474805990 436455131
1
416153766 436455131
1
416153766 436455131
1
416153766 436455131
1
416153766 436455131
1
416153766 436455131
1
416153766 436455131
1
416153766 436455131
1
416153766 436455131
1
416153766 436455131
1
416153766 436455131
1
416153766 436455131
2
45638967 146935498
2
45638967 146935498
2
45638967 146935498
2
45638967 146935498
2
45638967 146935498
2
45638967 146935498
