



1 2500 5000 

1 2500 




1 2500 5000 







1 2500 5000 

2500 5000 
5000 
1 2500 







1 2500 5000 



1 2500 

1 5000 
1 5000 





1 2500 


1 5000 





1 2500 5000 

1 2500 5000 
1 2500 5000 
1 2500 5000 
2500 
2500 5000 




1 2500 5000 
1 2500 

1 
1 5000 




2500 5000 



1 2500 5000 
2500 5000 





1 2500 5000 







5000 









74 103 154 342 355 534 744 779 841 870 894 937 974 1116 1204 1288 1363 1474 1510 1616 1651 1710 1965 1978 1980 1982 1986 2065 2103 2124 2156 2291 2293 2406 2444 2524 2603 2636 2673 2678 2680 2692 2722 2733 2853 2923 2932 2943 2946 2975 2987 3031 3039 3150 3245 3356 3403 3480 3483 3520 3548 3591 3604 3614 3668 3673 3688 3753 3807 4004 4034 4072 4130 4305 4412 4510 4601 4657 4676 4687 4742 4798 4983 4997 



1 5000 

1 2500 5000 









1 2500 5000 





1 2500 5000 
5000 










1 2500 5000 


1 2500 5000 



1 2500 5000 
2500 













1 5000 

2500 


2500 5000 
1 2500 5000 
1 2500 5000 







1 2500 5000 
1 2500 


2500 5000 




1 5000 





1 2500 5000 









2500 5000 

1 5000 
1 2500 5000 








1 2500 

1 2500 5000 
2500 5000 


1 2500 



1 



1 
1 2500 5000 














1 2500 



1 2500 5000 
1 2500 5000 





1 5000 

1 2500 5000 



2500 5000 


