




1 


5000 

5000 







1 5000 



1 2500 
2500 

1 2500 5000 














1 2500 



5000 




1 








1 
5000 
2500 





















1 5000 

1 















1 




5000 
1 


2500 

5000 



























2500 

2500 






2500 








56 108 287 635 889 1080 1257 1342 1792 1897 2342 2586 2774 2874 2905 3002 3016 3026 3040 3277 4072 4147 4163 4221 4253 4509 4601 4707 








5000 











1 


















2500 5000 



1 2500 


5000 


2500 5000 












1 5000 





2500 















2500 5000 
5000 
2500 


1 





1 

2500 




