
2500 5000 





2500 





1 5000 
5000 


5000 


2500 
2500 5000 








1 2500 5000 

1 5000 










2500 








2500 


1 5000 










1 5000 









5000 
1 








5000 



1 2500 5000 
1 2500 5000 




1 5000 
1 


1 2500 









1 2500 5000 








5000 




1 

5000 



5000 





1 5000 






2500 5000 




1 








1 5000 





2500 



2500 5000 




45 87 116 192 339 346 580 710 853 1042 1108 1272 1302 1359 1627 1639 1836 1840 1910 1921 1975 2090 2184 2212 2307 2421 2435 2624 2644 2658 3232 3353 3372 3444 3563 3569 3577 3618 3828 3880 3922 3937 3950 4168 4188 4224 4251 4274 4374 4413 4571 4603 4609 4650 4661 4802 








2500 


1 



1 2500 

1 2500 





2500 5000 






1 2500 




2500 


1 2500 
2500 5000 

1 2500 5000 
1 


1 

1 2500 



5000 
2500 5000 
1 5000 


1 2500 5000 






2500 

1 
1 2500 5000 




1 2500 
1 2500 



1 2500 5000 





2500 5000 




