-1
-1 -1
-1
-1 -1
-1
-1 -1
0
977026130 252008648
1
217505837 901087509
1
217505837 901087509
2
977026130 87280882
2
977026130 87280882
2
977026130 87280882
2
217505837 380348806
2
977026130 87280882
2
977026130 87280882
2
977026130 87280882
2
977026130 87280882
2
977026130 87280882
2
977026130 87280882
2
977026130 87280882
2
977026130 87280882
2
977026130 87280882
2
977026130 87280882
2
977026130 87280882
2
169838883 87280882
2
169838883 87280882
2
169838883 87280882
2
169838883 87280882
2
169838883 87280882
2
169838883 87280882
2
169838883 87280882
2
169838883 87280882
2
169838883 87280882
2
169838883 87280882
2
169838883 87280882
2
169838883 87280882
2
169838883 87280882
2
169838883 87280882
2
521641069 192299382
2
521641069 192299382
2
521641069 192299382
2
169838883 87280882
2
169838883 87280882
2
169838883 87280882
2
169838883 87280882
2
445271812 469097315
2
445271812 469097315
2
234593909 469097315
2
234593909 469097315
2
234593909 469097315
2
234593909 469097315
2
234593909 469097315
2
234593909 469097315
2
234593909 469097315
2
234593909 469097315
2
234593909 469097315
2
234593909 469097315
2
911968975 62084352
2
911968975 62084352
2
911968975 62084352
2
911968975 62084352
2
911968975 62084352
3
521641069 741059672
3
521641069 741059672
3
521641069 741059672
3
521641069 741059672
3
521641069 741059672
3
521641069 741059672
3
521641069 741059672
3
383383161 153042780
3
383383161 153042780
3
383383161 153042780
3
383383161 153042780
3
383383161 153042780
3
383383161 153042780
3
383383161 153042780
3
383383161 153042780
3
383383161 153042780
3
383383161 153042780
3
383383161 153042780
3
383383161 153042780
3
383383161 153042780
3
383383161 153042780
3
383383161 153042780
3
383383161 153042780
3
383383161 153042780
3
383383161 153042780
3
383383161 153042780
3
383383161 153042780
3
383383161 153042780
3
383383161 153042780
3
383383161 153042780
3
383383161 153042780
3
383383161 153042780
3
383383161 153042780
3
383383161 153042780
3
383383161 153042780
3
383383161 153042780
3
383383161 153042780
3
383383161 153042780
3
383383161 153042780
3
383383161 153042780
3
383383161 153042780
3
32395038 44093712
3
32395038 44093712
3
32395038 44093712
4
234593909 662644402
4
234593909 662644402
4
242544775 684805822
4
242544775 684805822
4
242544775 684805822
4
242544775 684805822
4
242544775 684805822
4
242544775 684805822
4
242544775 684805822
4
242544775 684805822
4
242544775 684805822
4
242544775 684805822
4
242544775 684805822
4
242544775 684805822
4
242544775 684805822
5
691338511 975379199
5
691338511 975379199
5
691338511 975379199
5
691338511 975379199
5
691338511 975379199
5
691338511 975379199
5
691338511 975379199
5
691338511 975379199
5
691338511 975379199
5
691338511 975379199
5
691338511 975379199
5
691338511 975379199
5
691338511 975379199
5
691338511 975379199
5
691338511 975379199
5
691338511 975379199
5
691338511 975379199
5
691338511 975379199
5
691338511 975379199
5
691338511 975379199
5
691338511 975379199
5
691338511 975379199
5
691338511 975379199
5
691338511 975379199
5
691338511 975379199
5
691338511 975379199
5
691338511 975379199
5
691338511 975379199
5
691338511 975379199
5
691338511 975379199
5
691338511 975379199
5
691338511 975379199
5
691338511 975379199
5
691338511 975379199
5
691338511 975379199
5
691338511 975379199
5
691338511 975379199
5
691338511 975379199
5
691338511 975379199
5
691338511 975379199
5
691338511 975379199
5
691338511 975379199
5
691338511 975379199
5
691338511 975379199
5
691338511 975379199
5
691338511 975379199
5
691338511 975379199
5
691338511 975379199
5
691338511 975379199
5
691338511 975379199
5
691338511 975379199
5
691338511 975379199
5
691338511 975379199
5
691338511 975379199
5
691338511 975379199
5
691338511 975379199
5
691338511 975379199
5
691338511 975379199
5
691338511 975379199
5
691338511 975379199
5
691338511 975379199
5
691338511 975379199
5
691338511 975379199
5
691338511 975379199
5
691338511 975379199
5
691338511 975379199
5
691338511 975379199
5
691338511 975379199
5
691338511 975379199
5
691338511 975379199
5
691338511 975379199
5
691338511 975379199
5
691338511 975379199
5
691338511 975379199
5
691338511 975379199
5
691338511 975379199
5
691338511 975379199
5
691338511 975379199
5
691338511 975379199
5
691338511 975379199
5
691338511 975379199
5
691338511 975379199
5
691338511 975379199
5
691338511 975379199
5
691338511 975379199
5
691338511 975379199
5
691338511 975379199
5
691338511 975379199
5
691338511 975379199
5
691338511 975379199
5
691338511 975379199
5
691338511 975379199
5
691338511 975379199
5
691338511 975379199
5
691338511 975379199
5
691338511 975379199
5
691338511 975379199
5
691338511 975379199
5
691338511 975379199
5
691338511 975379199
5
691338511 975379199
5
691338511 975379199
5
691338511 975379199
5
691338511 975379199
5
691338511 975379199
5
691338511 975379199
5
691338511 975379199
5
691338511 975379199
5
691338511 975379199
5
691338511 975379199
5
691338511 975379199
5
691338511 975379199
5
691338511 975379199
5
691338511 975379199
5
691338511 975379199
5
691338511 975379199
5
691338511 975379199
5
691338511 975379199
5
691338511 975379199
5
691338511 975379199
5
691338511 975379199
5
691338511 975379199
5
691338511 975379199
5
691338511 975379199
5
691338511 975379199
5
691338511 975379199
5
691338511 975379199
5
691338511 975379199
5
691338511 975379199
5
691338511 975379199
5
691338511 975379199
5
691338511 975379199
5
936524072 103566132
5
936524072 103566132
5
936524072 103566132
4
579656827 584672157
4
579656827 584672157
4
579656827 584672157
4
579656827 584672157
4
579656827 584672157
4
579656827 584672157
4
579656827 584672157
4
403146867 507412429
4
403146867 507412429
4
403146867 507412429
4
403146867 507412429
4
403146867 507412429
4
403146867 507412429
4
403146867 507412429
4
403146867 507412429
4
403146867 507412429
4
403146867 507412429
4
403146867 507412429
4
403146867 507412429
4
403146867 507412429
4
403146867 507412429
4
403146867 507412429
4
403146867 507412429
4
403146867 507412429
4
403146867 507412429
4
403146867 507412429
4
403146867 507412429
4
403146867 507412429
4
403146867 507412429
4
403146867 507412429
4
403146867 507412429
4
403146867 507412429
4
403146867 507412429
4
403146867 507412429
4
403146867 507412429
4
403146867 507412429
4
403146867 507412429
4
403146867 507412429
4
403146867 507412429
4
403146867 507412429
4
403146867 507412429
4
403146867 507412429
4
403146867 507412429
4
403146867 507412429
4
403146867 507412429
4
403146867 507412429
4
403146867 507412429
4
403146867 507412429
4
403146867 507412429
4
403146867 507412429
4
403146867 507412429
4
403146867 507412429
4
403146867 507412429
4
403146867 507412429
4
403146867 507412429
4
403146867 507412429
4
403146867 507412429
4
403146867 507412429
4
403146867 507412429
4
403146867 507412429
4
403146867 507412429
4
403146867 507412429
4
403146867 507412429
4
403146867 507412429
4
403146867 507412429
4
403146867 507412429
4
403146867 507412429
4
403146867 507412429
4
403146867 507412429
4
403146867 507412429
4
403146867 507412429
4
403146867 507412429
4
403146867 507412429
4
403146867 507412429
4
403146867 507412429
4
403146867 507412429
4
403146867 507412429
4
403146867 507412429
4
784097626 178281386
4
784097626 178281386
4
784097626 178281386
4
784097626 178281386
4
784097626 178281386
4
784097626 178281386
4
784097626 178281386
4
784097626 178281386
4
784097626 178281386
4
784097626 178281386
4
784097626 178281386
4
784097626 178281386
4
784097626 178281386
4
784097626 178281386
4
784097626 178281386
4
784097626 178281386
4
784097626 178281386
4
784097626 178281386
4
784097626 178281386
4
46027562 939530025
4
46027562 939530025
4
46027562 939530025
4
46027562 939530025
4
46027562 939530025
4
46027562 939530025
4
46027562 939530025
4
46027562 939530025
4
46027562 939530025
4
46027562 939530025
4
46027562 939530025
4
46027562 939530025
3
822515701 871253496
3
822515701 871253496
3
822515701 871253496
3
822515701 871253496
3
822515701 871253496
3
822515701 871253496
3
822515701 871253496
3
822515701 871253496
3
822515701 871253496
3
822515701 871253496
3
822515701 871253496
3
822515701 871253496
3
822515701 871253496
3
822515701 871253496
3
822515701 871253496
2
101271691 115940816
2
101271691 115940816
2
101271691 115940816
2
101271691 115940816
2
101271691 115940816
2
101271691 115940816
2
101271691 115940816
2
101271691 465628344
2
101271691 465628344
2
101271691 465628344
2
101271691 465628344
2
101271691 465628344
2
101271691 465628344
2
101271691 465628344
2
101271691 465628344
2
101271691 465628344
2
101271691 465628344
2
101271691 465628344
2
101271691 465628344
2
101271691 465628344
2
101271691 465628344
2
101271691 465628344
2
101271691 465628344
2
32599566 241930902
2
32599566 241930902
2
32599566 241930902
2
662777648 241930902
2
662777648 241930902
2
662777648 241930902
1
932605133 833302859
0
46027562 367650115
0
610376235 367650115
0
610376235 367650115
0
643880268 367650115
-1
-1 -1
-1
-1 -1
-1
-1 -1
