-1
-1 -1
-1
-1 -1
0
51436055 963254459
0
51436055 908554455
3
878882021 963254459
3
878882021 963254459
3
878882021 963254459
3
878882021 963254459
3
878882021 963254459
3
878882021 963254459
3
878882021 963254459
3
878882021 963254459
1
878882021 76774798
1
878882021 76774798
1
878882021 76774798
1
878882021 76774798
1
878882021 76774798
1
878882021 76774798
1
310387622 76774798
1
310387622 76774798
1
878882021 76774798
2
902239556 70968886
2
902239556 70968886
4
878882021 785512173
4
878882021 785512173
4
878882021 785512173
4
878882021 785512173
4
878882021 785512173
4
878882021 785512173
4
878882021 785512173
4
878882021 785512173
4
878882021 785512173
4
878882021 785512173
4
878882021 785512173
4
878882021 785512173
4
878882021 785512173
4
878882021 785512173
4
878882021 785512173
4
878882021 785512173
4
878882021 785512173
4
878882021 785512173
4
878882021 785512173
4
262164592 339860172
4
262164592 339860172
4
262164592 339860172
4
262164592 339860172
4
262164592 339860172
4
262164592 339860172
4
262164592 339860172
4
262164592 339860172
4
262164592 339860172
4
262164592 339860172
4
262164592 339860172
4
262164592 339860172
4
262164592 339860172
4
262164592 339860172
4
262164592 339860172
4
262164592 339860172
4
262164592 339860172
4
262164592 339860172
4
262164592 339860172
4
262164592 339860172
4
262164592 339860172
4
878882021 785512173
4
878882021 785512173
4
878882021 785512173
4
878882021 785512173
3
854928912 916812221
3
854928912 916812221
3
854928912 916812221
3
854928912 916812221
3
854928912 916812221
3
854928912 916812221
3
854928912 916812221
3
854928912 916812221
3
854928912 916812221
3
854928912 916812221
2
262164592 766749734
2
829628233 49994360
2
829628233 49994360
2
82880451 80205226
2
82880451 80205226
2
82880451 80205226
2
82880451 80205226
2
82880451 80205226
2
82880451 80205226
2
82880451 80205226
2
82880451 80205226
2
641669243 70968886
2
641669243 70968886
2
641669243 70968886
2
641669243 70968886
2
641669243 70968886
2
641669243 70968886
2
641669243 70968886
2
641669243 70968886
2
641669243 70968886
0
743227420 49994360
-1
-1 -1
-1
-1 -1
-1
-1 -1
-1
-1 -1
-1
-1 -1
-1
-1 -1
-1
-1 -1
-1
-1 -1
-1
-1 -1
-1
-1 -1
