-1
-1 -1
0
706589662 541830479
1
706589662 45780943
1
706589662 45780943
1
706589662 45780943
1
706589662 45780943
0
706589662 7060135
0
706589662 427311631
0
706589662 427311631
0
706589662 427311631
-1
-1 -1
0
287508957 427311631
0
287508957 427311631
0
287508957 427311631
2
150933634 541830479
2
150933634 541830479
2
869248206 795046558
2
869248206 795046558
2
869248206 795046558
2
869248206 795046558
2
869248206 795046558
2
869248206 795046558
2
150933634 541830479
2
150933634 541830479
2
150933634 541830479
2
150933634 541830479
2
150933634 541830479
2
150933634 541830479
2
150933634 541830479
2
150933634 541830479
2
150933634 541830479
1
288208110 932008113
1
288208110 932008113
1
288208110 932008113
1
288208110 932008113
2
287508957 39908013
2
287508957 39908013
2
174950909 764658996
2
174950909 764658996
2
174950909 764658996
2
174950909 764658996
2
174950909 764658996
2
174950909 764658996
2
174950909 764658996
2
174950909 764658996
2
174950909 764658996
3
615555620 64517723
3
615555620 64517723
3
615555620 64517723
3
615555620 64517723
3
615555620 64517723
3
615555620 64517723
3
615555620 64517723
3
615555620 64517723
3
615555620 64517723
3
615555620 64517723
2
834733453 336544996
2
834733453 336544996
2
834733453 336544996
1
29952766 796900543
1
29952766 796900543
1
29952766 796900543
1
29952766 796900543
0
29952766 64517723
-1
-1 -1
-1
-1 -1
-1
-1 -1
-1
-1 -1
-1
-1 -1
-1
-1 -1
-1
-1 -1
-1
-1 -1
