-1
-1 -1
-1
-1 -1
-1
-1 -1
0
706627443 938616208
2
706627443 556610336
2
706627443 556610336
2
706627443 556610336
2
706627443 556610336
2
706627443 556610336
2
240575255 556610336
2
240575255 556610336
2
240575255 556610336
2
807299241 383002596
2
807299241 383002596
2
807299241 383002596
2
807299241 383002596
2
807299241 383002596
2
807299241 383002596
2
807299241 383002596
2
807299241 383002596
2
807299241 383002596
2
807299241 383002596
2
240575255 556610336
2
240575255 556610336
2
240575255 556610336
2
240575255 556610336
2
240575255 556610336
2
240575255 556610336
-1
-1 -1
-1
-1 -1
-1
-1 -1
-1
-1 -1
