-1
-1 -1
0
432474153 767768014
0
432474153 767768014
0
432474153 767768014
0
309670642 767768014
0
309670642 138264844
0
309670642 138264844
0
309670642 138264844
0
309670642 138264844
0
309670642 138264844
1
114866422 767768014
1
114866422 767768014
1
114866422 767768014
1
114866422 101889869
1
114866422 101889869
1
114866422 101889869
1
114866422 101889869
2
114866422 556655529
2
114866422 556655529
2
114866422 556655529
2
114866422 556655529
2
114866422 556655529
2
114866422 556655529
2
114866422 556655529
2
114866422 556655529
2
114866422 556655529
2
114866422 556655529
2
114866422 556655529
2
114866422 556655529
0
432474153 86314789
0
432474153 86314789
0
706635221 86314789
0
706635221 86314789
0
706635221 35499411
0
706635221 35499411
0
706635221 35499411
0
706635221 35499411
0
706635221 35499411
1
264038124 80665888
2
600779519 101889869
2
600779519 101889869
2
696512276 80665888
2
696512276 80665888
2
696512276 80665888
2
696512276 80665888
2
696512276 80665888
2
696512276 80665888
2
696512276 80665888
2
696512276 80665888
2
696512276 80665888
2
696512276 80665888
2
696512276 80665888
2
696512276 80665888
2
696512276 80665888
2
25819436 980225656
2
25819436 980225656
2
25819436 980225656
2
25819436 980225656
2
817058438 937002733
2
817058438 937002733
3
966070845 937002733
3
966070845 937002733
3
966070845 937002733
3
966070845 937002733
3
966070845 937002733
3
966070845 937002733
3
966070845 937002733
3
966070845 937002733
3
966070845 937002733
3
966070845 937002733
3
966070845 937002733
3
966070845 937002733
3
966070845 937002733
3
966070845 937002733
4
579888361 356032687
4
579888361 356032687
4
579888361 356032687
4
579888361 356032687
4
579888361 356032687
4
579888361 356032687
4
579888361 356032687
4
579888361 356032687
4
579888361 356032687
4
579888361 356032687
4
579888361 356032687
4
579888361 356032687
4
579888361 356032687
4
579888361 356032687
4
579888361 356032687
4
579888361 356032687
4
579888361 356032687
4
579888361 356032687
4
579888361 356032687
4
579888361 356032687
4
579888361 356032687
4
579888361 356032687
4
579888361 356032687
4
579888361 356032687
4
579888361 356032687
4
579888361 356032687
4
579888361 356032687
4
579888361 356032687
4
579888361 356032687
4
579888361 356032687
4
579888361 356032687
4
579888361 356032687
4
579888361 356032687
4
579888361 356032687
4
579888361 356032687
5
199402322 798515476
5
199402322 798515476
5
199402322 798515476
5
199402322 798515476
5
199402322 798515476
5
199402322 798515476
5
199402322 798515476
5
199402322 798515476
5
199402322 798515476
5
199402322 798515476
5
199402322 798515476
5
199402322 798515476
5
199402322 798515476
5
199402322 798515476
5
199402322 798515476
5
199402322 798515476
5
199402322 798515476
5
199402322 798515476
5
199402322 798515476
5
199402322 798515476
5
199402322 798515476
5
199402322 798515476
5
199402322 798515476
5
199402322 798515476
5
199402322 798515476
5
199402322 798515476
5
199402322 798515476
5
199402322 798515476
5
199402322 798515476
5
199402322 798515476
5
199402322 798515476
5
199402322 798515476
5
199402322 798515476
5
199402322 798515476
5
199402322 798515476
5
199402322 798515476
5
199402322 798515476
5
199402322 798515476
5
199402322 798515476
5
199402322 798515476
5
199402322 798515476
5
199402322 798515476
5
199402322 798515476
5
199402322 798515476
5
199402322 798515476
5
199402322 798515476
5
199402322 798515476
5
199402322 798515476
5
199402322 798515476
5
199402322 798515476
5
199402322 798515476
5
199402322 798515476
5
199402322 798515476
5
199402322 798515476
5
199402322 798515476
5
199402322 798515476
5
199402322 798515476
5
199402322 798515476
5
199402322 798515476
5
199402322 798515476
5
199402322 798515476
5
199402322 798515476
5
199402322 798515476
5
199402322 798515476
5
199402322 798515476
5
199402322 798515476
5
199402322 798515476
5
199402322 798515476
5
199402322 798515476
5
199402322 798515476
5
199402322 798515476
5
199402322 798515476
5
199402322 798515476
5
199402322 798515476
5
199402322 798515476
5
199402322 798515476
5
199402322 798515476
5
199402322 798515476
5
199402322 798515476
5
199402322 798515476
5
199402322 798515476
5
199402322 798515476
5
199402322 798515476
4
841424457 787895257
4
841424457 787895257
4
841424457 787895257
4
841424457 787895257
4
841424457 787895257
4
841424457 787895257
4
841424457 787895257
4
841424457 787895257
5
82143025 793925557
5
82143025 793925557
5
82143025 793925557
5
82143025 793925557
5
82143025 793925557
5
82143025 793925557
5
82143025 793925557
5
82143025 793925557
5
82143025 793925557
5
82143025 793925557
5
82143025 793925557
5
82143025 793925557
5
82143025 793925557
5
82143025 793925557
5
82143025 793925557
5
82143025 793925557
5
82143025 793925557
5
82143025 793925557
5
82143025 793925557
5
82143025 793925557
5
82143025 793925557
5
82143025 793925557
5
82143025 793925557
5
82143025 793925557
5
82143025 793925557
5
82143025 793925557
5
82143025 793925557
5
82143025 793925557
5
82143025 793925557
5
82143025 793925557
5
82143025 793925557
5
82143025 793925557
5
82143025 793925557
5
82143025 793925557
5
82143025 793925557
5
82143025 793925557
5
82143025 793925557
5
82143025 793925557
5
82143025 793925557
5
82143025 793925557
5
82143025 793925557
5
82143025 793925557
5
82143025 793925557
5
82143025 793925557
5
82143025 793925557
5
82143025 793925557
5
82143025 793925557
5
82143025 793925557
5
82143025 793925557
5
82143025 793925557
5
82143025 793925557
5
82143025 793925557
5
82143025 793925557
5
82143025 793925557
5
82143025 793925557
5
82143025 793925557
5
82143025 793925557
5
82143025 793925557
5
82143025 793925557
5
82143025 793925557
5
82143025 793925557
5
82143025 793925557
5
82143025 793925557
5
82143025 793925557
5
82143025 793925557
5
82143025 793925557
5
82143025 793925557
5
82143025 793925557
5
82143025 793925557
5
82143025 793925557
5
82143025 793925557
5
82143025 793925557
5
82143025 793925557
5
82143025 793925557
5
82143025 793925557
5
82143025 793925557
5
82143025 793925557
5
82143025 793925557
5
82143025 793925557
5
82143025 793925557
5
82143025 793925557
5
82143025 793925557
5
82143025 793925557
5
82143025 793925557
5
82143025 793925557
5
82143025 793925557
5
82143025 793925557
5
82143025 793925557
5
82143025 793925557
5
82143025 793925557
5
82143025 793925557
5
82143025 793925557
5
82143025 793925557
5
82143025 793925557
5
82143025 793925557
5
82143025 793925557
5
82143025 793925557
5
82143025 793925557
5
82143025 793925557
4
841424457 787895257
4
841424457 787895257
4
841424457 787895257
4
6182917 101462141
4
6182917 101462141
4
579888361 356032687
4
579888361 356032687
4
579888361 356032687
4
579888361 356032687
4
579888361 356032687
4
579888361 356032687
4
579888361 356032687
4
579888361 356032687
4
579888361 356032687
4
579888361 356032687
4
579888361 356032687
4
579888361 356032687
4
579888361 356032687
4
579888361 356032687
4
579888361 356032687
4
579888361 356032687
3
161248071 36782130
3
161248071 36782130
3
161248071 36782130
3
161248071 36782130
3
161248071 36782130
3
161248071 36782130
3
161248071 36782130
3
161248071 36782130
3
161248071 36782130
3
161248071 36782130
3
161248071 36782130
3
161248071 36782130
3
161248071 36782130
3
161248071 36782130
3
161248071 36782130
3
161248071 36782130
3
161248071 36782130
3
161248071 36782130
3
161248071 36782130
3
161248071 36782130
3
161248071 36782130
3
161248071 36782130
3
161248071 36782130
3
161248071 36782130
3
161248071 36782130
3
161248071 36782130
3
161248071 36782130
3
161248071 36782130
3
161248071 36782130
3
161248071 36782130
3
161248071 36782130
3
161248071 36782130
3
161248071 36782130
3
161248071 36782130
3
161248071 36782130
3
161248071 36782130
3
161248071 36782130
3
161248071 36782130
3
161248071 36782130
3
161248071 36782130
3
161248071 36782130
3
161248071 36782130
3
161248071 36782130
3
161248071 36782130
3
261185715 419763198
3
261185715 419763198
3
261185715 419763198
3
261185715 419763198
3
261185715 419763198
3
261185715 419763198
3
261185715 419763198
3
261185715 419763198
3
261185715 419763198
3
261185715 419763198
3
261185715 419763198
3
261185715 419763198
3
261185715 419763198
3
701577191 557597170
3
701577191 557597170
3
701577191 557597170
3
701577191 557597170
3
701577191 557597170
2
170112553 71724556
2
170112553 71724556
2
170112553 71724556
2
170112553 71724556
2
170112553 71724556
2
170112553 71724556
2
170112553 71724556
2
170112553 71724556
2
170112553 71724556
2
170112553 71724556
2
170112553 71724556
2
170112553 71724556
2
170112553 71724556
2
170112553 71724556
2
170112553 71724556
2
170112553 71724556
2
170112553 71724556
2
170112553 71724556
2
170112553 71724556
2
170112553 71724556
2
170112553 71724556
2
170112553 71724556
2
170112553 71724556
2
170112553 71724556
2
170112553 71724556
2
170112553 71724556
2
170112553 71724556
2
170112553 71724556
2
170112553 71724556
2
170112553 71724556
2
6201262 507127370
2
6201262 507127370
2
6201262 507127370
2
6201262 507127370
1
483396176 507127370
1
483396176 507127370
1
483396176 507127370
-1
-1 -1
-1
-1 -1
-1
-1 -1
