-1
-1 -1
0
778545252 291954099
3
411542563 291954099
3
411542563 291954099
3
411542563 291954099
3
411542563 291954099
3
411542563 291954099
3
411542563 291954099
3
411542563 291954099
0
117957938 108007508
0
117957938 108007508
0
117957938 108007508
0
117957938 108007508
0
117957938 108007508
1
799852232 108007508
1
339843407 108007508
0
117957938 579674368
0
117957938 579674368
0
117957938 579674368
0
117957938 579674368
0
117957938 579674368
0
117957938 579674368
-1
-1 -1
0
117957938 988862843
-1
-1 -1
-1
-1 -1
2
117957938 12363798
2
117957938 12363798
2
117957938 12363798
2
117957938 12363798
2
117957938 12363798
2
117957938 12363798
2
117957938 12363798
2
117957938 12363798
2
117957938 12363798
2
117957938 12363798
2
117957938 12363798
2
117957938 12363798
2
117957938 12363798
2
583097385 291143287
2
583097385 291143287
2
583097385 291143287
2
583097385 291143287
2
583097385 291143287
2
583097385 291143287
2
583097385 291143287
2
583097385 291143287
2
583097385 291143287
2
583097385 291143287
2
583097385 291143287
2
583097385 291143287
2
583097385 291143287
2
583097385 291143287
2
583097385 291143287
2
583097385 291143287
2
583097385 291143287
2
583097385 291143287
2
583097385 291143287
3
166941381 517225753
3
166941381 517225753
3
166941381 517225753
3
166941381 517225753
3
166941381 517225753
2
583097385 291143287
2
583097385 291143287
3
391956877 535471252
3
391956877 535471252
3
391956877 535471252
3
391956877 535471252
3
391956877 535471252
3
391956877 535471252
3
391956877 535471252
3
391956877 535471252
4
659894456 19741972
4
659894456 19741972
3
391956877 535471252
3
391956877 535471252
3
391956877 535471252
3
391956877 535471252
3
391956877 535471252
3
391956877 535471252
3
391956877 535471252
3
391956877 535471252
3
391956877 535471252
3
391956877 535471252
2
583097385 291143287
2
583097385 291143287
2
583097385 291143287
2
778545252 110712892
2
778545252 110712892
2
778545252 110712892
-1
-1 -1
-1
-1 -1
-1
-1 -1
-1
-1 -1
-1
-1 -1
-1
-1 -1
-1
-1 -1
-1
-1 -1
-1
-1 -1
-1
-1 -1
-1
-1 -1
-1
-1 -1
-1
-1 -1
-1
-1 -1
-1
-1 -1
-1
-1 -1
-1
-1 -1
