-1
-1 -1
1
61475180 91374249
1
61475180 91374249
1
61475180 91374249
1
61475180 91374249
0
627960499 91374249
0
627960499 91374249
0
627960499 59219540
0
627960499 59219540
0
75231713 59219540
0
627960499 59219540
0
627960499 59219540
0
627960499 7159832
0
129853177 7159832
0
129853177 7159832
0
129853177 7159832
2
168450641 59219540
2
168450641 59219540
1
794643305 7159832
2
423235338 650067546
2
423235338 650067546
2
423235338 650067546
1
129853177 301770909
1
129853177 301770909
1
168450641 711471788
1
168450641 711471788
1
168450641 711471788
1
168450641 711471788
1
168450641 711471788
2
875053705 921783051
2
875053705 921783051
2
875053705 921783051
2
794643305 648495946
2
794643305 648495946
2
794643305 648495946
2
794643305 648495946
2
794643305 648495946
2
794643305 648495946
2
794643305 648495946
2
794643305 648495946
2
794643305 648495946
2
794643305 648495946
2
794643305 648495946
2
794643305 648495946
2
794643305 648495946
2
794643305 648495946
2
794643305 648495946
2
794643305 648495946
2
794643305 648495946
2
794643305 648495946
2
794643305 648495946
2
794643305 648495946
2
794643305 648495946
2
794643305 648495946
2
794643305 648495946
2
794643305 648495946
2
794643305 648495946
2
794643305 648495946
2
794643305 648495946
2
794643305 648495946
2
794643305 648495946
2
794643305 648495946
2
794643305 648495946
1
129853177 301770909
1
129853177 301770909
1
129853177 301770909
1
129853177 301770909
-1
-1 -1
-1
-1 -1
-1
-1 -1
-1
-1 -1
-1
-1 -1
