-1
-1 -1
-1
-1 -1
-1
-1 -1
0
2376679 4102687
0
2376679 4102687
0
2376679 4102687
0
187179366 4102687
2
70116050 775980397
2
70116050 775980397
2
70116050 775980397
2
70116050 775980397
2
70116050 775980397
2
70116050 775980397
2
70116050 775980397
2
70116050 775980397
2
70116050 775980397
2
70116050 775980397
2
70116050 775980397
2
70116050 775980397
2
70116050 775980397
2
70116050 775980397
2
657645071 571910472
2
657645071 571910472
2
657645071 571910472
2
657645071 571910472
2
657645071 571910472
2
657645071 571910472
2
657645071 571910472
2
657645071 571910472
2
70116050 775980397
2
70116050 775980397
2
70116050 775980397
-1
-1 -1
-1
-1 -1
-1
-1 -1
-1
-1 -1
-1
-1 -1
-1
-1 -1
-1
-1 -1
-1
-1 -1
-1
-1 -1
-1
-1 -1
-1
-1 -1
-1
-1 -1
-1
-1 -1
-1
-1 -1
