-1
-1 -1
0
194775095 172712957
0
194775095 172712957
0
194775095 172712957
0
194775095 172712957
0
194775095 172712957
1
843920117 507503790
1
843920117 507503790
1
843920117 507503790
1
591675942 507503790
1
591675942 507503790
1
591675942 507503790
1
591675942 46896205
1
591675942 46896205
1
591675942 46896205
2
904741459 785156176
2
904741459 785156176
2
904741459 785156176
2
904741459 785156176
2
904741459 785156176
2
904741459 785156176
2
904741459 785156176
2
904741459 785156176
2
904741459 785156176
2
904741459 785156176
2
904741459 785156176
2
904741459 785156176
2
597768009 275663339
2
597768009 275663339
2
17398248 866743095
2
17398248 866743095
2
17398248 866743095
2
17398248 866743095
2
17398248 866743095
2
17398248 866743095
2
17398248 866743095
2
17398248 866743095
2
17398248 866743095
2
17398248 866743095
2
17398248 866743095
2
17398248 866743095
2
17398248 866743095
2
113002938 983222112
2
113002938 983222112
2
113002938 983222112
2
113002938 983222112
2
113002938 983222112
2
113002938 983222112
2
113002938 983222112
2
113002938 983222112
2
113002938 983222112
2
113002938 983222112
2
113002938 983222112
2
113002938 983222112
2
113002938 983222112
2
113002938 983222112
2
113002938 983222112
2
113002938 983222112
2
113002938 983222112
2
113002938 983222112
2
113002938 983222112
2
113002938 983222112
2
113002938 983222112
2
113002938 983222112
2
113002938 983222112
2
113002938 983222112
2
113002938 983222112
2
113002938 983222112
2
113002938 983222112
2
113002938 983222112
2
113002938 983222112
2
113002938 983222112
2
113002938 983222112
2
113002938 983222112
2
113002938 983222112
2
113002938 983222112
2
113002938 983222112
2
113002938 983222112
2
113002938 983222112
2
113002938 983222112
2
113002938 983222112
2
113002938 983222112
2
113002938 983222112
2
113002938 983222112
2
56414677 23298464
2
56414677 23298464
2
56414677 23298464
2
56414677 23298464
2
56414677 23298464
2
56414677 23298464
2
56414677 23298464
2
56414677 23298464
3
386065708 79833709
3
386065708 79833709
3
386065708 79833709
3
386065708 79833709
3
386065708 79833709
3
386065708 79833709
3
386065708 79833709
3
386065708 79833709
3
386065708 79833709
3
386065708 79833709
3
386065708 79833709
3
386065708 79833709
3
386065708 79833709
3
386065708 79833709
3
386065708 79833709
3
386065708 79833709
3
386065708 79833709
3
386065708 79833709
3
386065708 79833709
3
386065708 79833709
3
386065708 79833709
3
386065708 79833709
3
386065708 79833709
3
386065708 79833709
3
386065708 79833709
3
386065708 79833709
3
386065708 79833709
3
386065708 79833709
3
386065708 79833709
4
88686080 339445097
4
88686080 339445097
4
88686080 339445097
4
88686080 339445097
4
88686080 339445097
4
88686080 339445097
4
88686080 339445097
4
88686080 339445097
4
88686080 339445097
4
88686080 339445097
4
88686080 339445097
4
88686080 339445097
4
88686080 339445097
4
88686080 339445097
4
88686080 339445097
4
88686080 339445097
4
88686080 339445097
4
88686080 339445097
4
88686080 339445097
4
88686080 339445097
4
88686080 339445097
4
88686080 339445097
4
88686080 339445097
4
88686080 339445097
4
88686080 339445097
4
88686080 339445097
4
88686080 339445097
4
88686080 339445097
4
88686080 339445097
4
88686080 339445097
4
88686080 339445097
4
88686080 339445097
4
88686080 339445097
4
88686080 339445097
4
88686080 339445097
4
88686080 339445097
4
88686080 339445097
4
88686080 339445097
4
88686080 339445097
4
88686080 339445097
4
88686080 339445097
4
88686080 339445097
4
88686080 339445097
4
88686080 339445097
4
274482984 294038358
4
274482984 294038358
4
274482984 294038358
4
274482984 294038358
4
274482984 294038358
4
274482984 294038358
4
274482984 294038358
4
274482984 294038358
4
274482984 294038358
4
274482984 294038358
4
274482984 294038358
4
274482984 294038358
4
274482984 294038358
4
274482984 294038358
4
274482984 294038358
4
274482984 294038358
4
274482984 294038358
4
274482984 294038358
4
274482984 294038358
4
274482984 294038358
4
274482984 294038358
4
274482984 294038358
4
274482984 294038358
4
274482984 294038358
4
274482984 294038358
4
274482984 294038358
4
274482984 294038358
4
274482984 294038358
4
274482984 294038358
4
274482984 294038358
4
274482984 294038358
4
274482984 294038358
4
274482984 294038358
4
274482984 294038358
4
274482984 294038358
4
274482984 294038358
4
274482984 294038358
4
274482984 294038358
4
274482984 294038358
4
274482984 294038358
4
274482984 294038358
4
274482984 294038358
4
274482984 294038358
4
274482984 294038358
4
274482984 294038358
4
274482984 294038358
4
274482984 294038358
4
274482984 294038358
4
274482984 294038358
4
274482984 294038358
4
274482984 294038358
4
274482984 294038358
4
274482984 294038358
4
274482984 294038358
4
274482984 294038358
4
274482984 294038358
4
274482984 294038358
4
274482984 294038358
4
274482984 294038358
4
274482984 294038358
4
274482984 294038358
4
274482984 294038358
4
274482984 294038358
4
274482984 294038358
4
274482984 294038358
4
274482984 294038358
4
274482984 294038358
4
274482984 294038358
4
274482984 294038358
4
274482984 294038358
4
274482984 294038358
4
274482984 294038358
4
274482984 294038358
4
274482984 294038358
4
274482984 294038358
4
274482984 294038358
4
274482984 294038358
4
274482984 294038358
4
274482984 294038358
4
274482984 294038358
4
274482984 294038358
4
274482984 294038358
4
274482984 294038358
4
274482984 294038358
4
274482984 294038358
4
274482984 294038358
4
274482984 294038358
4
274482984 294038358
4
274482984 294038358
4
274482984 294038358
4
274482984 294038358
4
274482984 294038358
4
274482984 294038358
4
274482984 294038358
4
274482984 294038358
4
274482984 294038358
4
274482984 294038358
4
274482984 294038358
4
274482984 294038358
4
274482984 294038358
4
274482984 294038358
4
274482984 294038358
4
274482984 294038358
4
274482984 294038358
4
274482984 294038358
4
274482984 294038358
4
274482984 294038358
4
274482984 294038358
4
274482984 294038358
4
274482984 294038358
4
274482984 294038358
4
274482984 294038358
4
274482984 294038358
4
274482984 294038358
4
274482984 294038358
4
274482984 294038358
4
274482984 294038358
4
274482984 294038358
4
274482984 294038358
4
274482984 294038358
4
274482984 294038358
4
274482984 294038358
4
274482984 294038358
4
274482984 294038358
4
274482984 294038358
4
274482984 294038358
4
274482984 294038358
4
274482984 294038358
4
274482984 294038358
4
274482984 294038358
4
274482984 294038358
4
274482984 294038358
4
274482984 294038358
4
274482984 294038358
4
274482984 294038358
3
15507919 269399509
3
796844334 282696688
2
494463194 776609203
2
494463194 776609203
2
494463194 776609203
2
494463194 776609203
2
494463194 776609203
2
494463194 776609203
2
494463194 776609203
2
494463194 776609203
2
494463194 776609203
2
494463194 776609203
2
494463194 776609203
2
494463194 776609203
2
494463194 776609203
2
494463194 776609203
2
494463194 776609203
2
494463194 776609203
2
494463194 776609203
2
494463194 776609203
2
494463194 776609203
2
494463194 776609203
2
494463194 776609203
2
494463194 776609203
2
494463194 776609203
2
494463194 776609203
2
494463194 776609203
2
394636588 727176996
2
394636588 727176996
2
394636588 727176996
2
394636588 727176996
2
394636588 727176996
2
394636588 727176996
2
394636588 727176996
2
394636588 727176996
2
394636588 727176996
2
394636588 727176996
2
394636588 727176996
2
394636588 727176996
2
394636588 727176996
2
394636588 727176996
2
394636588 727176996
2
394636588 727176996
2
394636588 727176996
2
394636588 727176996
2
394636588 727176996
2
394636588 727176996
2
394636588 727176996
2
394636588 727176996
2
394636588 727176996
2
394636588 727176996
2
394636588 727176996
2
394636588 727176996
2
394636588 727176996
2
394636588 727176996
2
394636588 727176996
2
13553818 996818736
2
13553818 996818736
2
13553818 996818736
2
13553818 996818736
2
13553818 996818736
2
13553818 996818736
2
13553818 996818736
2
13553818 996818736
2
13553818 996818736
2
13553818 996818736
2
13553818 996818736
2
13553818 996818736
2
13553818 996818736
2
13553818 996818736
2
308121661 70197416
2
308121661 70197416
2
308121661 70197416
2
308121661 70197416
2
308121661 70197416
2
308121661 70197416
1
125916286 266650712
1
125916286 266650712
1
12724219 269399509
-1
-1 -1
-1
-1 -1
-1
-1 -1
-1
-1 -1
-1
-1 -1
-1
-1 -1
-1
-1 -1
-1
-1 -1
-1
-1 -1
-1
-1 -1
-1
-1 -1
-1
-1 -1
-1
-1 -1
-1
-1 -1
-1
-1 -1
-1
-1 -1
-1
-1 -1
-1
-1 -1
-1
-1 -1
-1
-1 -1
-1
-1 -1
-1
-1 -1
-1
-1 -1
