-1
-1 -1
-1
-1 -1
2
196068115 685007528
2
196068115 685007528
2
196068115 685007528
2
196068115 685007528
2
196068115 685007528
2
196068115 685007528
2
196068115 685007528
2
196068115 685007528
2
196068115 685007528
2
196068115 685007528
3
789849875 537584214
2
196068115 685007528
2
196068115 685007528
2
196068115 685007528
2
196068115 685007528
2
196068115 685007528
2
196068115 685007528
2
196068115 685007528
2
196068115 685007528
2
196068115 685007528
2
196068115 685007528
2
196068115 685007528
2
196068115 685007528
2
196068115 685007528
2
196068115 685007528
2
196068115 685007528
2
196068115 685007528
2
196068115 685007528
2
196068115 685007528
2
196068115 685007528
2
196068115 685007528
2
196068115 685007528
2
196068115 685007528
2
196068115 685007528
2
196068115 685007528
2
196068115 685007528
2
196068115 685007528
2
196068115 685007528
2
196068115 685007528
2
196068115 685007528
2
196068115 685007528
2
196068115 685007528
2
196068115 685007528
2
196068115 685007528
2
196068115 685007528
2
196068115 685007528
2
196068115 685007528
2
196068115 685007528
2
298088775 101992793
2
298088775 101992793
2
298088775 101992793
2
298088775 101992793
2
298088775 101992793
2
298088775 101992793
2
298088775 101992793
2
298088775 101992793
2
298088775 101992793
2
298088775 101992793
2
298088775 101992793
2
298088775 101992793
2
298088775 101992793
2
298088775 101992793
2
298088775 101992793
2
298088775 101992793
2
298088775 101992793
2
298088775 101992793
2
298088775 101992793
2
298088775 101992793
2
298088775 101992793
3
384435366 447051555
3
384435366 447051555
3
384435366 447051555
2
38250179 37977016
2
38250179 37977016
2
298088775 101992793
2
298088775 101992793
2
298088775 101992793
2
298088775 101992793
2
298088775 101992793
2
298088775 101992793
2
298088775 101992793
2
298088775 101992793
2
298088775 101992793
2
298088775 101992793
2
196068115 685007528
2
196068115 685007528
2
196068115 685007528
2
196068115 685007528
1
646471627 26329074
1
646471627 26329074
1
646471627 26329074
1
646471627 26329074
1
646471627 26329074
1
646471627 26329074
1
646471627 26329074
1
25322563 561602755
1
25322563 561602755
1
25322563 561602755
1
25322563 561602755
1
25322563 561602755
1
25322563 561602755
1
636241688 561602755
1
636241688 561602755
1
636241688 561602755
1
636241688 561602755
-1
-1 -1
-1
-1 -1
-1
-1 -1
-1
-1 -1
-1
-1 -1
-1
-1 -1
-1
-1 -1
