-1
-1 -1
-1
-1 -1
-1
-1 -1
1
248531798 322480888
-1
-1 -1
0
303541623 59755401
0
303541623 59755401
0
303541623 4916639
0
303541623 4916639
0
303541623 4916639
1
788796867 59755401
1
788796867 59755401
1
788796867 59755401
2
530918930 938887694
2
530918930 938887694
1
788796867 59755401
1
788796867 59755401
2
229908122 59755401
2
229908122 59755401
2
229908122 59755401
2
229908122 59755401
2
229908122 59755401
2
229908122 59755401
2
788796867 687953478
2
788796867 687953478
2
788796867 687953478
2
788796867 687953478
2
788796867 687953478
2
788796867 687953478
2
788796867 687953478
2
788796867 687953478
2
788796867 687953478
2
788796867 687953478
2
788796867 687953478
2
788796867 687953478
2
788796867 687953478
2
788796867 687953478
2
788796867 687953478
2
788796867 687953478
2
788796867 687953478
2
788796867 687953478
2
788796867 687953478
2
788796867 687953478
2
788796867 687953478
2
788796867 687953478
1
788796867 59755401
1
788796867 59755401
1
788796867 59755401
1
788796867 460552412
1
788796867 460552412
1
788796867 460552412
1
788796867 460552412
-1
-1 -1
-1
-1 -1
-1
-1 -1
-1
-1 -1
-1
-1 -1
-1
-1 -1
-1
-1 -1
-1
-1 -1
-1
-1 -1
-1
-1 -1
-1
-1 -1
-1
-1 -1
-1
-1 -1
-1
-1 -1
-1
-1 -1
-1
-1 -1
-1
-1 -1
-1
-1 -1
