-1
-1 -1
-1
-1 -1
-1
-1 -1
1
830137192 737854718
1
830137192 737854718
1
830137192 737854718
0
459004671 31883779
1
459004671 213804198
1
459004671 213804198
1
459004671 213804198
1
459004671 213804198
1
459004671 213804198
1
695897509 623104584
2
931573825 737854718
2
931573825 737854718
2
931573825 737854718
2
931573825 737854718
2
931573825 737854718
2
931573825 737854718
2
931573825 737854718
2
931573825 737854718
2
931573825 737854718
2
931573825 737854718
2
931573825 737854718
2
931573825 737854718
2
931573825 737854718
2
931573825 737854718
2
931573825 737854718
2
931573825 737854718
2
931573825 737854718
2
931573825 737854718
2
931573825 737854718
2
931573825 737854718
2
931573825 737854718
0
931573825 31883779
0
931573825 352554180
-1
-1 -1
-1
-1 -1
