-1
-1 -1
-1
-1 -1
-1
-1 -1
-1
-1 -1
0
5302693 384733121
0
5302693 384733121
1
497985153 701607454
1
497985153 701607454
1
497985153 701607454
1
262017003 184766252
1
262017003 184766252
2
409180564 831222994
2
409180564 831222994
2
409180564 831222994
2
409180564 831222994
2
409180564 831222994
2
409180564 831222994
2
409180564 831222994
2
409180564 831222994
2
409180564 831222994
2
409180564 831222994
2
409180564 831222994
2
409180564 831222994
2
128999973 352445945
2
128999973 352445945
2
128999973 352445945
2
128999973 352445945
2
128999973 352445945
1
10815398 15443175
1
10815398 15443175
2
286822448 168852387
2
286822448 168852387
2
286822448 168852387
2
286822448 168852387
2
286822448 168852387
2
286822448 168852387
2
286822448 168852387
2
286822448 168852387
2
286822448 168852387
2
286822448 168852387
2
286822448 168852387
2
286822448 168852387
2
286822448 168852387
2
286822448 168852387
2
286822448 168852387
2
286822448 168852387
2
647975485 466250988
2
647975485 466250988
2
647975485 466250988
2
647975485 466250988
2
647975485 424747913
2
647975485 424747913
2
647975485 424747913
2
647975485 424747913
2
647975485 424747913
2
647975485 424747913
2
647975485 424747913
2
647975485 424747913
2
647975485 424747913
2
647975485 466250988
2
647975485 466250988
3
277320624 15443175
3
277320624 15443175
3
277320624 15443175
3
277320624 15443175
3
277320624 15443175
3
277320624 15443175
3
277320624 15443175
3
277320624 15443175
3
277320624 15443175
3
277320624 15443175
3
277320624 15443175
3
277320624 15443175
3
277320624 15443175
3
277320624 15443175
3
277320624 15443175
3
277320624 15443175
3
277320624 15443175
3
277320624 15443175
3
277320624 15443175
3
277320624 15443175
3
277320624 15443175
3
277320624 15443175
3
277320624 15443175
3
277320624 15443175
3
277320624 15443175
3
277320624 15443175
3
277320624 15443175
3
277320624 15443175
3
277320624 15443175
3
277320624 15443175
3
277320624 15443175
2
277168931 115321489
2
277168931 115321489
2
277168931 115321489
2
277168931 115321489
2
277168931 115321489
2
277168931 115321489
2
277168931 115321489
2
277168931 115321489
2
277168931 115321489
2
277168931 115321489
2
277168931 115321489
2
345148847 200028979
2
345148847 200028979
2
277168931 115321489
3
938538227 131279882
3
938538227 131279882
3
938538227 131279882
3
938538227 131279882
3
938538227 131279882
3
938538227 131279882
3
938538227 131279882
3
938538227 131279882
3
938538227 131279882
3
938538227 131279882
3
938538227 131279882
3
938538227 131279882
3
938538227 131279882
3
938538227 131279882
3
938538227 131279882
3
938538227 131279882
3
938538227 131279882
3
938538227 131279882
3
938538227 131279882
3
938538227 131279882
3
938538227 131279882
3
938538227 131279882
3
938538227 131279882
3
938538227 131279882
3
938538227 131279882
3
938538227 131279882
3
938538227 131279882
3
938538227 131279882
3
938538227 131279882
3
938538227 131279882
3
938538227 131279882
3
938538227 131279882
3
516983229 605437137
3
320060896 630101600
3
320060896 630101600
3
320060896 630101600
3
320060896 630101600
3
320060896 630101600
3
320060896 630101600
3
320060896 630101600
3
320060896 630101600
3
320060896 630101600
3
320060896 630101600
3
320060896 630101600
3
320060896 630101600
3
320060896 630101600
3
320060896 630101600
3
320060896 630101600
3
320060896 630101600
3
320060896 630101600
3
320060896 630101600
3
320060896 630101600
3
320060896 630101600
3
320060896 630101600
3
320060896 630101600
3
320060896 630101600
3
320060896 630101600
3
320060896 630101600
3
320060896 630101600
3
320060896 630101600
3
320060896 630101600
3
320060896 630101600
3
320060896 630101600
3
320060896 630101600
3
320060896 630101600
3
320060896 630101600
3
320060896 630101600
3
516983229 605437137
3
516983229 605437137
3
516983229 605437137
3
516983229 605437137
3
516983229 605437137
3
516983229 605437137
3
516983229 605437137
3
516983229 605437137
3
516983229 605437137
3
516983229 605437137
3
516983229 605437137
3
516983229 605437137
3
516983229 605437137
3
516983229 605437137
3
938538227 131279882
3
938538227 131279882
3
938538227 131279882
3
938538227 131279882
3
938538227 131279882
3
938538227 131279882
3
938538227 131279882
3
938538227 131279882
3
1858516 736495537
3
1858516 736495537
3
1858516 736495537
3
1858516 736495537
3
1858516 736495537
3
95967037 279907874
3
95967037 279907874
3
95967037 279907874
3
95967037 279907874
3
95967037 279907874
3
95967037 279907874
3
95967037 279907874
3
95967037 279907874
3
95967037 279907874
3
95967037 279907874
3
95967037 279907874
3
95967037 279907874
3
95967037 279907874
3
95967037 279907874
3
95967037 279907874
3
95967037 279907874
3
95967037 279907874
3
95967037 279907874
3
95967037 279907874
3
95967037 279907874
3
95967037 279907874
3
95967037 279907874
3
95967037 279907874
3
95967037 279907874
3
95967037 279907874
3
95967037 279907874
3
95967037 279907874
3
12145542 552944190
3
12145542 552944190
3
12145542 552944190
3
12145542 552944190
3
12145542 552944190
3
12145542 552944190
3
12145542 552944190
3
12145542 552944190
3
12145542 552944190
3
12145542 552944190
3
12145542 552944190
3
12145542 552944190
3
12145542 552944190
3
12145542 552944190
3
12145542 552944190
3
12145542 552944190
3
12145542 552944190
3
12145542 552944190
3
12145542 552944190
3
12145542 552944190
3
12145542 552944190
3
12145542 552944190
3
12145542 552944190
3
12145542 552944190
3
12145542 552944190
3
12145542 552944190
3
12145542 552944190
3
12145542 552944190
3
12145542 552944190
3
12145542 552944190
3
12145542 552944190
3
12145542 552944190
3
12145542 552944190
3
12145542 552944190
3
12145542 552944190
3
12145542 552944190
3
12145542 552944190
3
12145542 552944190
3
12145542 552944190
3
12145542 552944190
3
12145542 552944190
3
12145542 552944190
3
12145542 552944190
3
12145542 552944190
3
12145542 552944190
3
12145542 552944190
3
12145542 552944190
3
12145542 552944190
3
12145542 552944190
3
12145542 552944190
3
12145542 552944190
3
12145542 552944190
3
12145542 552944190
3
12145542 552944190
3
12145542 552944190
3
12145542 552944190
3
12145542 552944190
3
12145542 552944190
3
12145542 552944190
3
12145542 552944190
3
12145542 552944190
3
12145542 552944190
3
12145542 552944190
3
12145542 552944190
3
12145542 552944190
3
12145542 552944190
3
12145542 552944190
3
12145542 552944190
3
12145542 552944190
3
12145542 552944190
3
12145542 552944190
3
12145542 552944190
3
12145542 552944190
3
12145542 552944190
3
12145542 552944190
3
12145542 552944190
3
12145542 552944190
3
12145542 552944190
3
12145542 552944190
3
12145542 552944190
3
12145542 552944190
3
12145542 552944190
3
12145542 552944190
3
12145542 552944190
3
12145542 552944190
3
12145542 552944190
3
12145542 552944190
3
12145542 552944190
3
12145542 552944190
3
12145542 552944190
3
12145542 552944190
3
12145542 552944190
3
12145542 552944190
3
12145542 552944190
3
12145542 552944190
3
12145542 552944190
3
12145542 552944190
3
12145542 552944190
3
12145542 552944190
3
12145542 552944190
3
12145542 552944190
3
12145542 552944190
3
12145542 552944190
3
12145542 552944190
3
12145542 552944190
3
12145542 552944190
3
12145542 552944190
3
12145542 552944190
3
12145542 552944190
3
12145542 552944190
3
12145542 552944190
3
12145542 552944190
3
12145542 552944190
3
12145542 552944190
3
12145542 552944190
3
12145542 552944190
3
12145542 552944190
3
12145542 552944190
3
12145542 552944190
3
12145542 552944190
3
12145542 552944190
3
12145542 552944190
3
12145542 552944190
3
12145542 552944190
3
12145542 552944190
3
12145542 552944190
3
12145542 552944190
3
12145542 552944190
3
12145542 552944190
3
12145542 552944190
3
12145542 552944190
3
12145542 552944190
3
12145542 552944190
3
12145542 552944190
3
12145542 552944190
3
12145542 552944190
3
12145542 552944190
3
12145542 552944190
3
12145542 552944190
3
12145542 552944190
3
12145542 552944190
3
12145542 552944190
3
12145542 552944190
3
12145542 552944190
3
12145542 552944190
3
12145542 552944190
3
323426970 441756889
3
323426970 441756889
3
323426970 441756889
3
323426970 441756889
3
323426970 441756889
3
323426970 441756889
3
323426970 441756889
3
323426970 441756889
3
323426970 441756889
3
323426970 441756889
3
323426970 441756889
3
323426970 441756889
3
323426970 441756889
3
323426970 441756889
3
323426970 441756889
3
323426970 441756889
3
323426970 441756889
3
323426970 441756889
3
323426970 441756889
3
323426970 441756889
3
323426970 441756889
3
323426970 441756889
3
323426970 441756889
3
323426970 441756889
3
323426970 441756889
3
323426970 441756889
3
323426970 441756889
2
561080626 39779758
2
561080626 39779758
2
561080626 39779758
-1
-1 -1
-1
-1 -1
-1
-1 -1
-1
-1 -1
-1
-1 -1
-1
-1 -1
-1
-1 -1
-1
-1 -1
-1
-1 -1
-1
-1 -1
-1
-1 -1
-1
-1 -1
-1
-1 -1
-1
-1 -1
-1
-1 -1
-1
-1 -1
-1
-1 -1
-1
-1 -1
-1
-1 -1
-1
-1 -1
-1
-1 -1
-1
-1 -1
-1
-1 -1
-1
-1 -1
-1
-1 -1
-1
-1 -1
-1
-1 -1
-1
-1 -1
-1
-1 -1
-1
-1 -1
-1
-1 -1
-1
-1 -1
-1
-1 -1
-1
-1 -1
-1
-1 -1
