-1
-1 -1
-1
-1 -1
-1
-1 -1
-1
-1 -1
1
160330651 716197306
1
187622187 136949220
1
187622187 136949220
1
187622187 136949220
2
543384194 580110672
2
543384194 580110672
2
543384194 580110672
2
543384194 580110672
1
187622187 136949220
1
187622187 136949220
2
160330651 631035429
2
160330651 631035429
2
160330651 631035429
2
160330651 631035429
2
160330651 631035429
2
160330651 631035429
2
160330651 631035429
2
160330651 631035429
1
187622187 136949220
1
187622187 136949220
1
187622187 136949220
1
187622187 136949220
1
168877502 431855566
1
168877502 53109784
1
168877502 53109784
1
168877502 53109784
2
678388433 631035429
2
678388433 631035429
2
678388433 631035429
2
117015319 12066508
2
117015319 12066508
2
117015319 12066508
2
678388433 631035429
2
678388433 631035429
2
678388433 631035429
2
678388433 631035429
2
678388433 631035429
2
678388433 631035429
2
678388433 631035429
2
678388433 631035429
2
678388433 631035429
2
678388433 631035429
2
678388433 631035429
2
678388433 631035429
2
39473114 362323237
2
39473114 362323237
2
39473114 362323237
2
39473114 362323237
2
39473114 362323237
2
39473114 362323237
2
816931523 449280172
2
816931523 449280172
2
816931523 449280172
2
816931523 449280172
2
816931523 449280172
2
816931523 449280172
2
816931523 449280172
2
816931523 449280172
2
816931523 449280172
2
816931523 449280172
2
816931523 449280172
1
727434818 53109784
1
727434818 53109784
1
727434818 53109784
1
727434818 53109784
1
727434818 53109784
1
39473114 500537946
1
39473114 500537946
1
39473114 500537946
1
39473114 500537946
1
39473114 500537946
1
39473114 500537946
1
39473114 500537946
1
39473114 500537946
1
39473114 500537946
-1
-1 -1
-1
-1 -1
-1
-1 -1
-1
-1 -1
-1
-1 -1
-1
-1 -1
-1
-1 -1
-1
-1 -1
-1
-1 -1
-1
-1 -1
-1
-1 -1
-1
-1 -1
-1
-1 -1
-1
-1 -1
-1
-1 -1
