-1
-1 -1
-1
-1 -1
0
673420891 972089631
0
673420891 401668062
0
673420891 401668062
0
644215389 401668062
0
644215389 196252664
0
644215389 196252664
0
587949615 196252664
1
719675333 196252664
1
719675333 196252664
1
719675333 196252664
1
719675333 196252664
1
719675333 196252664
1
719675333 196252664
1
719675333 196252664
1
719675333 196252664
1
719675333 196252664
3
591944204 582713131
3
591944204 582713131
3
591944204 582713131
3
591944204 582713131
3
591944204 582713131
3
591944204 582713131
3
591944204 582713131
3
591944204 582713131
3
591944204 582713131
3
591944204 582713131
3
591944204 582713131
3
591944204 582713131
3
591944204 582713131
3
591944204 582713131
3
591944204 582713131
3
591944204 582713131
3
591944204 582713131
3
591944204 582713131
3
591944204 582713131
3
591944204 582713131
3
591944204 582713131
3
591944204 582713131
1
719675333 196252664
0
450202950 57482693
0
450202950 57482693
0
927637390 57482693
0
927637390 57482693
-1
-1 -1
-1
-1 -1
-1
-1 -1
-1
-1 -1
-1
-1 -1
-1
-1 -1
-1
-1 -1
-1
-1 -1
-1
-1 -1
-1
-1 -1
-1
-1 -1
-1
-1 -1
-1
-1 -1
-1
-1 -1
-1
-1 -1
-1
-1 -1
-1
-1 -1
