-1
-1 -1
0
141176442 54030794
0
141176442 54030794
-1
-1 -1
-1
-1 -1
-1
-1 -1
1
555260156 54030794
-1
-1 -1
-1
-1 -1
1
848643336 292485923
1
848643336 292485923
1
848643336 292485923
1
848643336 292485923
1
848643336 292485923
1
848643336 292485923
1
506521000 292485923
1
506521000 292485923
1
506521000 292485923
1
506521000 292485923
1
506521000 292485923
1
802091288 921572634
1
802091288 921572634
1
802091288 921572634
1
802091288 921572634
1
802091288 921572634
1
802091288 921572634
1
802091288 921572634
1
802091288 921572634
1
802091288 921572634
1
506521000 292485923
1
848643336 292485923
1
750284595 951363784
1
553453477 538343897
1
553453477 538343897
1
553453477 538343897
1
553453477 538343897
1
553453477 538343897
1
553453477 538343897
-1
-1 -1
-1
-1 -1
