-1
-1 -1
0
292569 44756661
-1
-1 -1
0
292569 304216392
0
292569 304216392
1
496988625 840195311
1
496988625 840195311
1
496988625 840195311
2
159227235 840195311
2
159227235 840195311
2
159227235 840195311
2
159227235 840195311
2
159227235 840195311
2
159227235 840195311
2
159227235 840195311
2
159227235 840195311
2
159227235 840195311
2
159227235 840195311
2
159227235 840195311
2
159227235 840195311
2
159227235 840195311
2
159227235 840195311
2
159227235 840195311
2
159227235 840195311
2
159227235 840195311
2
159227235 840195311
2
159227235 840195311
2
159227235 840195311
2
159227235 840195311
2
159227235 840195311
2
159227235 840195311
2
159227235 840195311
2
159227235 840195311
2
159227235 840195311
2
159227235 840195311
2
159227235 840195311
2
159227235 653123753
2
159227235 653123753
2
159227235 653123753
2
159227235 653123753
2
667221526 2628729
2
667221526 2628729
2
667221526 2628729
2
667221526 2628729
2
667221526 2628729
2
667221526 2628729
2
667221526 2628729
2
667221526 2628729
2
667221526 2628729
2
667221526 2628729
2
667221526 2628729
2
667221526 2628729
2
667221526 2628729
2
667221526 2628729
2
667221526 2628729
2
667221526 2628729
2
667221526 2628729
2
667221526 2628729
2
667221526 2628729
2
667221526 2628729
2
667221526 2628729
2
667221526 2628729
2
667221526 2628729
2
667221526 2628729
2
667221526 2628729
2
667221526 2628729
2
667221526 2628729
2
667221526 2628729
2
667221526 2628729
2
667221526 2628729
2
667221526 2628729
2
667221526 2628729
2
667221526 2628729
2
667221526 2628729
2
667221526 2628729
2
667221526 2628729
2
667221526 2628729
2
667221526 2628729
2
667221526 2628729
2
667221526 2628729
2
667221526 2628729
2
667221526 2628729
2
667221526 2628729
2
667221526 2628729
2
667221526 2628729
2
667221526 2628729
2
667221526 2628729
2
667221526 2628729
2
667221526 2628729
2
667221526 2628729
2
385898670 360225757
2
385898670 360225757
2
385898670 360225757
2
385898670 360225757
2
385898670 360225757
2
385898670 360225757
2
385898670 360225757
2
385898670 360225757
2
385898670 360225757
2
385898670 360225757
2
385898670 360225757
2
385898670 360225757
2
385898670 360225757
2
385898670 360225757
2
385898670 360225757
2
385898670 360225757
2
385898670 360225757
2
385898670 360225757
3
52517779 124560757
3
52517779 124560757
3
52517779 124560757
3
52517779 124560757
3
52517779 124560757
3
52517779 124560757
3
52517779 124560757
3
52517779 124560757
3
52517779 124560757
3
52517779 124560757
3
52517779 124560757
3
52517779 124560757
3
52517779 124560757
3
52517779 124560757
3
52517779 124560757
3
52517779 124560757
3
52517779 124560757
3
52517779 124560757
3
52517779 124560757
3
52517779 124560757
3
52517779 124560757
3
52517779 124560757
3
52517779 124560757
3
52517779 124560757
3
52517779 124560757
3
52517779 124560757
3
52517779 124560757
3
52517779 124560757
3
52517779 124560757
3
52517779 124560757
3
52517779 124560757
3
52517779 124560757
3
52517779 124560757
3
52517779 124560757
3
52517779 124560757
3
52517779 124560757
3
52517779 124560757
3
52517779 124560757
3
52517779 124560757
3
52517779 124560757
3
52517779 124560757
3
52517779 124560757
3
52517779 124560757
3
52517779 124560757
3
52517779 124560757
3
52517779 124560757
3
52517779 124560757
3
52517779 124560757
3
52517779 124560757
3
52517779 124560757
3
52517779 124560757
3
52517779 124560757
3
52517779 124560757
3
52517779 124560757
3
52517779 124560757
3
52517779 124560757
3
52517779 124560757
3
52517779 124560757
3
52517779 124560757
3
52517779 124560757
3
52517779 124560757
3
52517779 124560757
3
52517779 124560757
3
52517779 124560757
3
52517779 124560757
3
52517779 124560757
3
52517779 124560757
3
52517779 124560757
3
52517779 124560757
3
52517779 124560757
3
52517779 124560757
3
52517779 124560757
3
52517779 124560757
3
52517779 124560757
3
52517779 124560757
3
52517779 124560757
3
661265624 402624774
3
661265624 402624774
3
661265624 402624774
3
661265624 402624774
3
661265624 402624774
3
661265624 402624774
3
661265624 402624774
3
661265624 402624774
3
661265624 402624774
3
661265624 402624774
3
661265624 402624774
3
661265624 402624774
3
661265624 402624774
3
661265624 402624774
3
661265624 402624774
3
661265624 402624774
3
661265624 402624774
3
661265624 402624774
3
661265624 402624774
3
661265624 402624774
3
661265624 402624774
3
661265624 402624774
3
661265624 402624774
3
661265624 402624774
3
661265624 402624774
3
661265624 402624774
3
661265624 402624774
3
661265624 402624774
3
661265624 402624774
3
661265624 402624774
3
661265624 402624774
3
661265624 402624774
3
661265624 402624774
3
661265624 402624774
3
661265624 402624774
3
661265624 402624774
3
661265624 402624774
3
661265624 402624774
3
661265624 402624774
3
661265624 402624774
3
661265624 402624774
3
661265624 402624774
3
661265624 402624774
3
661265624 402624774
3
661265624 402624774
3
661265624 402624774
3
661265624 402624774
3
661265624 402624774
3
661265624 402624774
3
352152267 710656541
3
352152267 710656541
3
352152267 710656541
3
352152267 710656541
3
352152267 710656541
3
352152267 710656541
3
352152267 710656541
3
352152267 710656541
3
352152267 710656541
3
352152267 710656541
3
352152267 710656541
3
352152267 710656541
3
352152267 710656541
3
352152267 710656541
3
352152267 710656541
3
352152267 710656541
3
352152267 710656541
3
352152267 710656541
3
352152267 710656541
3
352152267 710656541
3
352152267 710656541
3
352152267 710656541
3
352152267 710656541
3
352152267 710656541
3
352152267 710656541
3
352152267 710656541
3
352152267 710656541
3
352152267 710656541
3
352152267 710656541
3
352152267 710656541
3
352152267 710656541
3
352152267 710656541
3
352152267 710656541
3
352152267 710656541
3
352152267 710656541
3
352152267 710656541
3
352152267 710656541
3
352152267 710656541
3
352152267 710656541
3
352152267 710656541
3
352152267 710656541
3
352152267 710656541
3
352152267 710656541
3
352152267 710656541
3
352152267 710656541
3
352152267 710656541
3
352152267 710656541
3
352152267 710656541
3
352152267 710656541
3
352152267 710656541
3
352152267 710656541
3
352152267 710656541
3
352152267 710656541
3
352152267 710656541
3
352152267 710656541
3
352152267 710656541
3
352152267 710656541
3
352152267 710656541
3
352152267 710656541
3
352152267 710656541
3
352152267 710656541
3
352152267 710656541
3
352152267 710656541
3
352152267 710656541
3
352152267 710656541
3
352152267 710656541
3
352152267 710656541
3
352152267 710656541
3
352152267 710656541
3
352152267 710656541
3
352152267 710656541
3
352152267 710656541
3
352152267 710656541
3
352152267 710656541
3
352152267 710656541
3
65299060 165671934
3
65299060 165671934
3
65299060 165671934
3
65299060 165671934
3
65299060 165671934
3
65299060 165671934
3
65299060 165671934
3
65299060 165671934
3
65299060 165671934
3
65299060 165671934
3
65299060 165671934
3
65299060 165671934
3
65299060 165671934
3
65299060 165671934
3
65299060 165671934
3
65299060 165671934
3
65299060 165671934
3
65299060 165671934
3
65299060 165671934
3
65299060 165671934
3
65299060 165671934
3
65299060 165671934
3
65299060 165671934
2
979081274 623505452
2
979081274 623505452
2
979081274 623505452
2
979081274 623505452
2
979081274 623505452
2
979081274 623505452
2
979081274 623505452
2
979081274 623505452
2
979081274 623505452
2
979081274 623505452
2
979081274 623505452
2
979081274 623505452
2
979081274 623505452
2
979081274 623505452
2
979081274 623505452
2
979081274 623505452
2
979081274 623505452
2
979081274 623505452
2
979081274 623505452
2
979081274 623505452
2
979081274 623505452
2
979081274 623505452
2
979081274 623505452
2
979081274 623505452
2
979081274 623505452
2
979081274 623505452
2
979081274 623505452
2
979081274 623505452
2
979081274 623505452
2
979081274 623505452
2
979081274 623505452
2
979081274 623505452
2
979081274 623505452
2
979081274 623505452
2
979081274 623505452
2
202872779 318582793
2
202872779 318582793
2
202872779 318582793
2
202872779 318582793
2
202872779 318582793
2
202872779 318582793
2
926973900 257144200
2
926973900 257144200
2
926973900 257144200
2
926973900 257144200
2
926973900 257144200
2
926973900 257144200
2
926973900 257144200
2
926973900 257144200
2
926973900 257144200
2
926973900 257144200
2
926973900 257144200
1
516669842 114522387
1
516669842 114522387
1
516669842 114522387
1
516669842 114522387
1
516669842 114522387
1
516669842 620653281
1
516669842 620653281
1
516669842 620653281
1
516669842 620653281
1
516669842 620653281
1
516669842 620653281
1
516669842 620653281
1
516669842 620653281
1
516669842 620653281
1
516669842 620653281
1
516669842 620653281
1
516669842 620653281
1
63729632 354270460
1
63729632 354270460
1
63729632 354270460
1
63729632 354270460
1
63729632 354270460
1
63729632 354270460
1
63729632 354270460
1
63729632 354270460
-1
-1 -1
-1
-1 -1
-1
-1 -1
-1
-1 -1
-1
-1 -1
-1
-1 -1
-1
-1 -1
-1
-1 -1
-1
-1 -1
-1
-1 -1
