-1
-1 -1
0
441539479 69383656
-1
-1 -1
-1
-1 -1
1
895060716 136129451
1
895060716 136129451
1
895060716 136129451
1
895060716 136129451
1
616181350 414042943
1
616181350 414042943
1
616181350 414042943
1
895060716 136129451
1
895060716 136129451
0
303728653 136129451
0
303728653 136129451
0
303728653 136129451
0
303728653 105620824
0
303728653 105620824
0
141089944 105620824
0
141089944 105620824
0
141089944 105620824
0
141089944 136129451
0
141089944 136129451
0
45193479 136129451
0
45193479 118158458
1
975147009 400170785
1
975147009 400170785
1
975147009 400170785
1
975147009 400170785
1
975147009 400170785
1
975147009 400170785
1
444842969 400170785
1
444842969 400170785
1
444842969 400170785
1
444842969 400170785
1
141089944 714627252
1
141089944 714627252
1
141089944 714627252
1
141089944 714627252
1
141089944 714627252
1
141089944 714627252
1
141089944 714627252
1
141089944 65554790
1
141089944 65554790
1
141089944 65554790
1
141089944 65554790
1
141089944 65554790
1
141089944 65554790
1
141089944 65554790
2
880616671 430308626
2
880616671 430308626
2
880616671 430308626
2
146665868 396371876
2
146665868 396371876
2
146665868 396371876
2
146665868 396371876
2
146665868 396371876
2
104952243 304531592
2
104952243 304531592
2
104952243 304531592
2
104952243 304531592
2
104952243 304531592
2
104952243 304531592
2
104952243 304531592
2
104952243 304531592
2
104952243 304531592
2
104952243 304531592
2
104952243 304531592
2
104952243 304531592
2
104952243 304531592
2
104952243 304531592
2
104952243 304531592
2
104952243 304531592
2
104952243 304531592
2
104952243 304531592
2
104952243 304531592
2
104952243 304531592
2
104952243 304531592
2
104952243 304531592
2
104952243 304531592
2
104952243 304531592
2
104952243 304531592
2
104952243 304531592
2
104952243 304531592
2
104952243 304531592
2
104952243 304531592
2
104952243 304531592
2
104952243 304531592
1
87441685 569476984
1
163441649 569476984
1
163441649 569476984
1
163441649 569476984
1
252286691 304531592
1
880616671 304531592
1
987593542 896074810
1
987593542 896074810
1
987593542 896074810
1
441539479 961610925
1
441539479 961610925
1
441539479 961610925
1
441539479 961610925
-1
-1 -1
-1
-1 -1
-1
-1 -1
-1
-1 -1
-1
-1 -1
-1
-1 -1
-1
-1 -1
-1
-1 -1
-1
-1 -1
