-1
-1 -1
-1
-1 -1
0
758428101 95947952
0
758428101 95947952
1
972521540 233501435
1
972521540 233501435
0
758428101 95947952
-1
-1 -1
1
859704797 95947952
0
859704797 233501435
0
859704797 233501435
0
859704797 68621653
0
859704797 68621653
0
859704797 68621653
0
859704797 68621653
0
859704797 68621653
-1
-1 -1
-1
-1 -1
-1
-1 -1
0
63387480 68621653
-1
-1 -1
-1
-1 -1
-1
-1 -1
0
81694997 68621653
1
151235662 563191674
1
151235662 563191674
1
151235662 563191674
1
151235662 563191674
1
151235662 563191674
1
151235662 563191674
1
151235662 563191674
1
151235662 563191674
0
81694997 68621653
0
81694997 68621653
-1
-1 -1
0
220117748 68621653
1
220117748 505998640
1
220117748 505998640
1
220117748 505998640
1
220117748 505998640
1
220117748 505998640
1
220117748 505998640
1
220117748 505998640
1
202366210 505998640
1
202366210 505998640
2
11751174 563191674
2
11751174 563191674
2
11751174 563191674
2
11751174 563191674
2
11751174 563191674
2
11751174 563191674
2
11751174 563191674
2
11751174 563191674
2
11751174 563191674
2
11751174 563191674
2
11751174 563191674
2
11751174 563191674
2
11751174 563191674
2
11751174 563191674
2
11751174 563191674
2
11751174 563191674
1
150326688 505998640
1
150326688 505998640
1
150326688 505998640
1
150326688 505998640
1
150326688 505998640
1
150326688 505998640
1
150326688 505998640
1
150326688 505998640
1
150326688 505998640
1
150326688 505998640
1
150326688 505998640
1
150326688 505998640
1
438105540 505998640
0
11751174 201789541
-1
-1 -1
-1
-1 -1
-1
-1 -1
