-1
-1 -1
-1
-1 -1
1
345979142 737680361
1
345979142 737680361
1
345979142 737680361
1
345979142 737680361
1
345979142 60146356
1
345979142 60146356
1
345979142 60146356
1
345979142 60146356
1
345979142 60146356
1
345979142 60146356
1
345979142 60146356
1
345979142 60146356
1
345979142 60146356
0
92560604 60146356
0
92560604 60146356
0
92560604 60146356
0
92560604 60146356
0
92560604 54459962
0
92560604 54459962
0
92560604 54459962
0
233358747 54459962
0
233358747 54459962
0
233358747 54459962
0
233358747 54459962
1
233358747 95150437
1
233358747 95150437
1
233358747 95150437
1
233358747 95150437
1
233358747 95150437
1
233358747 95150437
1
233358747 95150437
1
233358747 95150437
-1
-1 -1
-1
-1 -1
-1
-1 -1
-1
-1 -1
-1
-1 -1
-1
-1 -1
-1
-1 -1
-1
-1 -1
-1
-1 -1
-1
-1 -1
-1
-1 -1
-1
-1 -1
-1
-1 -1
-1
-1 -1
-1
-1 -1
-1
-1 -1
