-1
-1 -1
0
481746583 933469464
0
481746583 308407518
0
108999800 308407518
0
108999800 308407518
0
108999800 308407518
0
108999800 308407518
0
481746583 308407518
0
481746583 308407518
1
776900047 913881095
1
776900047 913881095
1
776900047 913881095
2
810711114 933469464
2
810711114 933469464
2
810711114 561156789
2
810711114 561156789
2
810711114 561156789
2
810711114 561156789
2
810711114 561156789
2
810711114 561156789
2
810711114 561156789
2
810711114 561156789
2
810711114 561156789
2
765704379 139395690
2
765704379 139395690
2
765704379 139395690
2
765704379 139395690
2
765704379 139395690
2
765704379 139395690
2
765704379 139395690
2
765704379 139395690
2
765704379 139395690
2
765704379 139395690
2
765704379 139395690
2
765704379 139395690
2
765704379 139395690
2
765704379 139395690
2
765704379 139395690
2
765704379 139395690
2
765704379 139395690
2
765704379 139395690
2
765704379 139395690
2
765704379 139395690
2
765704379 139395690
2
765704379 139395690
2
765704379 139395690
2
765704379 139395690
2
765704379 139395690
2
765704379 139395690
2
765704379 139395690
2
765704379 139395690
2
765704379 139395690
2
516257421 505970976
2
516257421 505970976
2
624035630 871631097
2
624035630 871631097
2
624035630 871631097
2
624035630 871631097
2
624035630 871631097
2
870103246 975454406
2
110999790 975454406
2
110999790 975454406
2
110999790 975454406
2
110999790 975454406
2
110999790 975454406
2
110999790 975454406
2
904519907 114850096
2
904519907 114850096
2
904519907 114850096
2
904519907 114850096
2
904519907 114850096
2
904519907 114850096
2
904519907 114850096
2
904519907 114850096
2
904519907 114850096
2
904519907 114850096
2
904519907 114850096
2
904519907 114850096
2
904519907 114850096
2
904519907 114850096
2
904519907 114850096
3
893404622 911605655
3
893404622 911605655
3
893404622 911605655
3
893404622 911605655
3
893404622 911605655
3
893404622 911605655
3
893404622 911605655
3
893404622 911605655
3
893404622 911605655
3
893404622 911605655
3
893404622 911605655
3
893404622 911605655
3
893404622 911605655
3
893404622 911605655
3
893404622 911605655
3
893404622 911605655
3
893404622 911605655
3
893404622 911605655
3
893404622 911605655
3
893404622 911605655
3
893404622 911605655
3
893404622 911605655
3
893404622 911605655
3
893404622 911605655
3
893404622 911605655
3
893404622 911605655
3
893404622 911605655
3
893404622 911605655
3
893404622 911605655
3
893404622 911605655
3
893404622 911605655
3
893404622 911605655
3
893404622 911605655
3
515746004 94591241
3
515746004 94591241
3
515746004 94591241
3
515746004 94591241
3
515746004 94591241
3
515746004 94591241
3
515746004 94591241
3
515746004 94591241
3
515746004 94591241
3
515746004 94591241
3
515746004 94591241
3
515746004 94591241
3
515746004 94591241
3
515746004 94591241
3
515746004 94591241
3
515746004 94591241
3
515746004 94591241
3
515746004 94591241
3
515746004 94591241
3
515746004 94591241
3
515746004 94591241
3
515746004 94591241
3
515746004 94591241
3
515746004 94591241
3
515746004 94591241
3
515746004 94591241
3
515746004 94591241
3
515746004 94591241
3
515746004 94591241
3
515746004 94591241
3
515746004 94591241
3
515746004 94591241
3
515746004 94591241
3
515746004 94591241
3
515746004 94591241
3
515746004 94591241
3
515746004 94591241
3
515746004 94591241
3
515746004 94591241
3
515746004 94591241
3
515746004 94591241
3
515746004 94591241
3
515746004 94591241
3
515746004 94591241
3
515746004 94591241
3
515746004 94591241
3
515746004 94591241
3
515746004 94591241
3
515746004 94591241
3
515746004 94591241
3
515746004 94591241
3
515746004 94591241
3
515746004 94591241
3
515746004 94591241
3
515746004 94591241
3
515746004 94591241
3
515746004 94591241
3
515746004 94591241
3
515746004 94591241
3
515746004 94591241
3
515746004 94591241
3
515746004 94591241
3
515746004 94591241
3
515746004 94591241
3
515746004 94591241
3
515746004 94591241
3
515746004 94591241
3
515746004 94591241
3
515746004 94591241
3
515746004 94591241
3
515746004 94591241
3
515746004 94591241
3
515746004 94591241
3
515746004 94591241
3
515746004 94591241
3
515746004 94591241
3
515746004 94591241
3
515746004 94591241
3
515746004 94591241
3
515746004 94591241
3
515746004 94591241
3
515746004 94591241
3
515746004 94591241
3
515746004 94591241
3
515746004 94591241
3
515746004 94591241
3
515746004 94591241
3
515746004 94591241
3
515746004 94591241
3
515746004 94591241
3
515746004 94591241
3
515746004 94591241
3
515746004 94591241
3
515746004 94591241
3
515746004 94591241
3
515746004 94591241
3
515746004 94591241
3
515746004 94591241
3
515746004 94591241
3
515746004 94591241
3
515746004 94591241
3
515746004 94591241
3
515746004 94591241
3
515746004 94591241
3
515746004 94591241
3
515746004 94591241
3
515746004 94591241
3
515746004 94591241
3
515746004 94591241
3
515746004 94591241
3
515746004 94591241
3
515746004 94591241
4
309591240 766080604
4
309591240 766080604
4
309591240 766080604
4
309591240 766080604
4
309591240 766080604
4
309591240 766080604
4
309591240 766080604
4
309591240 766080604
4
309591240 766080604
4
309591240 766080604
4
309591240 766080604
4
309591240 766080604
4
309591240 766080604
4
309591240 766080604
4
309591240 766080604
4
309591240 766080604
4
309591240 766080604
4
309591240 766080604
4
309591240 766080604
4
309591240 766080604
4
309591240 766080604
4
309591240 766080604
4
309591240 766080604
4
309591240 766080604
4
309591240 766080604
4
309591240 766080604
4
309591240 766080604
4
309591240 766080604
4
309591240 766080604
4
309591240 766080604
4
309591240 766080604
4
309591240 766080604
4
309591240 766080604
4
309591240 766080604
4
309591240 766080604
4
309591240 766080604
4
309591240 766080604
4
309591240 766080604
4
309591240 766080604
4
309591240 766080604
4
309591240 766080604
4
309591240 766080604
4
309591240 766080604
4
309591240 766080604
4
309591240 766080604
4
309591240 766080604
4
309591240 766080604
4
309591240 766080604
4
309591240 766080604
4
309591240 766080604
4
309591240 766080604
4
309591240 766080604
4
309591240 766080604
4
309591240 766080604
4
309591240 766080604
4
309591240 766080604
4
309591240 766080604
4
309591240 766080604
4
309591240 766080604
4
309591240 766080604
4
309591240 766080604
4
309591240 766080604
4
309591240 766080604
4
309591240 766080604
4
309591240 766080604
4
309591240 766080604
4
309591240 766080604
4
309591240 766080604
4
309591240 766080604
4
309591240 766080604
4
309591240 766080604
4
309591240 766080604
4
309591240 766080604
4
309591240 766080604
4
309591240 766080604
4
309591240 766080604
4
309591240 766080604
4
309591240 766080604
4
309591240 766080604
4
309591240 766080604
4
309591240 766080604
4
309591240 766080604
4
309591240 766080604
4
309591240 766080604
4
309591240 766080604
4
309591240 766080604
4
309591240 766080604
4
309591240 766080604
4
309591240 766080604
4
309591240 766080604
4
309591240 766080604
4
309591240 766080604
4
309591240 766080604
4
309591240 766080604
4
309591240 766080604
4
309591240 766080604
4
309591240 766080604
4
309591240 766080604
4
309591240 766080604
4
309591240 766080604
4
309591240 766080604
4
309591240 766080604
4
309591240 766080604
4
309591240 766080604
4
309591240 766080604
4
309591240 766080604
4
309591240 766080604
4
309591240 766080604
4
309591240 766080604
4
309591240 766080604
4
309591240 766080604
2
25531393 602993470
2
25531393 602993470
2
25531393 602993470
2
25531393 602993470
2
25531393 602993470
2
25531393 602993470
2
25531393 602993470
2
25531393 602993470
2
25531393 602993470
2
25531393 602993470
2
25531393 602993470
2
25531393 602993470
2
25531393 602993470
2
25531393 602993470
2
25531393 602993470
2
25531393 602993470
2
25531393 602993470
2
25531393 602993470
2
25531393 602993470
2
268404082 591368012
2
268404082 591368012
2
268404082 591368012
2
268404082 591368012
2
268404082 591368012
2
268404082 591368012
2
268404082 591368012
2
268404082 591368012
2
268404082 591368012
2
268404082 591368012
2
268404082 591368012
2
268404082 591368012
2
268404082 591368012
2
268404082 591368012
2
268404082 591368012
2
268404082 591368012
2
268404082 591368012
2
268404082 591368012
2
268404082 591368012
2
268404082 591368012
2
268404082 591368012
2
268404082 591368012
2
268404082 591368012
2
268404082 591368012
2
268404082 591368012
2
268404082 591368012
2
268404082 591368012
2
268404082 591368012
2
258759069 462969567
2
258759069 462969567
2
258759069 462969567
2
258759069 462969567
2
258759069 462969567
2
258759069 462969567
2
258759069 462969567
2
258759069 462969567
2
258759069 462969567
2
258759069 462969567
2
518774378 158606908
2
518774378 158606908
2
518774378 158606908
2
518774378 158606908
2
518774378 158606908
2
518774378 158606908
2
518774378 158606908
2
518774378 158606908
1
204835710 32663877
1
518774378 215443893
1
518774378 215443893
1
518774378 215443893
1
518774378 215443893
1
518774378 215443893
1
518774378 215443893
1
518774378 215443893
1
518774378 215443893
1
518774378 215443893
1
518774378 215443893
1
518774378 215443893
1
518774378 215443893
1
518774378 215443893
1
518774378 215443893
1
518774378 215443893
1
518774378 215443893
1
518774378 215443893
1
518774378 215443893
1
370986805 742405353
1
370986805 742405353
1
780537792 601167681
1
780537792 601167681
1
780537792 601167681
1
780537792 601167681
1
780537792 601167681
1
780537792 601167681
1
780537792 601167681
1
780537792 601167681
1
780537792 601167681
-1
-1 -1
-1
-1 -1
-1
-1 -1
-1
-1 -1
