-1
-1 -1
0
964130889 628265890
0
749210698 628265890
0
964130889 628265890
-1
-1 -1
-1
-1 -1
0
892286812 628265890
0
459862336 628265890
0
459862336 628265890
0
459862336 628265890
0
205969629 628265890
0
64970787 628265890
1
109114832 923192846
1
597799864 628265890
1
597799864 628265890
1
597799864 628265890
1
109114832 923192846
1
109114832 923192846
1
12177057 628265890
1
12177057 628265890
1
12177057 628265890
1
12177057 628265890
1
12177057 628265890
1
12177057 628265890
1
721888815 96065131
1
721888815 96065131
1
721888815 96065131
1
721888815 96065131
1
721888815 96065131
1
721888815 96065131
1
459862336 231366868
1
459862336 231366868
1
651347774 871125466
1
370533481 871125466
1
64970787 114138282
1
64970787 114138282
1
64970787 114138282
1
64970787 114138282
2
299067964 231366868
2
299067964 231366868
2
299067964 231366868
2
299067964 231366868
2
299067964 231366868
2
299067964 231366868
2
299067964 231366868
2
299067964 231366868
2
299067964 231366868
2
299067964 231366868
2
299067964 231366868
2
299067964 231366868
2
299067964 231366868
2
299067964 231366868
2
299067964 231366868
2
299067964 231366868
1
721888815 774091148
1
721888815 774091148
1
721888815 774091148
1
721888815 774091148
1
721888815 774091148
1
721888815 774091148
1
721888815 774091148
1
721888815 774091148
1
721888815 774091148
1
370533481 360657349
1
370533481 360657349
1
48278661 16943192
1
48278661 16943192
1
48278661 16943192
1
48278661 16943192
1
48278661 16943192
1
48278661 16943192
1
48278661 16943192
1
48278661 16943192
-1
-1 -1
-1
-1 -1
-1
-1 -1
-1
-1 -1
-1
-1 -1
-1
-1 -1
-1
-1 -1
-1
-1 -1
-1
-1 -1
-1
-1 -1
-1
-1 -1
-1
-1 -1
-1
-1 -1
-1
-1 -1
-1
-1 -1
-1
-1 -1
-1
-1 -1
-1
-1 -1
-1
-1 -1
-1
-1 -1
-1
-1 -1
-1
-1 -1
-1
-1 -1
-1
-1 -1
-1
-1 -1
-1
-1 -1
-1
-1 -1
