-1
-1 -1
-1
-1 -1
0
441968908 671959939
0
441968908 205738596
0
441968908 205738596
1
2862811 205738596
1
2862811 205738596
1
2862811 205738596
1
2862811 205738596
1
797681405 478240865
1
797681405 478240865
1
2862811 205738596
1
2862811 205738596
1
2862811 205738596
1
2862811 205738596
1
2862811 205738596
1
2862811 205738596
1
2862811 205738596
1
2862811 205738596
1
2862811 205738596
1
2862811 205738596
1
2862811 205738596
2
47331657 513583811
2
47331657 513583811
2
47331657 513583811
2
47331657 513583811
2
47331657 513583811
2
47331657 513583811
2
47331657 513583811
2
47331657 513583811
2
47331657 513583811
2
47331657 513583811
1
130270564 156358166
1
130270564 156358166
1
130270564 156358166
1
130270564 156358166
1
130270564 156358166
1
130270564 156358166
1
130270564 156358166
1
130270564 156358166
1
130270564 156358166
1
130270564 156358166
1
130270564 156358166
1
130270564 156358166
1
130270564 168177750
1
130270564 168177750
1
130270564 168177750
1
438366970 168177750
1
438366970 168177750
1
438366970 168177750
1
438366970 168177750
1
438366970 168177750
1
438366970 168177750
1
438366970 168177750
1
438366970 168177750
1
438366970 168177750
1
438366970 168177750
1
438366970 168177750
1
438366970 168177750
1
438366970 168177750
1
438366970 168177750
1
438366970 168177750
1
732852230 319923323
1
732852230 319923323
1
732852230 319923323
1
732852230 319923323
1
732852230 319923323
-1
-1 -1
-1
-1 -1
-1
-1 -1
-1
-1 -1
-1
-1 -1
