-1
-1 -1
-1
-1 -1
0
17627578 433755066
0
17627578 433755066
-1
-1 -1
0
17627578 25236424
-1
-1 -1
-1
-1 -1
1
838334255 726412059
1
838334255 726412059
1
838334255 726412059
1
838334255 726412059
1
838334255 726412059
1
838334255 726412059
1
838334255 726412059
1
838334255 726412059
1
838334255 81847585
1
838334255 81847585
1
838334255 81847585
1
838334255 81847585
1
838334255 81847585
1
712003949 590490402
1
712003949 590490402
1
712003949 590490402
1
712003949 590490402
1
712003949 590490402
1
712003949 399886894
1
712003949 399886894
1
712003949 399886894
1
712003949 590490402
1
712003949 590490402
1
712003949 590490402
1
712003949 590490402
1
2986473 590490402
1
2986473 590490402
1
2986473 590490402
1
2986473 590490402
1
2986473 590490402
1
2986473 590490402
1
2986473 590490402
-1
-1 -1
-1
-1 -1
-1
-1 -1
-1
-1 -1
-1
-1 -1
-1
-1 -1
-1
-1 -1
-1
-1 -1
-1
-1 -1
-1
-1 -1
-1
-1 -1
-1
-1 -1
