-1
-1 -1
-1
-1 -1
-1
-1 -1
-1
-1 -1
1
9420035 126952947
1
9420035 126952947
2
618807819 284130938
2
618807819 284130938
3
762915679 895984236
3
762915679 895984236
3
762915679 895984236
3
762915679 895984236
3
762915679 895984236
3
762915679 895984236
3
762915679 895984236
3
762915679 895984236
3
762915679 895984236
3
762915679 895984236
3
762915679 895984236
3
762915679 895984236
3
762915679 895984236
3
762915679 895984236
3
762915679 895984236
3
762915679 895984236
3
762915679 895984236
3
762915679 895984236
3
92752877 158923122
3
92752877 158923122
3
92752877 158923122
3
92752877 158923122
3
92752877 158923122
3
92752877 158923122
3
92752877 158923122
3
92752877 158923122
3
92752877 158923122
3
92752877 158923122
3
92752877 158923122
3
92752877 158923122
3
92752877 158923122
3
92752877 158923122
3
92752877 158923122
2
412274380 290453455
2
412274380 290453455
2
412274380 290453455
2
412274380 290453455
2
412274380 290453455
2
412274380 290453455
2
412274380 290453455
2
412274380 290453455
2
412274380 290453455
2
412274380 290453455
3
34512824 290453455
3
34512824 290453455
3
193490129 158923122
3
193490129 158923122
3
193490129 158923122
3
193490129 158923122
3
193490129 158923122
3
193490129 158923122
3
193490129 158923122
3
193490129 158923122
3
884036791 170286431
3
884036791 170286431
3
884036791 170286431
3
835317770 170286431
3
835317770 170286431
3
835317770 170286431
3
835317770 170286431
3
19421800 689064987
3
19421800 689064987
3
19421800 689064987
3
19421800 689064987
3
19421800 689064987
3
19421800 689064987
3
19421800 689064987
3
19421800 689064987
3
19421800 689064987
3
19421800 689064987
3
19421800 689064987
3
19421800 689064987
3
19421800 689064987
3
19421800 689064987
3
19421800 689064987
3
19421800 689064987
3
19421800 689064987
3
19421800 689064987
3
19421800 689064987
3
19421800 689064987
3
19421800 689064987
3
19421800 689064987
3
19421800 689064987
3
19421800 689064987
3
19421800 689064987
3
19421800 689064987
3
19421800 441273187
3
19421800 441273187
3
19421800 441273187
3
19421800 441273187
3
19421800 441273187
3
19421800 441273187
3
19421800 441273187
3
19421800 441273187
3
19421800 441273187
3
19421800 441273187
3
19421800 441273187
3
19421800 441273187
3
19421800 441273187
3
19421800 441273187
3
19421800 441273187
3
19421800 441273187
3
19421800 441273187
3
19421800 441273187
3
19421800 441273187
3
19421800 441273187
3
19421800 441273187
3
19421800 441273187
3
19421800 441273187
3
19421800 441273187
3
19421800 441273187
3
19421800 441273187
3
19421800 441273187
3
19421800 441273187
3
19421800 441273187
3
19421800 441273187
3
19421800 441273187
3
19421800 441273187
3
19421800 441273187
3
19421800 441273187
3
19421800 441273187
3
19421800 441273187
3
19421800 441273187
3
19421800 441273187
3
19421800 441273187
3
19421800 441273187
3
19421800 441273187
3
19421800 441273187
3
19421800 441273187
3
19421800 441273187
3
19421800 441273187
3
19421800 441273187
3
19421800 441273187
3
19421800 441273187
3
19421800 441273187
3
19421800 441273187
3
19421800 441273187
3
19421800 441273187
3
19421800 441273187
3
19421800 441273187
3
19421800 441273187
3
19421800 441273187
3
19421800 441273187
3
19421800 441273187
3
19421800 441273187
3
19421800 441273187
3
19421800 441273187
3
19421800 441273187
3
19421800 441273187
3
19421800 441273187
3
19421800 441273187
3
19421800 441273187
3
19421800 441273187
3
19421800 441273187
3
19421800 441273187
3
19421800 441273187
3
19421800 441273187
3
19421800 441273187
3
19421800 441273187
3
19421800 441273187
3
19421800 441273187
3
19421800 441273187
3
19421800 441273187
3
19421800 441273187
3
19421800 441273187
3
19421800 441273187
3
19421800 441273187
3
19421800 441273187
3
19421800 441273187
3
19421800 441273187
3
19421800 441273187
3
19421800 441273187
3
19421800 441273187
3
19421800 441273187
3
19421800 441273187
3
19421800 441273187
3
19421800 441273187
3
19421800 441273187
3
19421800 441273187
3
19421800 441273187
3
19421800 441273187
3
19421800 441273187
3
19421800 441273187
3
19421800 441273187
3
19421800 441273187
3
19421800 441273187
3
19421800 441273187
3
19421800 441273187
3
19421800 441273187
3
19421800 441273187
3
19421800 441273187
3
19421800 441273187
3
19421800 441273187
3
19421800 441273187
3
19421800 441273187
3
19421800 441273187
3
19421800 441273187
3
19421800 441273187
3
19421800 441273187
3
19421800 441273187
3
19421800 441273187
3
19421800 441273187
3
19421800 441273187
3
19421800 441273187
3
72316145 441273187
3
193490129 312760223
3
193490129 312760223
3
193490129 312760223
3
193490129 312760223
3
193490129 312760223
3
193490129 312760223
3
193490129 312760223
3
193490129 312760223
3
193490129 312760223
3
193490129 312760223
3
193490129 312760223
3
812949403 290453455
3
812949403 290453455
2
702528828 119065956
2
702528828 119065956
2
702528828 119065956
2
702528828 119065956
2
702528828 119065956
-1
-1 -1
-1
-1 -1
-1
-1 -1
-1
-1 -1
-1
-1 -1
-1
-1 -1
-1
-1 -1
-1
-1 -1
-1
-1 -1
-1
-1 -1
-1
-1 -1
-1
-1 -1
-1
-1 -1
