-1
-1 -1
0
417295437 654186948
2
417295437 957587468
2
417295437 957587468
2
417295437 957587468
3
130974133 654186948
2
417295437 957587468
2
595355535 329077977
2
595355535 329077977
2
595355535 329077977
2
468832041 329077977
2
468832041 329077977
2
468832041 329077977
2
468832041 329077977
2
468832041 329077977
2
468832041 329077977
2
468832041 329077977
2
468832041 329077977
2
468832041 329077977
3
641582744 54079826
3
641582744 54079826
3
641582744 54079826
3
641582744 54079826
3
641582744 54079826
3
641582744 54079826
3
764966688 333660760
3
764966688 333660760
3
764966688 333660760
3
764966688 333660760
3
641582744 54079826
3
641582744 54079826
3
641582744 54079826
3
641582744 54079826
3
641582744 54079826
3
641582744 54079826
3
146859044 120489362
4
1176497 120489362
4
1176497 120489362
4
1176497 120489362
4
1176497 120489362
4
1176497 120489362
4
1176497 120489362
4
1176497 120489362
4
1176497 120489362
4
1176497 120489362
4
1176497 120489362
4
1176497 120489362
4
1176497 120489362
4
1176497 120489362
4
1176497 120489362
4
1176497 120489362
4
1176497 120489362
4
1176497 120489362
4
1176497 120489362
4
1176497 120489362
4
1176497 120489362
4
1176497 120489362
4
1176497 120489362
4
1176497 120489362
4
1176497 120489362
4
1176497 120489362
4
1176497 120489362
4
1176497 120489362
4
1176497 120489362
4
1176497 120489362
4
1176497 120489362
4
1176497 120489362
5
595355535 854868080
5
595355535 854868080
5
595355535 854868080
5
595355535 854868080
5
595355535 854868080
5
595355535 854868080
5
595355535 854868080
5
595355535 854868080
5
595355535 854868080
5
595355535 854868080
5
595355535 854868080
5
595355535 854868080
5
595355535 854868080
5
595355535 854868080
5
595355535 854868080
5
595355535 854868080
5
595355535 854868080
5
595355535 854868080
5
595355535 854868080
5
595355535 854868080
5
595355535 854868080
5
595355535 854868080
5
595355535 854868080
5
595355535 854868080
5
595355535 854868080
5
595355535 854868080
5
595355535 854868080
5
595355535 854868080
5
595355535 854868080
5
595355535 854868080
5
595355535 854868080
5
595355535 854868080
5
595355535 854868080
5
595355535 854868080
5
595355535 854868080
5
595355535 854868080
5
595355535 854868080
5
595355535 854868080
4
1176497 120489362
4
1176497 120489362
4
1176497 120489362
4
1176497 120489362
4
1176497 120489362
5
302139886 804939370
5
302139886 804939370
5
302139886 804939370
5
302139886 804939370
5
302139886 804939370
5
302139886 804939370
5
302139886 804939370
5
302139886 804939370
5
302139886 804939370
5
302139886 804939370
5
302139886 804939370
5
302139886 804939370
5
302139886 804939370
5
302139886 804939370
5
302139886 804939370
5
302139886 804939370
5
302139886 804939370
5
302139886 804939370
5
302139886 804939370
5
302139886 804939370
5
302139886 804939370
5
302139886 804939370
4
1176497 591214920
4
1176497 591214920
4
1176497 591214920
4
1176497 591214920
4
1176497 591214920
4
1176497 591214920
4
856049821 591214920
4
856049821 591214920
4
856049821 591214920
4
856049821 591214920
4
856049821 591214920
4
856049821 591214920
4
856049821 591214920
4
856049821 591214920
4
856049821 591214920
4
856049821 591214920
4
856049821 591214920
4
856049821 591214920
4
856049821 591214920
4
856049821 591214920
4
856049821 591214920
4
856049821 591214920
4
856049821 591214920
4
856049821 591214920
4
856049821 591214920
4
856049821 591214920
4
856049821 591214920
4
856049821 591214920
4
856049821 591214920
4
856049821 591214920
4
856049821 591214920
4
856049821 591214920
4
856049821 591214920
4
856049821 591214920
4
856049821 591214920
4
53769696 233043780
4
53769696 233043780
4
53769696 233043780
4
53769696 233043780
4
53769696 233043780
-1
-1 -1
-1
-1 -1
-1
-1 -1
-1
-1 -1
-1
-1 -1
-1
-1 -1
-1
-1 -1
-1
-1 -1
-1
-1 -1
-1
-1 -1
