-1
-1 -1
0
35903574 393569133
-1
-1 -1
-1
-1 -1
-1
-1 -1
-1
-1 -1
0
50616718 8885287
1
98982566 8885287
4
258419227 8885287
4
258419227 8885287
4
258419227 8885287
4
258419227 8885287
4
258419227 8885287
4
258419227 8885287
4
258419227 8885287
4
258419227 8885287
4
258419227 8885287
4
258419227 8885287
4
258419227 8885287
4
258419227 8885287
4
258419227 8885287
4
258419227 8885287
4
258419227 8885287
4
258419227 8885287
4
258419227 8885287
4
258419227 8885287
4
258419227 8885287
4
258419227 8885287
4
258419227 8885287
4
258419227 8885287
4
258419227 8885287
4
258419227 8885287
4
258419227 8885287
4
258419227 8885287
4
258419227 8885287
5
516422534 320195735
5
516422534 320195735
5
516422534 320195735
5
516422534 320195735
5
516422534 320195735
5
516422534 320195735
5
516422534 320195735
5
516422534 320195735
5
516422534 320195735
5
516422534 320195735
5
516422534 320195735
5
516422534 320195735
5
516422534 320195735
5
516422534 320195735
5
516422534 320195735
5
516422534 320195735
5
516422534 320195735
5
516422534 320195735
5
516422534 320195735
5
516422534 320195735
5
516422534 320195735
4
162879581 291039933
4
162879581 291039933
4
162879581 291039933
4
162879581 291039933
4
162879581 291039933
4
162879581 291039933
4
162879581 291039933
4
162879581 291039933
4
162879581 291039933
4
162879581 291039933
4
162879581 291039933
4
162879581 291039933
4
162879581 291039933
4
162879581 291039933
4
162879581 291039933
4
162879581 291039933
4
162879581 291039933
4
162879581 291039933
4
162879581 291039933
4
162879581 291039933
4
162879581 291039933
4
162879581 291039933
4
162879581 291039933
4
162879581 291039933
4
162879581 291039933
4
162879581 291039933
2
874743807 418464684
2
874743807 418464684
2
874743807 418464684
2
874743807 418464684
2
874743807 418464684
2
874743807 777876876
2
874743807 777876876
-1
-1 -1
-1
-1 -1
-1
-1 -1
