-1
-1 -1
3
180361858 654457376
3
180361858 654457376
3
180361858 654457376
3
180361858 654457376
-1
-1 -1
2
616193924 654457376
2
616193924 241812746
2
616193924 241812746
3
951304179 241812746
3
951304179 241812746
3
951304179 241812746
5
847850176 582730398
5
847850176 582730398
5
847850176 582730398
5
847850176 582730398
5
847850176 582730398
5
847850176 582730398
5
480017231 479762006
5
480017231 479762006
5
480017231 479762006
5
480017231 479762006
5
480017231 479762006
5
480017231 479762006
5
480017231 479762006
5
480017231 479762006
5
480017231 479762006
5
100926069 426633057
5
100926069 426633057
5
100926069 426633057
5
100926069 426633057
5
100926069 426633057
5
100926069 426633057
5
100926069 426633057
5
480017231 479762006
5
480017231 479762006
5
480017231 479762006
5
480017231 479762006
5
480017231 479762006
6
100926069 888637883
6
100926069 888637883
6
100926069 888637883
6
100926069 888637883
6
100926069 888637883
6
100926069 888637883
6
100926069 888637883
6
100926069 888637883
6
100926069 888637883
6
100926069 888637883
6
100926069 888637883
6
100926069 888637883
6
100926069 888637883
4
253988016 888637883
4
253988016 888637883
4
393960897 582730398
4
393960897 582730398
4
393960897 582730398
4
393960897 582730398
4
393960897 582730398
4
393960897 582730398
3
253988016 582730398
3
253988016 582730398
3
253988016 582730398
3
253988016 582730398
-1
-1 -1
-1
-1 -1
-1
-1 -1
-1
-1 -1
-1
-1 -1
-1
-1 -1
