-1
-1 -1
0
629914579 81367565
0
629914579 81367565
0
629914579 81367565
0
629914579 81367565
0
629914579 81367565
1
874136980 81367565
2
629914579 545501393
2
629914579 545501393
2
629914579 545501393
2
629914579 545501393
2
874136980 610615409
2
874136980 610615409
2
874136980 610615409
2
874136980 187810422
2
874136980 187810422
2
874136980 187810422
2
874136980 187810422
2
874136980 187810422
2
874136980 187810422
2
874136980 187810422
2
874136980 187810422
2
874136980 187810422
2
874136980 184872443
2
874136980 114051194
2
874136980 114051194
2
874136980 114051194
2
874136980 114051194
2
874136980 114051194
2
874136980 114051194
2
874136980 114051194
2
874136980 114051194
2
874136980 114051194
2
874136980 114051194
2
874136980 114051194
2
874136980 114051194
2
874136980 114051194
3
198652199 114051194
3
198652199 114051194
3
324056772 967743119
3
324056772 967743119
3
324056772 967743119
3
324056772 967743119
3
198652199 114051194
3
198652199 114051194
3
198652199 114051194
3
198652199 114051194
3
198652199 114051194
3
722933949 111457588
3
722933949 111457588
3
722933949 111457588
3
824491552 967743119
3
824491552 967743119
3
824491552 967743119
3
824491552 967743119
3
824491552 967743119
3
824491552 967743119
3
824491552 967743119
3
824491552 967743119
3
824491552 967743119
3
824491552 967743119
3
824491552 967743119
3
824491552 967743119
3
824491552 967743119
3
824491552 967743119
3
824491552 967743119
3
824491552 967743119
3
824491552 967743119
3
824491552 967743119
3
824491552 967743119
3
198652199 114051194
3
198652199 114051194
3
198652199 114051194
3
198652199 114051194
3
198652199 114051194
3
198652199 114051194
3
198652199 114051194
3
198652199 114051194
3
198652199 114051194
3
198652199 114051194
3
198652199 114051194
3
198652199 114051194
3
198652199 114051194
3
198652199 114051194
3
439620043 289530202
3
439620043 289530202
3
439620043 289530202
3
439620043 289530202
3
439620043 289530202
3
439620043 289530202
3
439620043 289530202
3
439620043 289530202
3
439620043 289530202
3
439620043 289530202
3
439620043 289530202
3
439620043 289530202
3
439620043 289530202
3
439620043 289530202
3
439620043 289530202
3
439620043 289530202
3
439620043 289530202
3
439620043 289530202
3
439620043 289530202
3
439620043 289530202
3
919444780 520102768
3
919444780 520102768
3
919444780 520102768
3
919444780 520102768
3
919444780 520102768
3
919444780 520102768
3
919444780 520102768
3
919444780 520102768
3
919444780 520102768
3
919444780 520102768
3
919444780 520102768
3
919444780 520102768
3
919444780 520102768
3
919444780 520102768
3
919444780 520102768
3
919444780 520102768
3
919444780 520102768
3
919444780 520102768
3
919444780 520102768
3
919444780 520102768
3
919444780 520102768
3
919444780 520102768
3
919444780 520102768
3
919444780 520102768
3
919444780 520102768
3
919444780 520102768
3
919444780 520102768
3
919444780 520102768
3
919444780 520102768
3
919444780 520102768
3
919444780 520102768
3
919444780 520102768
3
919444780 520102768
3
919444780 520102768
3
919444780 520102768
3
919444780 520102768
3
919444780 520102768
3
919444780 520102768
3
919444780 520102768
3
919444780 520102768
3
919444780 520102768
3
919444780 520102768
3
919444780 520102768
3
919444780 520102768
3
919444780 520102768
3
919444780 520102768
3
919444780 520102768
3
919444780 520102768
3
919444780 520102768
3
919444780 520102768
3
919444780 520102768
3
919444780 520102768
3
919444780 520102768
3
919444780 520102768
3
919444780 520102768
3
919444780 520102768
3
919444780 520102768
3
919444780 520102768
3
919444780 520102768
3
919444780 520102768
3
919444780 520102768
3
919444780 520102768
3
919444780 520102768
3
919444780 520102768
3
919444780 520102768
3
919444780 520102768
3
919444780 520102768
3
919444780 520102768
3
919444780 520102768
3
919444780 520102768
3
919444780 520102768
3
919444780 520102768
3
919444780 520102768
3
919444780 520102768
3
919444780 520102768
3
919444780 520102768
3
919444780 520102768
3
919444780 520102768
3
919444780 520102768
3
919444780 520102768
3
919444780 520102768
3
919444780 520102768
3
919444780 520102768
3
919444780 520102768
3
919444780 520102768
3
919444780 520102768
3
919444780 520102768
3
919444780 520102768
3
919444780 520102768
3
919444780 520102768
3
198652199 114051194
3
198652199 114051194
3
198652199 114051194
3
198652199 114051194
3
198652199 114051194
3
198652199 114051194
3
198652199 114051194
3
198652199 114051194
3
198652199 114051194
2
948492629 548572164
2
948492629 548572164
2
948492629 548572164
2
948492629 548572164
2
948492629 548572164
2
948492629 548572164
2
948492629 548572164
2
948492629 548572164
2
948492629 548572164
2
948492629 548572164
2
948492629 548572164
2
948492629 548572164
2
948492629 548572164
2
948492629 548572164
2
948492629 548572164
2
948492629 548572164
2
948492629 548572164
2
948492629 548572164
2
948492629 548572164
2
948492629 548572164
2
948492629 548572164
2
948492629 548572164
2
948492629 548572164
2
461814161 508448521
2
461814161 508448521
2
461814161 508448521
2
461814161 508448521
2
461814161 508448521
2
461814161 508448521
2
461814161 508448521
2
461814161 508448521
2
461814161 508448521
2
461814161 508448521
2
461814161 508448521
2
461814161 508448521
2
461814161 508448521
2
461814161 508448521
2
461814161 508448521
2
461814161 508448521
2
461814161 508448521
2
461814161 508448521
0
54900952 508448521
-1
-1 -1
-1
-1 -1
-1
-1 -1
-1
-1 -1
-1
-1 -1
