-1
-1 -1
0
453382105 679793395
0
453382105 679793395
1
71007391 679793395
1
71007391 679793395
1
71007391 679793395
2
453382105 939304373
2
453382105 939304373
2
453382105 939304373
2
371734995 47158827
2
371734995 47158827
2
371734995 47158827
2
371734995 47158827
2
371734995 47158827
2
371734995 47158827
2
371734995 47158827
2
371734995 47158827
2
371734995 47158827
2
371734995 47158827
2
371734995 47158827
2
371734995 47158827
2
371734995 47158827
2
371734995 47158827
2
71007391 14655331
2
71007391 14655331
2
231226115 270162220
2
231226115 270162220
2
231226115 270162220
2
231226115 270162220
2
231226115 270162220
2
231226115 204020478
2
231226115 204020478
2
231226115 204020478
2
231226115 204020478
2
231226115 204020478
2
231226115 204020478
2
231226115 185593328
2
231226115 185593328
2
231226115 185593328
2
231226115 185593328
2
231226115 185593328
2
231226115 185593328
3
835645292 284183806
3
835645292 284183806
3
835645292 284183806
2
231226115 185593328
2
231226115 185593328
2
231226115 185593328
2
231226115 185593328
2
231226115 185593328
2
231226115 185593328
2
231226115 185593328
2
231226115 185593328
2
231226115 185593328
2
231226115 185593328
2
231226115 185593328
2
231226115 185593328
2
231226115 185593328
2
231226115 185593328
2
231226115 185593328
2
231226115 185593328
2
231226115 185593328
2
231226115 185593328
2
231226115 185593328
2
231226115 185593328
2
231226115 185593328
2
231226115 185593328
2
231226115 185593328
2
231226115 185593328
2
231226115 185593328
2
231226115 185593328
2
231226115 185593328
2
231226115 185593328
2
231226115 185593328
2
231226115 185593328
3
854067836 979868500
3
854067836 979868500
3
854067836 979868500
3
854067836 979868500
3
854067836 979868500
3
854067836 979868500
3
854067836 979868500
3
854067836 979868500
3
854067836 979868500
3
854067836 979868500
3
854067836 979868500
3
854067836 979868500
3
854067836 979868500
3
854067836 979868500
3
854067836 979868500
3
854067836 979868500
3
854067836 979868500
3
854067836 979868500
3
854067836 979868500
3
854067836 979868500
3
854067836 979868500
3
854067836 979868500
3
854067836 979868500
3
854067836 979868500
3
854067836 979868500
3
854067836 979868500
3
854067836 979868500
3
854067836 979868500
3
854067836 979868500
3
854067836 979868500
3
854067836 979868500
3
363723247 789331751
3
363723247 789331751
3
363723247 789331751
3
363723247 789331751
3
363723247 789331751
3
363723247 789331751
3
363723247 789331751
3
363723247 789331751
3
363723247 789331751
3
363723247 789331751
3
363723247 789331751
3
408666101 368774925
3
408666101 368774925
3
408666101 368774925
3
408666101 368774925
3
408666101 368774925
3
408666101 368774925
3
408666101 368774925
3
408666101 368774925
3
408666101 368774925
3
408666101 368774925
3
408666101 368774925
3
408666101 368774925
3
408666101 368774925
3
408666101 368774925
3
408666101 368774925
3
408666101 368774925
3
408666101 368774925
3
408666101 368774925
3
408666101 368774925
3
408666101 368774925
3
408666101 368774925
3
408666101 368774925
3
408666101 368774925
3
408666101 368774925
3
408666101 368774925
3
408666101 368774925
3
408666101 368774925
3
408666101 368774925
3
408666101 368774925
3
408666101 368774925
3
408666101 368774925
3
408666101 368774925
3
408666101 368774925
3
408666101 368774925
3
408666101 368774925
3
408666101 368774925
3
408666101 368774925
3
408666101 368774925
3
408666101 368774925
3
408666101 368774925
3
408666101 368774925
3
408666101 368774925
3
408666101 368774925
3
408666101 368774925
3
408666101 368774925
-1
-1 -1
-1
-1 -1
-1
-1 -1
-1
-1 -1
-1
-1 -1
-1
-1 -1
