-1
-1 -1
-1
-1 -1
-1
-1 -1
1
982299903 714824030
1
982299903 714824030
1
982299903 714824030
1
982299903 714824030
1
982299903 714824030
1
704497063 714824030
1
704497063 714824030
1
704497063 714824030
1
704497063 714824030
1
41890411 876917182
1
41890411 327779885
2
123275279 327779885
2
123275279 327779885
2
123275279 327779885
2
123275279 327779885
2
123275279 327779885
3
640749577 730821890
3
640749577 730821890
3
640749577 730821890
3
640749577 730821890
3
640749577 730821890
3
640749577 730821890
3
640749577 730821890
3
640749577 730821890
3
121388126 972785062
6
401904314 234180948
6
401904314 234180948
6
401904314 234180948
6
401904314 234180948
6
401904314 234180948
6
401904314 234180948
6
401904314 234180948
6
401904314 234180948
6
401904314 234180948
6
401904314 234180948
6
401904314 234180948
6
401904314 234180948
6
401904314 234180948
6
401904314 234180948
6
401904314 234180948
6
401904314 234180948
6
401904314 234180948
6
401904314 234180948
6
401904314 234180948
6
401904314 234180948
6
401904314 234180948
6
401904314 234180948
6
401904314 234180948
6
401904314 234180948
6
401904314 234180948
6
401904314 234180948
6
401904314 234180948
6
401904314 234180948
6
401904314 234180948
6
401904314 234180948
6
401904314 234180948
6
401904314 234180948
6
401904314 234180948
6
401904314 234180948
6
401904314 234180948
6
401904314 234180948
6
401904314 234180948
6
401904314 234180948
6
401904314 234180948
6
401904314 234180948
6
401904314 234180948
6
401904314 234180948
6
401904314 234180948
6
401904314 234180948
6
401904314 234180948
6
401904314 234180948
6
401904314 234180948
6
401904314 234180948
6
401904314 234180948
6
401904314 234180948
6
401904314 234180948
2
112925814 115131631
2
112925814 115131631
2
112925814 115131631
1
346710688 234180948
1
346710688 234180948
1
346710688 234180948
1
734860317 115131631
1
734860317 115131631
1
734860317 322073746
1
734860317 322073746
-1
-1 -1
-1
-1 -1
-1
-1 -1
-1
-1 -1
-1
-1 -1
-1
-1 -1
-1
-1 -1
-1
-1 -1
-1
-1 -1
-1
-1 -1
-1
-1 -1
-1
-1 -1
-1
-1 -1
-1
-1 -1
-1
-1 -1
