-1
-1 -1
-1
-1 -1
-1
-1 -1
0
545151025 824654938
1
828685849 824654938
1
120194912 824654938
1
120194912 500200372
1
120194912 500200372
1
120194912 500200372
1
120194912 500200372
1
120194912 500200372
1
120194912 500200372
1
120194912 500200372
2
828685849 800195548
2
828685849 800195548
2
828685849 268641587
2
828685849 268641587
2
828685849 268641587
2
828685849 268641587
2
828685849 268641587
2
631118770 593977036
2
631118770 593977036
2
631118770 593977036
3
915722148 91510821
3
915722148 91510821
3
915722148 91510821
3
915722148 91510821
3
847303937 65638820
3
847303937 65638820
3
847303937 65638820
3
847303937 65638820
3
847303937 65638820
3
847303937 65638820
3
847303937 65638820
3
847303937 65638820
3
116601592 206837809
3
116601592 206837809
3
116601592 206837809
3
116601592 206837809
3
116601592 206837809
3
116601592 206837809
3
116601592 206837809
3
423131958 10296563
3
423131958 10296563
3
423131958 10296563
3
423131958 10296563
3
915722148 91510821
3
915722148 91510821
3
915722148 91510821
3
915722148 91510821
3
915722148 91510821
3
915722148 91510821
3
915722148 91510821
3
915722148 91510821
3
915722148 91510821
2
423131958 91510821
2
423131958 91510821
2
423131958 91510821
-1
-1 -1
-1
-1 -1
-1
-1 -1
-1
-1 -1
-1
-1 -1
-1
-1 -1
