-1
-1 -1
0
338147385 390245286
1
804458438 390245286
1
804458438 390245286
1
804458438 390245286
1
804458438 390245286
1
804458438 390245286
1
138540509 49677594
1
138540509 48849849
1
138540509 48849849
1
138540509 48849849
1
138540509 48849849
1
138540509 48849849
1
138540509 48849849
1
138540509 48849849
1
138540509 48849849
2
839421310 48849849
2
839421310 48849849
2
839421310 48849849
2
839421310 48849849
2
839421310 48849849
2
839421310 48849849
2
839421310 48849849
2
839421310 48849849
2
839421310 48849849
2
839421310 48849849
2
839421310 48849849
2
839421310 48849849
2
839421310 48849849
2
839421310 48849849
2
839421310 48849849
2
839421310 48849849
2
839421310 48849849
2
839421310 48849849
2
839421310 48849849
2
839421310 48849849
2
839421310 48849849
2
839421310 48849849
2
839421310 48849849
2
291831103 48849849
2
291831103 48849849
2
291831103 48849849
2
291831103 48849849
2
291831103 48849849
2
128931438 839275491
2
128931438 839275491
2
128931438 839275491
2
128931438 839275491
2
128931438 839275491
2
128931438 839275491
2
128931438 839275491
2
128931438 839275491
2
128931438 839275491
2
128931438 839275491
2
128931438 839275491
2
128931438 839275491
2
128931438 839275491
2
128931438 839275491
2
448152810 414322122
2
448152810 414322122
2
448152810 414322122
2
448152810 414322122
2
448152810 414322122
2
448152810 414322122
2
448152810 414322122
2
448152810 414322122
2
448152810 414322122
2
448152810 414322122
2
448152810 414322122
2
448152810 414322122
2
448152810 414322122
2
448152810 414322122
2
448152810 414322122
2
448152810 414322122
2
448152810 414322122
2
448152810 414322122
2
448152810 414322122
2
448152810 414322122
2
448152810 414322122
2
448152810 414322122
2
448152810 414322122
2
448152810 414322122
2
448152810 414322122
2
448152810 414322122
2
279366000 414322122
2
279366000 414322122
3
2799033 390245286
3
2799033 390245286
3
2799033 390245286
3
2799033 390245286
3
2799033 390245286
3
2799033 390245286
3
2799033 390245286
3
2799033 390245286
3
2799033 390245286
3
2799033 390245286
3
2799033 390245286
3
2799033 390245286
3
2799033 390245286
3
2799033 390245286
3
2799033 390245286
3
2799033 390245286
3
2799033 390245286
3
2799033 390245286
3
2799033 390245286
3
2799033 390245286
3
2799033 390245286
3
2799033 390245286
3
2799033 390245286
3
2799033 390245286
3
2799033 390245286
3
2799033 390245286
3
2799033 390245286
3
2799033 390245286
3
2799033 390245286
3
2799033 390245286
3
2799033 390245286
3
2799033 390245286
3
2799033 390245286
3
2799033 390245286
3
2799033 390245286
3
2799033 390245286
3
2799033 390245286
3
2799033 390245286
3
2799033 390245286
3
2799033 390245286
3
2799033 390245286
3
158338390 31358956
3
158338390 31358956
3
158338390 31358956
3
158338390 31358956
3
158338390 31358956
3
158338390 31358956
3
158338390 31358956
3
158338390 31358956
3
158338390 31358956
3
158338390 31358956
3
158338390 31358956
3
158338390 31358956
3
158338390 31358956
3
158338390 31358956
3
158338390 31358956
3
158338390 31358956
3
158338390 31358956
3
158338390 31358956
3
158338390 31358956
3
158338390 31358956
3
158338390 31358956
3
158338390 31358956
3
158338390 31358956
3
158338390 31358956
3
158338390 31358956
3
158338390 31358956
3
158338390 31358956
3
158338390 31358956
3
158338390 31358956
3
158338390 31358956
3
158338390 31358956
3
158338390 31358956
3
158338390 31358956
3
158338390 31358956
3
158338390 31358956
3
158338390 31358956
3
158338390 31358956
3
158338390 31358956
3
158338390 31358956
3
158338390 31358956
3
158338390 31358956
3
879571592 783800442
3
879571592 783800442
3
879571592 783800442
3
879571592 783800442
3
879571592 783800442
3
879571592 783800442
3
879571592 783800442
3
879571592 783800442
3
879571592 783800442
3
879571592 783800442
3
879571592 783800442
3
879571592 783800442
3
879571592 783800442
3
879571592 783800442
3
879571592 783800442
3
879571592 783800442
3
879571592 783800442
3
879571592 783800442
3
879571592 783800442
3
879571592 783800442
3
879571592 783800442
2
279366000 233890171
2
279366000 233890171
2
279366000 233890171
2
279366000 233890171
2
279366000 233890171
2
279366000 233890171
2
279366000 233890171
2
279366000 233890171
2
923567426 31358956
2
923567426 31358956
2
923567426 31358956
2
923567426 31358956
2
923567426 31358956
2
923567426 31358956
2
923567426 31358956
2
923567426 31358956
2
923567426 31358956
2
923567426 31358956
2
923567426 31358956
2
923567426 31358956
2
923567426 31358956
2
923567426 31358956
2
923567426 31358956
2
923567426 31358956
2
923567426 31358956
2
923567426 31358956
2
923567426 31358956
2
923567426 31358956
2
923567426 31358956
2
923567426 31358956
2
923567426 31358956
2
531179940 618152513
2
531179940 618152513
2
531179940 618152513
2
531179940 618152513
2
531179940 618152513
2
531179940 618152513
2
531179940 618152513
2
531179940 618152513
2
531179940 618152513
2
531179940 618152513
2
531179940 618152513
2
531179940 618152513
2
531179940 618152513
2
531179940 618152513
1
198914789 621748531
1
198914789 621748531
1
884543664 31358956
1
884543664 31358956
1
124119235 34188504
1
269549890 34188504
-1
-1 -1
-1
-1 -1
-1
-1 -1
-1
-1 -1
-1
-1 -1
-1
-1 -1
-1
-1 -1
-1
-1 -1
-1
-1 -1
-1
-1 -1
-1
-1 -1
-1
-1 -1
-1
-1 -1
-1
-1 -1
-1
-1 -1
-1
-1 -1
-1
-1 -1
-1
-1 -1
