-1
-1 -1
-1
-1 -1
-1
-1 -1
-1
-1 -1
-1
-1 -1
-1
-1 -1
-1
-1 -1
-1
-1 -1
2
414760323 598575691
2
414760323 598575691
2
414760323 598575691
2
414760323 598575691
1
882504014 795962511
1
882504014 473148784
1
882504014 473148784
1
882504014 473148784
1
351270459 759038975
1
351270459 759038975
1
351270459 759038975
1
351270459 759038975
1
812622233 473148784
1
812622233 473148784
1
812622233 795962511
1
812622233 795962511
1
812622233 795962511
1
812622233 795962511
1
812622233 645241463
1
812622233 645241463
1
812622233 645241463
1
812622233 645241463
1
812622233 645241463
1
812622233 645241463
1
812622233 645241463
2
685972271 493796444
2
685972271 493796444
2
685972271 493796444
2
832506312 11367060
2
832506312 11367060
2
832506312 11367060
2
832506312 11367060
2
832506312 11367060
2
832506312 11367060
2
832506312 11367060
2
832506312 11367060
2
832506312 11367060
2
832506312 11367060
2
832506312 11367060
2
832506312 11367060
2
832506312 11367060
2
832506312 11367060
2
832506312 11367060
2
832506312 11367060
3
403990022 62050550
3
403990022 62050550
3
403990022 62050550
3
403990022 62050550
3
403990022 62050550
3
403990022 62050550
3
403990022 62050550
3
403990022 62050550
3
403990022 62050550
3
403990022 62050550
3
403990022 62050550
3
403990022 62050550
3
403990022 62050550
3
403990022 62050550
3
403990022 62050550
3
403990022 62050550
3
403990022 62050550
3
403990022 62050550
3
403990022 62050550
3
403990022 62050550
3
403990022 62050550
3
403990022 62050550
3
403990022 62050550
3
403990022 62050550
3
403990022 62050550
3
403990022 62050550
3
403990022 62050550
3
403990022 62050550
3
403990022 62050550
3
403990022 62050550
3
403990022 62050550
3
403990022 62050550
3
403990022 62050550
3
403990022 62050550
3
403990022 62050550
3
403990022 62050550
3
403990022 62050550
3
403990022 62050550
3
403990022 62050550
3
403990022 62050550
3
403990022 62050550
3
403990022 62050550
3
403990022 62050550
3
403990022 62050550
3
403990022 62050550
3
403990022 62050550
3
403990022 62050550
3
403990022 62050550
3
403990022 62050550
3
403990022 62050550
3
403990022 62050550
3
403990022 62050550
3
403990022 62050550
3
403990022 62050550
3
403990022 62050550
2
8013625 284752725
2
8013625 284752725
2
8013625 284752725
2
8013625 284752725
2
8013625 284752725
2
8013625 284752725
2
8013625 284752725
2
8013625 284752725
2
8013625 284752725
2
8013625 284752725
2
8013625 284752725
2
8013625 284752725
2
8013625 284752725
2
98336795 197114475
2
98336795 197114475
2
98336795 197114475
2
98336795 197114475
2
98336795 197114475
2
98336795 197114475
2
98336795 197114475
2
98336795 197114475
2
8013625 284752725
2
8013625 284752725
2
8013625 284752725
2
8013625 284752725
2
8013625 284752725
-1
-1 -1
-1
-1 -1
-1
-1 -1
-1
-1 -1
-1
-1 -1
-1
-1 -1
-1
-1 -1
-1
-1 -1
-1
-1 -1
-1
-1 -1
-1
-1 -1
-1
-1 -1
-1
-1 -1
-1
-1 -1
-1
-1 -1
-1
-1 -1
-1
-1 -1
-1
-1 -1
-1
-1 -1
-1
-1 -1
-1
-1 -1
-1
-1 -1
-1
-1 -1
-1
-1 -1
-1
-1 -1
-1
-1 -1
-1
-1 -1
-1
-1 -1
-1
-1 -1
-1
-1 -1
-1
-1 -1
