-1
-1 -1
-1
-1 -1
-1
-1 -1
0
415187769 6776362
0
71001225 6776362
0
71001225 6776362
2
170245915 101111876
2
170245915 101111876
2
170245915 101111876
2
170245915 101111876
2
170245915 101111876
3
170245915 956502762
3
170245915 956502762
3
170245915 956502762
3
170245915 956502762
3
170245915 956502762
3
170245915 956502762
3
170245915 956502762
3
170245915 956502762
3
170245915 956502762
3
170245915 956502762
3
170245915 956502762
3
170245915 956502762
4
406626658 30326116
4
406626658 30326116
4
406626658 30326116
4
406626658 30326116
4
747539962 18517484
4
747539962 18517484
4
747539962 18517484
4
747539962 18517484
4
747539962 18517484
4
747539962 18517484
4
747539962 18517484
4
747539962 18517484
4
747539962 18517484
4
747539962 18517484
4
747539962 18517484
4
747539962 18517484
4
747539962 18517484
4
747539962 18517484
4
747539962 18517484
4
747539962 18517484
4
747539962 18517484
4
747539962 18517484
4
747539962 18517484
4
747539962 18517484
4
747539962 18517484
4
747539962 18517484
4
747539962 18517484
4
747539962 18517484
4
747539962 18517484
4
747539962 18517484
4
747539962 18517484
4
747539962 18517484
4
747539962 18517484
4
747539962 18517484
4
747539962 18517484
4
747539962 18517484
4
747539962 18517484
4
747539962 18517484
4
747539962 18517484
4
747539962 18517484
4
747539962 18517484
4
747539962 18517484
4
747539962 18517484
4
747539962 18517484
4
747539962 18517484
4
747539962 18517484
4
747539962 18517484
4
747539962 18517484
4
747539962 18517484
4
747539962 18517484
2
93658220 536153043
2
93658220 536153043
2
93658220 536153043
2
93658220 536153043
1
101724476 631299281
1
101724476 631299281
1
101724476 631299281
1
101724476 631299281
1
167601658 631299281
1
167601658 631299281
1
167601658 631299281
1
167601658 631299281
1
167601658 631299281
1
167601658 631299281
-1
-1 -1
-1
-1 -1
-1
-1 -1
-1
-1 -1
-1
-1 -1
-1
-1 -1
-1
-1 -1
-1
-1 -1
-1
-1 -1
-1
-1 -1
-1
-1 -1
-1
-1 -1
-1
-1 -1
