-1
-1 -1
-1
-1 -1
-1
-1 -1
-1
-1 -1
-1
-1 -1
-1
-1 -1
-1
-1 -1
-1
-1 -1
0
359312710 736175182
-1
-1 -1
-1
-1 -1
-1
-1 -1
-1
-1 -1
-1
-1 -1
0
482352498 481640701
0
482352498 481640701
0
482352498 481640701
1
482352498 14287694
1
862284992 625321375
1
862284992 625321375
1
862284992 625321375
1
862284992 519169495
1
862284992 519169495
2
943814333 519169495
1
862284992 625321375
1
862284992 625321375
2
607379649 41744523
2
607379649 41744523
2
607379649 41744523
2
607379649 41744523
2
607379649 41744523
2
607379649 41744523
2
482352498 899655998
2
482352498 899655998
2
482352498 899655998
2
482352498 899655998
2
482352498 899655998
2
482352498 899655998
2
482352498 899655998
2
482352498 899655998
2
482352498 899655998
2
482352498 604532364
2
482352498 604532364
2
482352498 604532364
2
482352498 604532364
2
482352498 604532364
2
482352498 604532364
2
482352498 604532364
2
482352498 604532364
2
482352498 604532364
2
482352498 604532364
2
482352498 604532364
2
482352498 604532364
2
482352498 604532364
2
482352498 604532364
2
482352498 604532364
2
482352498 604532364
2
482352498 604532364
2
482352498 604532364
2
482352498 604532364
2
482352498 604532364
2
482352498 604532364
2
482352498 604532364
2
482352498 604532364
2
482352498 604532364
1
565735226 625321375
1
862284992 625321375
1
862284992 625321375
1
482352498 14287694
-1
-1 -1
-1
-1 -1
-1
-1 -1
-1
-1 -1
-1
-1 -1
