-1
-1 -1
0
170614423 795457294
1
170614423 905666971
-1
-1 -1
0
486424653 795457294
0
486424653 71159888
0
486424653 71159888
-1
-1 -1
-1
-1 -1
-1
-1 -1
-1
-1 -1
0
945830197 71159888
0
653201078 71159888
1
945830197 472932640
1
653201078 617926821
1
653201078 617926821
1
653201078 617926821
1
653201078 617926821
1
653201078 617926821
1
653201078 617926821
1
653201078 617926821
1
653201078 617926821
1
653201078 617926821
2
628546853 941897636
2
628546853 941897636
2
628546853 941897636
2
628546853 941897636
2
628546853 941897636
2
930017961 147805836
2
930017961 147805836
2
930017961 147805836
2
930017961 147805836
2
930017961 147805836
2
930017961 147805836
2
930017961 147805836
2
930017961 147805836
2
930017961 147805836
2
930017961 147805836
2
930017961 147805836
2
930017961 147805836
2
930017961 147805836
2
930017961 147805836
2
930017961 147805836
2
930017961 147805836
2
648745438 775137831
2
930017961 147805836
2
930017961 147805836
2
930017961 147805836
2
930017961 147805836
2
930017961 147805836
2
930017961 147805836
2
930017961 147805836
2
930017961 147805836
2
930017961 147805836
2
930017961 147805836
2
436196827 617926821
2
436196827 617926821
2
436196827 617926821
2
436196827 617926821
2
436196827 617926821
2
436196827 617926821
2
436196827 617926821
2
436196827 617926821
2
436196827 617926821
2
436196827 617926821
2
436196827 617926821
2
436196827 617926821
2
331015677 617926821
2
331015677 617926821
2
331015677 617926821
2
331015677 617926821
2
331015677 617926821
2
331015677 617926821
3
777790052 210404535
3
777790052 210404535
3
777790052 210404535
3
777790052 210404535
3
777790052 210404535
3
777790052 210404535
3
777790052 210404535
3
777790052 210404535
3
777790052 210404535
3
777790052 210404535
3
777790052 210404535
3
777790052 210404535
3
777790052 210404535
3
777790052 210404535
3
777790052 210404535
2
331015677 617926821
2
331015677 617926821
2
331015677 617926821
2
331015677 617926821
2
331015677 617926821
2
331015677 617926821
2
331015677 617926821
2
331015677 617926821
2
331015677 617926821
2
331015677 617926821
2
331015677 617926821
2
73983789 248241943
2
73983789 248241943
2
73983789 248241943
2
73983789 248241943
2
73983789 248241943
2
73983789 248241943
2
592745385 860236607
2
592745385 860236607
2
592745385 860236607
2
592745385 860236607
2
592745385 860236607
2
592745385 860236607
2
592745385 860236607
2
592745385 860236607
2
592745385 860236607
2
592745385 860236607
2
592745385 860236607
2
592745385 860236607
2
592745385 860236607
2
592745385 860236607
2
592745385 860236607
2
592745385 860236607
2
592745385 860236607
2
592745385 860236607
2
592745385 860236607
2
592745385 860236607
2
592745385 860236607
2
592745385 860236607
2
592745385 860236607
2
592745385 508686557
2
592745385 508686557
2
592745385 508686557
2
592745385 508686557
2
133476302 345467821
2
133476302 345467821
2
133476302 345467821
2
133476302 345467821
2
133476302 345467821
2
133476302 345467821
2
133476302 345467821
2
133476302 345467821
3
230687756 242324624
3
230687756 242324624
3
230687756 242324624
3
230687756 242324624
3
230687756 242324624
3
230687756 242324624
3
230687756 242324624
3
230687756 242324624
3
230687756 242324624
3
230687756 242324624
3
230687756 242324624
3
230687756 242324624
3
230687756 242324624
3
230687756 242324624
3
230687756 242324624
3
230687756 242324624
3
230687756 242324624
3
230687756 242324624
3
230687756 242324624
3
230687756 242324624
3
230687756 242324624
3
230687756 242324624
3
230687756 242324624
3
230687756 242324624
3
230687756 242324624
3
230687756 242324624
3
230687756 242324624
3
230687756 242324624
3
230687756 242324624
3
230687756 242324624
3
230687756 242324624
3
230687756 242324624
3
230687756 242324624
3
230687756 242324624
3
230687756 242324624
3
230687756 242324624
3
230687756 242324624
3
230687756 242324624
3
230687756 242324624
3
230687756 242324624
3
230687756 242324624
3
230687756 242324624
3
230687756 242324624
3
230687756 242324624
3
230687756 242324624
3
230687756 242324624
3
230687756 242324624
3
230687756 242324624
3
230687756 242324624
3
230687756 242324624
3
230687756 242324624
3
230687756 242324624
3
230687756 242324624
3
230687756 242324624
3
230687756 242324624
3
230687756 242324624
3
230687756 242324624
3
230687756 242324624
3
230687756 242324624
3
230687756 242324624
3
635864480 242324624
3
635864480 242324624
3
635864480 242324624
2
24013802 941897636
2
24013802 941897636
2
24013802 941897636
2
24013802 941897636
2
24013802 941897636
2
24013802 941897636
2
24013802 941897636
1
191955804 771792
1
191955804 771792
1
191955804 771792
1
191955804 771792
1
856144723 771792
1
856144723 771792
1
135676734 61691951
1
135676734 61691951
1
135676734 61691951
-1
-1 -1
-1
-1 -1
-1
-1 -1
-1
-1 -1
-1
-1 -1
-1
-1 -1
-1
-1 -1
-1
-1 -1
-1
-1 -1
-1
-1 -1
-1
-1 -1
-1
-1 -1
-1
-1 -1
-1
-1 -1
-1
-1 -1
-1
-1 -1
-1
-1 -1
-1
-1 -1
-1
-1 -1
-1
-1 -1
-1
-1 -1
-1
-1 -1
-1
-1 -1
-1
-1 -1
-1
-1 -1
-1
-1 -1
-1
-1 -1
-1
-1 -1
-1
-1 -1
-1
-1 -1
-1
-1 -1
-1
-1 -1
-1
-1 -1
