-1
-1 -1
-1
-1 -1
0
124196938 413719536
1
541200628 413719536
1
124196938 411660824
1
124196938 411660824
1
541200628 413719536
1
541200628 413719536
1
541200628 413719536
1
541200628 413719536
1
541200628 413719536
1
541200628 413719536
1
541200628 413719536
1
209258959 11427140
1
209258959 11427140
1
209258959 11427140
1
209258959 11427140
1
209258959 11427140
1
209258959 11427140
1
209258959 11427140
1
209258959 11427140
1
209258959 11427140
1
209258959 11427140
1
455531078 916703014
1
455531078 916703014
1
455531078 916703014
1
455531078 916703014
1
381758419 916703014
1
381758419 916703014
2
402297614 865135394
2
402297614 865135394
2
402297614 865135394
2
402297614 865135394
2
402297614 865135394
2
402297614 865135394
2
402297614 865135394
2
402297614 865135394
2
402297614 865135394
2
402297614 865135394
2
290350751 865135394
2
290350751 865135394
2
290350751 865135394
2
290350751 865135394
2
290350751 865135394
2
290350751 865135394
2
290350751 865135394
2
290350751 865135394
2
402297614 865135394
2
402297614 865135394
2
402297614 865135394
2
402297614 865135394
2
402297614 865135394
2
402297614 865135394
2
402297614 865135394
2
402297614 865135394
2
402297614 865135394
2
402297614 865135394
2
402297614 865135394
2
402297614 865135394
2
402297614 865135394
2
402297614 865135394
2
402297614 865135394
2
402297614 865135394
2
402297614 865135394
2
402297614 865135394
2
402297614 865135394
2
402297614 865135394
2
402297614 865135394
2
402297614 865135394
2
397720 865135394
2
716644101 995567361
2
372761397 508055437
2
372761397 508055437
2
372761397 508055437
2
372761397 508055437
2
372761397 508055437
2
372761397 508055437
2
372761397 508055437
2
372761397 508055437
2
372761397 508055437
2
372761397 508055437
2
372761397 508055437
2
372761397 508055437
2
1101344 689310393
2
1101344 689310393
2
1101344 689310393
2
1101344 689310393
2
1101344 689310393
2
1101344 689310393
3
156455626 702011574
3
156455626 702011574
3
156455626 702011574
3
156455626 702011574
3
156455626 702011574
3
156455626 702011574
3
156455626 702011574
3
132953493 838395361
3
132953493 838395361
3
132953493 838395361
3
132953493 838395361
3
132953493 838395361
3
132953493 838395361
3
132953493 838395361
3
132953493 838395361
3
132953493 838395361
3
132953493 838395361
3
132953493 838395361
3
381758419 266221403
3
258054444 404497234
3
258054444 404497234
3
258054444 404497234
3
258054444 404497234
3
258054444 404497234
3
258054444 404497234
3
258054444 404497234
3
258054444 404497234
3
258054444 404497234
3
258054444 404497234
3
258054444 404497234
3
258054444 404497234
3
381758419 266221403
3
381758419 266221403
3
381758419 266221403
3
381758419 266221403
3
381758419 266221403
3
381758419 266221403
3
381758419 266221403
3
455531078 266221403
3
455531078 266221403
3
455531078 266221403
3
455531078 266221403
3
455531078 266221403
3
455531078 266221403
3
455531078 266221403
3
455531078 266221403
3
455531078 266221403
3
455531078 266221403
3
455531078 266221403
3
455531078 266221403
3
455531078 266221403
3
455531078 266221403
3
455531078 266221403
3
455531078 266221403
3
455531078 266221403
3
455531078 266221403
3
455531078 266221403
3
455531078 266221403
3
455531078 266221403
3
455531078 266221403
3
455531078 266221403
-1
-1 -1
-1
-1 -1
-1
-1 -1
-1
-1 -1
-1
-1 -1
-1
-1 -1
-1
-1 -1
-1
-1 -1
-1
-1 -1
-1
-1 -1
-1
-1 -1
-1
-1 -1
-1
-1 -1
-1
-1 -1
-1
-1 -1
-1
-1 -1
-1
-1 -1
-1
-1 -1
-1
-1 -1
-1
-1 -1
