-1
-1 -1
-1
-1 -1
-1
-1 -1
0
892937299 560126673
1
892937299 128837278
1
892937299 128837278
1
892937299 128837278
1
892937299 69669477
1
892937299 69669477
1
892937299 69669477
1
892937299 69669477
1
892937299 69669477
1
892937299 69669477
1
892937299 69669477
1
892937299 69669477
2
713792517 738738265
2
713792517 738738265
2
713792517 738738265
2
713792517 738738265
2
713792517 738738265
2
713792517 738738265
2
713792517 738738265
2
713792517 738738265
2
713792517 738738265
2
713792517 738738265
2
713792517 738738265
2
713792517 738738265
2
713792517 738738265
2
713792517 738738265
2
713792517 738738265
2
713792517 738738265
2
713792517 738738265
2
713792517 738738265
2
713792517 738738265
1
323586421 757867105
1
323586421 757867105
1
323586421 757867105
1
323586421 757867105
1
323586421 757867105
1
323586421 757867105
1
323586421 757867105
1
323586421 608195851
1
323586421 608195851
2
879135698 738738265
2
879135698 738738265
2
21284103 738738265
2
21284103 738738265
2
526057734 764880105
2
526057734 764880105
2
526057734 764880105
2
526057734 764880105
2
892446826 331188973
2
892446826 331188973
2
892446826 331188973
2
892446826 331188973
2
892446826 331188973
2
892446826 331188973
2
892446826 331188973
2
892446826 331188973
2
892446826 331188973
2
892446826 331188973
2
892446826 331188973
2
892446826 331188973
2
892446826 331188973
2
892446826 331188973
2
892446826 331188973
2
892446826 331188973
2
892446826 331188973
2
892446826 331188973
2
892446826 331188973
2
892446826 331188973
2
892446826 331188973
2
892446826 331188973
2
526057734 764880105
2
526057734 764880105
2
526057734 764880105
1
323586421 331188973
1
323586421 331188973
1
323586421 757867105
1
323586421 757867105
1
323586421 757867105
1
323586421 757867105
1
323586421 757867105
1
323586421 757867105
1
323586421 757867105
1
323586421 757867105
1
323586421 757867105
1
323586421 757867105
1
323586421 757867105
1
323586421 757867105
1
323586421 757867105
1
314080865 563678386
1
314080865 563678386
0
35098421 563678386
0
35098421 757867105
0
35098421 955357653
-1
-1 -1
-1
-1 -1
-1
-1 -1
-1
-1 -1
