-1
-1 -1
0
477632404 680822237
-1
-1 -1
-1
-1 -1
1
620173888 401633523
1
620173888 401633523
1
620173888 401633523
1
620173888 237622242
1
620173888 237622242
1
620173888 237622242
1
620173888 237622242
1
620173888 237622242
0
365654683 387349719
0
365654683 387349719
0
365654683 387349719
1
620173888 240972670
2
762930205 644396729
2
762930205 644396729
5
402567979 240972670
5
402567979 240972670
5
402567979 240972670
5
402567979 240972670
5
402567979 240972670
5
402567979 240972670
5
402567979 240972670
2
762930205 644396729
2
762930205 644396729
2
762930205 644396729
2
762930205 644396729
2
762930205 644396729
2
762930205 644396729
2
762930205 644396729
2
762930205 644396729
2
762930205 644396729
2
762930205 644396729
2
384431720 754042129
2
384431720 754042129
2
762930205 644396729
2
762930205 644396729
2
762930205 644396729
2
762930205 644396729
1
384431720 311135199
1
578796701 411238368
1
578796701 411238368
1
578796701 411238368
1
578796701 411238368
1
578796701 411238368
1
578796701 411238368
1
578796701 411238368
1
134946179 718716362
1
295611260 120667754
-1
-1 -1
-1
-1 -1
-1
-1 -1
-1
-1 -1
-1
-1 -1
-1
-1 -1
-1
-1 -1
-1
-1 -1
-1
-1 -1
-1
-1 -1
-1
-1 -1
-1
-1 -1
-1
-1 -1
-1
-1 -1
-1
-1 -1
-1
-1 -1
-1
-1 -1
-1
-1 -1
-1
-1 -1
-1
-1 -1
-1
-1 -1
