-1
-1 -1
-1
-1 -1
0
272335924 23479080
1
463585118 23479080
0
272335924 862049751
1
931685405 862049751
1
931685405 862049751
1
507516710 11122096
1
507516710 11122096
1
507516710 11122096
1
149410335 847529115
1
149410335 847529115
1
149410335 847529115
1
149410335 847529115
1
149410335 847529115
1
149410335 847529115
1
149410335 847529115
1
149410335 847529115
1
149410335 847529115
1
149410335 799202015
1
149410335 799202015
1
149410335 799202015
1
81895984 799202015
1
81895984 799202015
2
149410335 12331000
2
149410335 12331000
2
149410335 12331000
2
149410335 12331000
2
149410335 12331000
1
81895984 12331000
1
522172121 210994773
1
522172121 210994773
1
522172121 210994773
1
522172121 210994773
1
522172121 210994773
1
522172121 210994773
1
522172121 210994773
1
522172121 210994773
1
522172121 210994773
1
522172121 210994773
1
522172121 210994773
1
522172121 210994773
1
522172121 210994773
1
522172121 210994773
1
522172121 210994773
1
522172121 210994773
1
522172121 210994773
1
522172121 210994773
1
522172121 210994773
1
522172121 210994773
1
91561293 210994773
1
91561293 210994773
1
91561293 210994773
1
91561293 210994773
1
91561293 210994773
1
91561293 210994773
1
91561293 210994773
1
91561293 210994773
1
91561293 210994773
1
91561293 210994773
1
91561293 210994773
1
91561293 210994773
2
522172121 935243025
2
522172121 935243025
2
522172121 935243025
2
522172121 935243025
2
522172121 935243025
2
522172121 935243025
2
522172121 935243025
2
522172121 935243025
2
522172121 935243025
2
522172121 935243025
2
522172121 935243025
2
522172121 935243025
2
522172121 935243025
2
522172121 935243025
2
522172121 935243025
2
522172121 935243025
2
522172121 935243025
2
522172121 935243025
2
522172121 935243025
2
522172121 935243025
2
522172121 935243025
2
522172121 935243025
2
522172121 935243025
2
522172121 935243025
2
522172121 935243025
2
522172121 935243025
2
518219491 213565878
2
518219491 213565878
2
518219491 213565878
2
518219491 213565878
2
518219491 213565878
2
518219491 213565878
2
518219491 213565878
2
518219491 213565878
2
518219491 213565878
2
518219491 213565878
2
518219491 213565878
2
518219491 213565878
2
518219491 213565878
2
518219491 213565878
2
518219491 213565878
2
518219491 213565878
2
518219491 213565878
2
518219491 213565878
2
518219491 213565878
2
518219491 213565878
2
518219491 213565878
2
518219491 213565878
2
518219491 213565878
2
518219491 213565878
2
518219491 213565878
2
518219491 213565878
2
450323569 681513203
2
450323569 681513203
2
450323569 681513203
2
450323569 681513203
2
450323569 681513203
2
450323569 681513203
2
450323569 681513203
2
450323569 681513203
2
450323569 681513203
2
450323569 681513203
2
450323569 681513203
2
450323569 681513203
2
450323569 681513203
2
450323569 681513203
2
450323569 681513203
2
450323569 681513203
2
450323569 681513203
2
450323569 681513203
2
450323569 681513203
2
450323569 681513203
2
450323569 681513203
2
450323569 681513203
2
450323569 681513203
2
450323569 681513203
2
450323569 681513203
2
450323569 681513203
2
450323569 681513203
2
450323569 681513203
2
450323569 681513203
2
450323569 681513203
2
450323569 681513203
2
450323569 681513203
2
450323569 681513203
2
450323569 681513203
2
450323569 681513203
2
450323569 681513203
2
450323569 681513203
2
450323569 681513203
2
450323569 681513203
2
450323569 681513203
2
450323569 681513203
2
450323569 681513203
2
130264065 854983647
2
130264065 854983647
2
130264065 854983647
2
130264065 854983647
2
130264065 854983647
2
130264065 854983647
2
130264065 854983647
2
130264065 376402293
2
130264065 376402293
2
130264065 376402293
2
130264065 376402293
2
130264065 376402293
2
130264065 376402293
2
130264065 376402293
2
130264065 376402293
2
130264065 376402293
2
130264065 376402293
2
130264065 376402293
2
130264065 376402293
2
130264065 376402293
2
130264065 376402293
2
130264065 376402293
2
130264065 376402293
2
130264065 376402293
2
130264065 376402293
2
130264065 376402293
2
130264065 376402293
2
130264065 376402293
2
130264065 376402293
2
130264065 376402293
2
130264065 376402293
2
130264065 376402293
2
130264065 376402293
2
130264065 376402293
2
130264065 376402293
2
130264065 376402293
2
130264065 376402293
2
130264065 376402293
2
130264065 376402293
2
130264065 376402293
2
130264065 376402293
2
130264065 376402293
2
130264065 376402293
2
130264065 376402293
2
130264065 376402293
2
896208904 376402293
2
896208904 376402293
2
896208904 376402293
2
896208904 376402293
2
896208904 376402293
2
896208904 376402293
2
896208904 376402293
2
896208904 376402293
2
896208904 376402293
2
896208904 376402293
2
896208904 376402293
2
896208904 376402293
2
896208904 376402293
2
896208904 376402293
2
896208904 376402293
2
896208904 376402293
2
896208904 376402293
2
896208904 376402293
2
896208904 376402293
2
896208904 376402293
2
896208904 376402293
2
896208904 376402293
2
896208904 376402293
2
896208904 376402293
2
896208904 376402293
2
896208904 376402293
2
896208904 376402293
2
896208904 376402293
2
896208904 376402293
2
896208904 854983647
2
896208904 854983647
2
896208904 854983647
2
896208904 854983647
2
896208904 854983647
2
896208904 854983647
2
896208904 854983647
2
896208904 854983647
2
896208904 854983647
1
981512884 210994773
1
981512884 210994773
1
981512884 210994773
1
981512884 210994773
1
981512884 210994773
1
234416149 136316188
1
234416149 213565878
0
491975781 210994773
0
491975781 210994773
0
491975781 213565878
0
491975781 213565878
-1
-1 -1
-1
-1 -1
