-1
-1 -1
-1
-1 -1
-1
-1 -1
0
20785545 89760919
-1
-1 -1
0
512362263 89760919
0
512362263 89760919
0
334881366 89760919
1
742361514 459069902
1
742361514 459069902
1
742361514 459069902
1
521029545 459069902
1
521029545 459069902
1
521029545 459069902
1
521029545 459069902
1
521029545 459069902
1
521029545 459069902
1
521029545 459069902
1
521029545 459069902
1
521029545 376726306
1
521029545 376726306
1
521029545 376726306
1
521029545 376726306
2
521029545 877452081
2
521029545 877452081
2
521029545 877452081
2
521029545 877452081
2
521029545 877452081
2
521029545 877452081
2
706077094 383986209
2
706077094 383986209
2
706077094 383986209
2
706077094 383986209
2
706077094 383986209
2
706077094 383986209
2
706077094 383986209
2
706077094 383986209
2
706077094 383986209
2
706077094 383986209
2
706077094 383986209
2
706077094 383986209
2
706077094 383986209
2
706077094 383986209
2
706077094 383986209
2
706077094 383986209
2
706077094 383986209
2
706077094 383986209
2
706077094 383986209
2
389133570 459069902
2
389133570 459069902
2
389133570 459069902
2
737115360 233258835
2
737115360 233258835
2
366224997 810464971
2
366224997 810464971
2
366224997 810464971
2
366224997 810464971
2
366224997 810464971
2
366224997 810464971
2
366224997 810464971
2
366224997 810464971
2
366224997 810464971
2
366224997 810464971
2
366224997 810464971
2
366224997 810464971
2
366224997 810464971
2
366224997 810464971
2
366224997 810464971
2
366224997 810464971
2
366224997 810464971
2
366224997 810464971
2
366224997 810464971
2
366224997 810464971
2
366224997 810464971
2
366224997 810464971
2
366224997 810464971
2
366224997 810464971
2
366224997 810464971
2
366224997 810464971
2
366224997 810464971
2
366224997 810464971
2
366224997 810464971
2
366224997 810464971
2
366224997 810464971
2
366224997 810464971
2
366224997 810464971
2
366224997 810464971
2
366224997 810464971
2
344116145 338560785
2
344116145 338560785
2
934722133 106218167
2
934722133 106218167
2
934722133 106218167
2
934722133 106218167
2
934722133 106218167
2
440836132 126500792
2
440836132 126500792
2
440836132 126500792
2
440836132 126500792
2
440836132 126500792
4
328822619 89760919
4
328822619 89760919
4
328822619 89760919
4
328822619 89760919
4
328822619 89760919
4
328822619 89760919
4
328822619 89760919
4
328822619 89760919
4
328822619 89760919
4
328822619 89760919
4
328822619 89760919
4
328822619 89760919
4
328822619 89760919
4
328822619 89760919
4
328822619 89760919
4
328822619 89760919
4
328822619 89760919
4
328822619 89760919
2
930045441 60792743
2
930045441 60792743
2
930045441 60792743
2
934722133 106218167
2
934722133 106218167
2
934722133 106218167
2
934722133 106218167
2
934722133 106218167
2
934722133 106218167
2
934722133 106218167
2
934722133 106218167
2
934722133 106218167
2
934722133 106218167
2
934722133 106218167
2
934722133 106218167
2
934722133 106218167
2
934722133 106218167
2
934722133 106218167
2
934722133 106218167
2
934722133 106218167
2
934722133 106218167
2
934722133 106218167
2
934722133 106218167
2
934722133 106218167
2
441051632 338560785
2
441051632 338560785
2
441051632 338560785
2
441051632 338560785
2
441051632 338560785
2
441051632 338560785
2
441051632 338560785
2
441051632 338560785
2
441051632 338560785
2
441051632 338560785
2
441051632 338560785
2
441051632 338560785
2
441051632 338560785
2
441051632 338560785
2
441051632 338560785
1
550800496 106218167
1
550800496 106218167
1
550800496 106218167
1
550800496 106218167
1
550800496 106218167
1
550800496 106218167
1
550800496 106218167
-1
-1 -1
-1
-1 -1
-1
-1 -1
-1
-1 -1
-1
-1 -1
-1
-1 -1
-1
-1 -1
-1
-1 -1
-1
-1 -1
-1
-1 -1
-1
-1 -1
-1
-1 -1
-1
-1 -1
-1
-1 -1
