-1
-1 -1
0
286059908 81762486
0
286059908 81762486
0
286059908 81762486
0
276773220 81762486
0
276773220 81762486
1
286059908 22477
1
286059908 22477
1
74372525 22477
1
43017738 22477
2
908242720 454996218
2
908242720 454996218
2
908242720 454996218
2
908242720 454996218
2
243671443 454996218
2
243671443 454996218
2
243671443 454996218
2
908242720 454996218
2
908242720 454996218
2
908242720 454996218
2
908242720 454996218
2
908242720 454996218
2
908242720 454996218
3
798200967 432672336
3
798200967 432672336
3
798200967 432672336
3
798200967 432672336
3
798200967 432672336
3
798200967 432672336
3
798200967 432672336
2
276773220 27424323
2
276773220 27424323
2
276773220 27424323
2
276773220 27424323
2
276773220 27424323
2
276773220 27424323
2
637226270 88809071
2
585962299 377524270
2
585962299 377524270
2
585962299 377524270
2
585962299 377524270
2
585962299 377524270
3
637226270 330180328
3
637226270 330180328
3
637226270 330180328
3
637226270 330180328
3
637226270 330180328
3
637226270 330180328
3
637226270 330180328
3
637226270 330180328
3
637226270 330180328
3
637226270 330180328
3
637226270 330180328
3
637226270 330180328
3
637226270 330180328
3
637226270 330180328
3
637226270 330180328
3
637226270 330180328
3
637226270 330180328
3
637226270 330180328
3
637226270 330180328
2
585962299 377524270
2
585962299 377524270
2
585962299 377524270
2
585962299 377524270
2
862735518 862940686
2
862735518 862940686
2
862735518 862940686
2
862735518 862940686
2
908242720 454996218
2
908242720 454996218
2
908242720 454996218
2
908242720 454996218
1
811589802 174838712
1
92413353 27424323
1
92413353 27424323
1
92413353 27424323
1
92413353 27424323
1
92413353 27424323
1
92413353 27424323
1
92413353 27424323
1
92413353 27424323
1
92413353 27424323
-1
-1 -1
-1
-1 -1
-1
-1 -1
-1
-1 -1
-1
-1 -1
-1
-1 -1
-1
-1 -1
-1
-1 -1
-1
-1 -1
-1
-1 -1
-1
-1 -1
-1
-1 -1
-1
-1 -1
-1
-1 -1
-1
-1 -1
-1
-1 -1
-1
-1 -1
