-1
-1 -1
-1
-1 -1
-1
-1 -1
1
61738654 314313066
1
61738654 314313066
1
142081150 911478223
1
142081150 911478223
1
142081150 911478223
1
142081150 911478223
1
142081150 911478223
0
669222850 31123739
1
669222850 595695892
1
669222850 595695892
1
669222850 595695892
1
783924682 314313066
1
681400783 119473217
1
783924682 314313066
1
783924682 314313066
1
226163688 911478223
1
226163688 911478223
1
534793053 499486453
1
534793053 499486453
1
534793053 499486453
2
242173906 507966333
2
242173906 507966333
2
242173906 507966333
2
242173906 507966333
2
242173906 507966333
2
242173906 507966333
2
242173906 507966333
2
242173906 507966333
1
534793053 499486453
1
226163688 386116483
1
226163688 386116483
1
226163688 386116483
1
226163688 386116483
1
766934650 3993459
1
766934650 3993459
1
766934650 3993459
1
226163688 386116483
1
226163688 386116483
1
226163688 386116483
1
226163688 386116483
1
226163688 386116483
-1
-1 -1
-1
-1 -1
-1
-1 -1
-1
-1 -1
-1
-1 -1
-1
-1 -1
-1
-1 -1
-1
-1 -1
-1
-1 -1
-1
-1 -1
-1
-1 -1
-1
-1 -1
-1
-1 -1
-1
-1 -1
