-1
-1 -1
0
788835994 2248287
0
436013510 2248287
0
285673412 2248287
0
285673412 2248287
0
285673412 2248287
-1
-1 -1
0
285673412 146326967
0
285673412 146326967
0
285673412 146326967
0
285673412 146326967
0
285673412 146326967
0
285673412 146326967
0
285673412 146326967
1
195003587 721584520
1
195003587 721584520
2
54312923 305266562
2
54312923 305266562
2
54312923 305266562
2
54312923 305266562
2
195003587 561568199
2
195003587 561568199
2
195003587 561568199
2
195003587 561568199
2
195003587 561568199
2
195003587 561568199
2
195003587 561568199
2
195003587 561568199
2
195003587 561568199
2
195003587 561568199
2
195003587 561568199
2
195003587 561568199
2
195003587 561568199
2
195003587 561568199
2
195003587 561568199
2
195003587 561568199
2
195003587 561568199
2
195003587 561568199
2
195003587 561568199
2
195003587 561568199
2
195003587 561568199
2
195003587 561568199
2
195003587 561568199
2
195003587 561568199
2
195003587 561568199
2
195003587 561568199
2
195003587 561568199
2
195003587 561568199
2
195003587 561568199
2
195003587 561568199
2
195003587 561568199
2
195003587 561568199
2
195003587 561568199
2
195003587 561568199
2
195003587 561568199
2
195003587 561568199
2
195003587 561568199
2
195003587 561568199
2
195003587 561568199
2
195003587 561568199
2
195003587 561568199
2
195003587 561568199
3
576357595 480234535
3
576357595 480234535
3
576357595 480234535
3
576357595 480234535
3
576357595 480234535
3
576357595 480234535
3
576357595 480234535
3
657101338 865540661
3
657101338 865540661
3
657101338 865540661
3
657101338 865540661
3
657101338 865540661
3
657101338 865540661
3
657101338 865540661
3
657101338 865540661
3
657101338 865540661
3
657101338 865540661
3
657101338 865540661
3
657101338 865540661
3
657101338 865540661
3
657101338 865540661
3
657101338 865540661
3
657101338 865540661
3
657101338 865540661
3
657101338 865540661
3
657101338 865540661
3
657101338 865540661
3
657101338 865540661
3
657101338 865540661
3
657101338 865540661
3
657101338 865540661
3
657101338 865540661
3
657101338 865540661
3
657101338 865540661
3
657101338 865540661
3
657101338 865540661
3
657101338 865540661
3
657101338 865540661
3
657101338 865540661
3
657101338 865540661
3
657101338 865540661
3
657101338 865540661
3
657101338 865540661
3
657101338 865540661
3
657101338 865540661
3
657101338 865540661
3
657101338 865540661
3
657101338 865540661
3
657101338 865540661
3
657101338 865540661
3
657101338 865540661
3
657101338 865540661
3
657101338 865540661
3
657101338 865540661
3
657101338 865540661
3
657101338 865540661
3
657101338 865540661
3
657101338 865540661
3
657101338 865540661
3
657101338 865540661
3
657101338 865540661
3
657101338 865540661
3
657101338 865540661
3
657101338 865540661
3
657101338 865540661
3
657101338 865540661
3
657101338 865540661
3
657101338 865540661
3
657101338 865540661
3
657101338 865540661
3
657101338 865540661
3
657101338 865540661
3
657101338 865540661
3
657101338 865540661
3
657101338 865540661
3
657101338 865540661
3
657101338 865540661
3
657101338 865540661
3
657101338 865540661
3
657101338 865540661
3
657101338 865540661
3
657101338 865540661
3
657101338 865540661
3
657101338 865540661
3
657101338 865540661
3
657101338 865540661
3
657101338 865540661
3
657101338 865540661
3
657101338 865540661
3
657101338 865540661
3
657101338 865540661
3
657101338 865540661
3
657101338 865540661
3
657101338 865540661
3
657101338 865540661
3
657101338 865540661
3
657101338 865540661
3
657101338 865540661
3
657101338 865540661
3
657101338 865540661
3
576357595 480234535
3
576357595 480234535
3
576357595 480234535
3
576357595 480234535
3
576357595 480234535
3
576357595 480234535
3
576357595 480234535
3
576357595 480234535
3
576357595 480234535
3
576357595 480234535
3
576357595 480234535
3
576357595 480234535
3
576357595 480234535
3
576357595 480234535
3
576357595 480234535
3
576357595 480234535
3
576357595 480234535
3
576357595 480234535
3
576357595 480234535
3
576357595 480234535
3
576357595 480234535
3
576357595 480234535
3
576357595 480234535
3
576357595 480234535
3
576357595 480234535
3
576357595 480234535
3
576357595 480234535
3
576357595 480234535
3
576357595 480234535
3
576357595 480234535
3
576357595 480234535
3
576357595 480234535
3
576357595 480234535
3
576357595 480234535
3
576357595 480234535
2
257252361 63562616
2
257252361 63562616
2
257252361 63562616
2
257252361 63562616
2
257252361 63562616
2
257252361 63562616
2
257252361 63562616
2
257252361 63562616
2
257252361 63562616
2
69306672 273275659
2
69306672 273275659
2
69306672 273275659
2
69306672 273275659
2
69306672 273275659
2
69306672 273275659
2
69306672 273275659
2
770568768 273275659
2
770568768 273275659
2
770568768 273275659
2
770568768 273275659
2
770568768 273275659
2
770568768 273275659
2
770568768 273275659
2
770568768 273275659
2
770568768 273275659
2
770568768 273275659
2
770568768 273275659
2
770568768 273275659
2
770568768 273275659
1
576357595 134489633
1
576357595 134489633
1
576357595 134489633
1
195003587 486645535
1
737079699 323656893
1
737079699 323656893
1
737079699 323656893
1
737079699 323656893
1
737079699 323656893
1
737079699 323656893
1
737079699 323656893
0
621167919 167621622
0
621167919 167621622
0
621167919 167621622
0
621167919 167621622
0
621167919 167621622
0
621167919 167621622
0
621167919 167621622
0
621167919 486645535
-1
-1 -1
-1
-1 -1
-1
-1 -1
