-1
-1 -1
-1
-1 -1
-1
-1 -1
1
379973556 117803009
1
379973556 117803009
-1
-1 -1
0
56141131 184045152
0
56141131 184045152
0
56141131 184045152
1
750234423 79357188
1
750234423 79357188
1
750234423 79357188
1
18663945 79357188
2
18663945 273507077
2
18663945 273507077
2
18663945 273507077
2
18663945 273507077
2
18663945 273507077
2
18663945 273507077
2
18663945 273507077
2
18663945 273507077
2
18663945 273507077
2
18663945 273507077
2
18663945 273507077
2
18663945 273507077
2
18663945 273507077
2
18663945 273507077
2
18663945 273507077
2
18663945 273507077
2
831827824 1246738
2
831827824 1246738
2
831827824 1246738
2
831827824 1246738
2
831827824 1246738
2
831827824 1246738
2
831827824 1246738
2
831827824 1246738
2
831827824 1246738
2
831827824 1246738
2
831827824 1246738
2
831827824 1246738
2
831827824 1246738
2
831827824 1246738
2
831827824 1246738
2
831827824 1246738
2
831827824 1246738
2
831827824 1246738
2
831827824 1246738
2
831827824 1246738
2
831827824 1246738
2
831827824 1246738
2
831827824 1246738
2
831827824 1246738
2
831827824 1246738
2
831827824 1246738
2
831827824 1246738
2
831827824 1246738
2
831827824 1246738
2
831827824 1246738
2
831827824 1246738
2
831827824 1246738
2
831827824 1246738
2
831827824 1246738
2
831827824 1246738
2
831827824 1246738
2
831827824 1246738
2
831827824 1246738
2
831827824 1246738
2
831827824 1246738
2
831827824 1246738
2
831827824 1246738
2
831827824 1246738
3
574819554 507867685
3
574819554 507867685
3
574819554 507867685
3
574819554 507867685
3
574819554 507867685
3
574819554 507867685
3
574819554 507867685
3
574819554 507867685
3
574819554 507867685
3
574819554 507867685
3
574819554 507867685
3
574819554 507867685
3
574819554 507867685
3
574819554 507867685
3
574819554 507867685
3
574819554 507867685
3
574819554 507867685
3
574819554 507867685
3
574819554 507867685
3
574819554 507867685
3
574819554 507867685
3
574819554 507867685
3
574819554 507867685
3
574819554 507867685
3
574819554 507867685
3
574819554 507867685
3
574819554 507867685
3
574819554 507867685
2
660855284 899870491
2
660855284 899870491
2
660855284 899870491
2
660855284 899870491
2
660855284 899870491
2
660855284 899870491
2
660855284 899870491
2
660855284 899870491
2
660855284 899870491
2
660855284 899870491
2
660855284 899870491
2
660855284 899870491
2
660855284 899870491
2
660855284 899870491
2
660855284 899870491
2
660855284 899870491
2
660855284 899870491
2
660855284 899870491
2
660855284 899870491
2
660855284 899870491
2
660855284 899870491
2
660855284 899870491
2
660855284 899870491
2
660855284 899870491
2
660855284 899870491
2
660855284 899870491
2
660855284 899870491
2
660855284 899870491
2
660855284 899870491
2
660855284 899870491
2
660855284 899870491
2
660855284 899870491
2
660855284 899870491
2
660855284 899870491
2
660855284 899870491
2
660855284 899870491
2
660855284 899870491
2
660855284 899870491
1
821643486 401108042
1
821643486 401108042
1
821643486 401108042
1
821643486 401108042
1
821643486 401108042
1
54922619 455077469
1
54922619 455077469
1
54922619 455077469
1
54922619 455077469
1
85100256 1246738
1
85100256 1246738
1
85100256 1246738
1
85100256 1246738
1
85100256 1246738
1
85100256 1246738
1
85100256 1246738
1
85100256 1246738
1
85100256 1246738
1
85100256 1246738
1
85100256 1246738
1
85100256 828367143
1
85100256 828367143
-1
-1 -1
-1
-1 -1
-1
-1 -1
-1
-1 -1
-1
-1 -1
-1
-1 -1
