-1
-1 -1
-1
-1 -1
0
283757135 750718467
0
283757135 113892954
1
979675456 683199409
1
979675456 683199409
1
517992648 771849429
1
517992648 771849429
1
517992648 771849429
1
517992648 771849429
1
517992648 771849429
1
517992648 771849429
1
517992648 771849429
1
282714664 829581349
1
282714664 829581349
1
282714664 829581349
1
282714664 829581349
1
282714664 829581349
1
282714664 829581349
3
488157769 113892954
3
488157769 113892954
3
488157769 113892954
3
488157769 113892954
3
488157769 113892954
3
488157769 113892954
3
488157769 113892954
3
488157769 113892954
3
488157769 113892954
3
488157769 113892954
3
488157769 113892954
3
488157769 113892954
3
488157769 113892954
3
488157769 113892954
3
488157769 113892954
3
488157769 113892954
3
488157769 113892954
3
488157769 113892954
3
488157769 113892954
3
488157769 113892954
3
488157769 113892954
3
488157769 113892954
3
488157769 113892954
3
293643905 61337182
3
293643905 61337182
3
293643905 61337182
3
293643905 61337182
3
293643905 61337182
3
293643905 61337182
3
293643905 61337182
3
293643905 61337182
3
293643905 61337182
3
293643905 61337182
3
293643905 61337182
3
293643905 61337182
3
293643905 61337182
3
293643905 61337182
3
293643905 61337182
3
293643905 61337182
3
279996272 876199837
3
279996272 876199837
3
279996272 876199837
3
279996272 876199837
3
279996272 876199837
3
279996272 876199837
3
279996272 876199837
3
279996272 876199837
3
279996272 876199837
3
279996272 876199837
3
279996272 876199837
3
279996272 876199837
3
279996272 876199837
3
279996272 876199837
3
279996272 876199837
3
279996272 876199837
3
279996272 876199837
3
279996272 876199837
3
279996272 876199837
3
279996272 876199837
3
279996272 876199837
3
279996272 876199837
3
279996272 876199837
3
279996272 876199837
3
279996272 876199837
3
279996272 876199837
3
279996272 876199837
3
279996272 876199837
3
279996272 876199837
3
279996272 876199837
3
279996272 876199837
2
451012753 113892954
2
451012753 113892954
1
654498977 6529813
1
654498977 6529813
1
654498977 6529813
1
654498977 6529813
1
654498977 6529813
1
654498977 6529813
1
654498977 6529813
1
293643905 900290900
1
293643905 900290900
1
293643905 900290900
1
293643905 900290900
1
524026213 900290900
-1
-1 -1
-1
-1 -1
-1
-1 -1
