-1
-1 -1
-1
-1 -1
-1
-1 -1
1
641371402 89950881
1
641371402 89950881
1
641371402 89950881
1
641371402 89950881
1
641371402 89950881
1
641371402 89950881
1
641371402 89950881
1
641371402 89950881
1
641371402 89950881
1
641371402 89950881
1
641371402 89950881
1
641371402 89950881
1
641371402 89950881
1
641371402 89950881
0
595165362 55417856
1
30104145 185844953
1
881961266 284333652
1
881961266 284333652
1
881961266 284333652
1
881961266 284333652
1
881961266 191939836
2
237757007 185844953
2
237757007 185844953
1
286631054 196872556
1
286631054 196872556
2
595165362 663045854
2
595165362 663045854
2
595165362 663045854
2
595165362 663045854
2
595165362 663045854
2
595165362 663045854
2
595165362 663045854
2
890344593 191939836
2
595165362 663045854
2
595165362 663045854
2
595165362 663045854
2
728746283 89950881
2
728746283 89950881
2
728746283 89950881
2
728746283 89950881
2
728746283 89950881
2
728746283 89950881
1
286631054 196872556
1
286631054 196872556
1
286631054 196872556
1
286631054 196872556
1
286631054 196872556
1
286631054 196872556
1
286631054 196872556
1
286631054 196872556
1
286631054 196872556
1
286631054 196872556
1
286631054 196872556
1
286631054 196872556
1
286631054 196872556
1
286631054 196872556
1
286631054 196872556
1
286631054 196872556
1
286631054 196872556
1
496764065 867873988
-1
-1 -1
-1
-1 -1
-1
-1 -1
-1
-1 -1
-1
-1 -1
-1
-1 -1
-1
-1 -1
-1
-1 -1
-1
-1 -1
-1
-1 -1
-1
-1 -1
-1
-1 -1
-1
-1 -1
-1
-1 -1
-1
-1 -1
