-1
-1 -1
-1
-1 -1
0
5356145 361437877
2
151034397 361437877
2
151034397 361437877
2
151034397 361437877
2
151034397 361437877
2
151034397 361437877
2
151034397 361437877
2
151034397 361437877
2
151034397 361437877
2
151034397 361437877
2
151034397 361437877
2
151034397 361437877
2
151034397 361437877
2
287542324 34583969
2
287542324 34583969
2
287542324 34583969
2
287542324 34583969
2
287542324 34583969
2
287542324 34583969
2
287542324 34583969
2
287542324 34583969
2
287542324 34583969
2
287542324 34583969
2
12526012 386301063
2
12526012 386301063
2
12526012 386301063
2
12526012 386301063
2
12526012 386301063
2
12526012 386301063
2
12526012 386301063
2
12526012 386301063
2
385989388 420621407
2
385989388 420621407
2
385989388 420621407
2
385989388 420621407
2
385989388 420621407
2
385989388 420621407
2
385989388 420621407
2
268738678 735292650
2
268738678 735292650
2
268738678 735292650
2
268738678 735292650
2
268738678 735292650
2
268738678 735292650
2
268738678 735292650
2
268738678 735292650
2
268738678 735292650
2
268738678 735292650
2
268738678 735292650
2
268738678 735292650
3
268738678 295419002
3
268738678 295419002
3
268738678 295419002
3
268738678 295419002
3
268738678 295419002
3
268738678 295419002
3
268738678 295419002
3
268738678 295419002
3
268738678 295419002
3
268738678 295419002
3
268738678 295419002
3
268738678 295419002
3
268738678 295419002
2
972099406 820990578
2
972099406 820990578
2
972099406 820990578
2
972099406 820990578
3
259425158 7876678
3
259425158 7876678
3
259425158 7876678
3
259425158 7876678
3
259425158 7876678
3
259425158 7876678
3
259425158 7876678
3
259425158 7876678
3
259425158 7876678
3
778708902 820990578
3
778708902 820990578
3
778708902 820990578
3
778708902 820990578
3
778708902 820990578
3
778708902 820990578
3
778708902 820990578
3
778708902 820990578
3
778708902 820990578
3
778708902 820990578
3
778708902 820990578
3
778708902 820990578
3
778708902 820990578
3
778708902 820990578
3
778708902 820990578
3
778708902 820990578
3
778708902 820990578
3
778708902 820990578
3
778708902 820990578
3
778708902 820990578
3
778708902 820990578
3
778708902 820990578
3
778708902 820990578
3
778708902 820990578
3
778708902 820990578
3
259425158 7876678
3
259425158 7876678
3
259425158 7876678
3
259425158 7876678
3
259425158 7876678
3
259425158 7876678
3
249366698 389586551
3
249366698 389586551
3
249366698 389586551
3
249366698 389586551
3
249366698 389586551
3
249366698 389586551
3
249366698 389586551
3
249366698 389586551
3
249366698 389586551
3
249366698 389586551
3
249366698 389586551
3
249366698 389586551
3
249366698 389586551
3
259425158 7876678
3
259425158 7876678
3
983364250 471009401
3
983364250 471009401
4
870692980 295419002
4
870692980 295419002
4
870692980 295419002
4
870692980 295419002
4
870692980 295419002
4
870692980 295419002
4
870692980 295419002
4
870692980 295419002
4
870692980 295419002
4
870692980 295419002
4
870692980 295419002
4
870692980 295419002
4
870692980 295419002
4
870692980 295419002
4
870692980 295419002
4
870692980 295419002
4
870692980 295419002
4
870692980 295419002
4
870692980 295419002
4
870692980 295419002
4
870692980 295419002
4
870692980 295419002
4
870692980 295419002
4
870692980 295419002
4
870692980 295419002
4
870692980 295419002
4
870692980 295419002
4
870692980 295419002
4
870692980 295419002
4
870692980 295419002
4
870692980 295419002
4
870692980 295419002
4
491376813 471009401
4
491376813 471009401
4
491376813 471009401
4
491376813 471009401
4
870692980 295419002
4
870692980 295419002
4
870692980 295419002
4
870692980 295419002
4
870692980 295419002
4
870692980 295419002
4
870692980 295419002
4
870692980 295419002
4
870692980 295419002
4
870692980 295419002
4
870692980 295419002
4
870692980 295419002
4
870692980 295419002
4
870692980 295419002
4
870692980 295419002
4
870692980 295419002
4
870692980 295419002
4
870692980 295419002
4
870692980 295419002
4
870692980 295419002
4
870692980 295419002
4
870692980 295419002
4
870692980 295419002
4
870692980 295419002
4
870692980 295419002
4
870692980 295419002
4
870692980 295419002
4
870692980 295419002
4
870692980 295419002
4
870692980 295419002
4
870692980 295419002
4
870692980 295419002
4
870692980 295419002
4
870692980 295419002
4
870692980 295419002
4
870692980 295419002
4
870692980 295419002
4
870692980 295419002
4
870692980 295419002
4
870692980 295419002
4
870692980 295419002
4
870692980 295419002
4
870692980 295419002
4
870692980 295419002
4
191105904 257490028
4
191105904 257490028
4
191105904 257490028
4
191105904 257490028
4
191105904 257490028
4
191105904 257490028
4
191105904 257490028
4
191105904 257490028
4
191105904 257490028
4
191105904 257490028
4
191105904 257490028
4
191105904 257490028
4
191105904 257490028
4
191105904 257490028
4
191105904 257490028
4
191105904 257490028
4
191105904 257490028
4
191105904 257490028
4
191105904 257490028
4
191105904 257490028
4
191105904 257490028
4
191105904 257490028
4
983038474 214586144
4
983038474 214586144
4
983038474 214586144
4
983038474 214586144
4
983038474 214586144
4
983038474 214586144
4
983038474 214586144
4
983038474 214586144
4
983038474 214586144
4
983038474 214586144
4
983038474 214586144
4
983038474 214586144
4
703128738 982726114
4
703128738 982726114
4
703128738 982726114
4
703128738 982726114
4
703128738 982726114
4
703128738 982726114
4
703128738 982726114
4
703128738 982726114
4
703128738 982726114
4
703128738 982726114
4
703128738 982726114
4
703128738 982726114
4
703128738 982726114
4
703128738 982726114
4
703128738 982726114
4
703128738 982726114
4
703128738 982726114
4
703128738 982726114
4
703128738 982726114
4
703128738 982726114
4
703128738 982726114
4
703128738 982726114
4
703128738 982726114
5
51369540 498564662
5
51369540 498564662
5
51369540 498564662
5
51369540 498564662
5
51369540 498564662
5
51369540 498564662
5
51369540 498564662
5
51369540 498564662
5
51369540 498564662
5
51369540 498564662
5
51369540 498564662
5
51369540 498564662
5
51369540 498564662
5
51369540 498564662
5
51369540 498564662
5
51369540 498564662
5
51369540 498564662
5
51369540 498564662
5
51369540 498564662
5
51369540 498564662
5
51369540 498564662
5
51369540 498564662
5
51369540 498564662
5
51369540 498564662
5
51369540 498564662
5
51369540 498564662
5
51369540 498564662
5
51369540 498564662
5
51369540 498564662
5
51369540 498564662
5
51369540 498564662
5
51369540 498564662
5
51369540 498564662
5
51369540 498564662
5
51369540 498564662
5
51369540 498564662
5
51369540 498564662
5
51369540 498564662
5
51369540 498564662
5
51369540 498564662
5
51369540 498564662
7
38980879 491968222
7
38980879 491968222
7
38980879 491968222
7
38980879 491968222
7
38980879 491968222
7
38980879 491968222
7
38980879 491968222
7
38980879 491968222
7
38980879 491968222
7
38980879 491968222
7
38980879 491968222
7
38980879 491968222
7
38980879 491968222
7
38980879 491968222
7
38980879 491968222
7
38980879 491968222
7
38980879 491968222
7
38980879 491968222
7
38980879 491968222
7
38980879 491968222
7
38980879 491968222
7
38980879 491968222
7
38980879 491968222
7
38980879 491968222
7
38980879 491968222
7
38980879 491968222
7
38980879 491968222
7
38980879 491968222
7
38980879 491968222
7
38980879 491968222
7
38980879 491968222
7
38980879 491968222
7
38980879 491968222
7
38980879 491968222
7
38980879 491968222
7
38980879 491968222
7
38980879 491968222
7
38980879 491968222
7
38980879 491968222
7
38980879 491968222
7
38980879 491968222
7
38980879 491968222
7
38980879 491968222
7
38980879 491968222
7
38980879 491968222
7
38980879 491968222
7
38980879 491968222
7
38980879 491968222
7
38980879 491968222
7
38980879 491968222
5
51369540 498564662
5
51369540 498564662
5
51369540 498564662
5
51369540 498564662
5
51369540 498564662
5
51369540 498564662
5
51369540 498564662
5
51369540 498564662
5
51369540 498564662
5
51369540 498564662
5
51369540 498564662
5
51369540 498564662
5
51369540 498564662
5
51369540 498564662
5
51369540 498564662
5
51369540 498564662
5
51369540 498564662
5
51369540 498564662
5
51369540 498564662
5
51369540 498564662
5
51369540 498564662
5
51369540 498564662
5
51369540 498564662
5
51369540 498564662
5
51369540 498564662
5
51369540 498564662
5
51369540 498564662
5
51369540 498564662
5
51369540 498564662
5
51369540 498564662
5
51369540 498564662
5
51369540 498564662
5
51369540 498564662
5
51369540 498564662
5
51369540 498564662
5
51369540 498564662
5
51369540 498564662
5
51369540 498564662
5
51369540 498564662
5
51369540 498564662
5
51369540 498564662
5
51369540 498564662
5
51369540 498564662
5
51369540 498564662
5
51369540 498564662
5
51369540 498564662
5
51369540 498564662
5
51369540 498564662
5
51369540 498564662
5
51369540 498564662
5
51369540 498564662
5
51369540 498564662
4
832059352 63798986
4
832059352 63798986
4
832059352 63798986
4
832059352 63798986
4
832059352 63798986
4
832059352 63798986
4
832059352 63798986
4
832059352 63798986
4
832059352 63798986
4
832059352 63798986
4
832059352 63798986
4
832059352 63798986
4
832059352 63798986
4
832059352 63798986
4
832059352 63798986
4
832059352 63798986
4
832059352 63798986
4
832059352 63798986
4
832059352 63798986
4
832059352 63798986
4
832059352 63798986
4
832059352 63798986
4
832059352 63798986
4
832059352 63798986
4
832059352 63798986
4
832059352 63798986
4
832059352 63798986
4
832059352 63798986
4
832059352 63798986
4
832059352 63798986
4
832059352 63798986
4
832059352 63798986
4
832059352 63798986
4
832059352 63798986
4
832059352 63798986
4
832059352 63798986
4
832059352 63798986
4
832059352 63798986
4
832059352 63798986
4
832059352 63798986
4
832059352 63798986
4
832059352 63798986
4
832059352 63798986
4
832059352 63798986
4
832059352 63798986
4
832059352 63798986
4
832059352 63798986
4
832059352 63798986
4
832059352 63798986
4
832059352 63798986
4
832059352 63798986
4
832059352 63798986
4
832059352 63798986
4
832059352 63798986
4
832059352 63798986
4
832059352 63798986
4
832059352 63798986
4
832059352 63798986
4
832059352 63798986
4
832059352 63798986
4
832059352 63798986
4
832059352 63798986
4
832059352 63798986
4
703128738 982726114
4
703128738 982726114
4
703128738 982726114
4
703128738 982726114
4
703128738 982726114
4
703128738 982726114
4
703128738 982726114
4
703128738 982726114
4
703128738 982726114
3
496678037 63798986
3
496678037 63798986
3
496678037 63798986
3
496678037 63798986
3
496678037 63798986
3
496678037 63798986
3
496678037 63798986
3
496678037 63798986
3
496678037 63798986
3
496678037 63798986
3
496678037 63798986
3
496678037 63798986
2
234432346 63798986
2
234432346 63798986
2
234432346 63798986
2
234432346 63798986
2
234432346 63798986
2
234432346 63798986
2
234432346 63798986
2
234432346 63798986
2
234432346 63798986
2
234432346 63798986
2
234432346 63798986
2
234432346 63798986
1
706161972 186296776
1
113562612 214586144
1
113562612 214586144
1
113562612 214586144
1
113562612 214586144
1
113562612 214586144
1
113562612 214586144
1
113562612 214586144
1
113562612 214586144
-1
-1 -1
-1
-1 -1
-1
-1 -1
-1
-1 -1
-1
-1 -1
-1
-1 -1
-1
-1 -1
-1
-1 -1
-1
-1 -1
-1
-1 -1
-1
-1 -1
