-1
-1 -1
0
191182896 460762878
0
191182896 405967002
1
127160595 405967002
1
127160595 405967002
1
127160595 405967002
1
127160595 405967002
-1
-1 -1
1
191182896 765268979
-1
-1 -1
1
393778198 890569931
1
393778198 15117051
1
27662255 15117051
1
27662255 890569931
1
27662255 890569931
1
27662255 745182051
1
27662255 745182051
1
27662255 745182051
1
27662255 745182051
1
27662255 745182051
1
27662255 745182051
1
27662255 745182051
1
27662255 745182051
2
803590271 831185344
2
803590271 831185344
2
803590271 831185344
2
803590271 307836770
2
803590271 307836770
2
803590271 307836770
1
956722834 586467369
1
956722834 586467369
2
456651227 97705032
3
292376159 865417201
3
292376159 865417201
3
292376159 865417201
3
292376159 865417201
3
292376159 865417201
3
292376159 865417201
3
292376159 865417201
3
292376159 865417201
3
292376159 865417201
3
292376159 865417201
3
292376159 865417201
3
292376159 865417201
3
292376159 865417201
3
292376159 865417201
3
292376159 865417201
3
292376159 865417201
3
292376159 865417201
3
292376159 865417201
3
292376159 865417201
3
292376159 865417201
3
292376159 865417201
3
292376159 865417201
3
292376159 865417201
3
292376159 865417201
3
292376159 865417201
3
292376159 865417201
3
292376159 865417201
3
292376159 865417201
3
292376159 865417201
3
292376159 865417201
3
292376159 865417201
3
292376159 865417201
3
292376159 865417201
3
292376159 865417201
3
292376159 865417201
3
292376159 865417201
3
292376159 865417201
3
292376159 865417201
3
292376159 865417201
3
292376159 865417201
3
292376159 865417201
3
292376159 865417201
3
292376159 865417201
3
292376159 865417201
3
292376159 865417201
3
292376159 865417201
3
292376159 865417201
3
292376159 865417201
3
292376159 865417201
3
292376159 865417201
3
292376159 865417201
3
292376159 865417201
3
292376159 865417201
2
197957359 937157491
2
197957359 937157491
2
197957359 937157491
2
197957359 937157491
2
197957359 937157491
2
197957359 937157491
2
956722834 517487095
2
956722834 517487095
2
956722834 517487095
2
956722834 517487095
2
956722834 517487095
2
861380472 831185344
2
861380472 831185344
-1
-1 -1
-1
-1 -1
-1
-1 -1
-1
-1 -1
-1
-1 -1
-1
-1 -1
-1
-1 -1
-1
-1 -1
-1
-1 -1
-1
-1 -1
-1
-1 -1
-1
-1 -1
-1
-1 -1
-1
-1 -1
-1
-1 -1
-1
-1 -1
