-1
-1 -1
1
712754192 389933006
-1
-1 -1
-1
-1 -1
-1
-1 -1
0
237923303 493576822
0
237923303 277629361
0
237923303 493576822
1
269974665 493576822
1
269974665 493576822
1
269974665 493576822
3
237923303 67888929
3
237923303 67888929
3
237923303 67888929
3
237923303 67888929
3
237923303 67888929
3
237923303 67888929
3
237923303 67888929
3
237923303 67888929
3
237923303 67888929
3
237923303 67888929
3
237923303 67888929
3
237923303 67888929
3
237923303 67888929
3
237923303 67888929
3
237923303 67888929
3
237923303 67888929
3
237923303 67888929
3
237923303 67888929
3
237923303 67888929
3
237923303 67888929
2
754963538 348396284
2
754963538 348396284
2
754963538 348396284
2
754963538 348396284
2
754963538 348396284
2
754963538 348396284
2
754963538 348396284
2
754963538 348396284
2
754963538 348396284
2
754963538 348396284
2
754963538 348396284
1
30651952 27385520
1
30651952 27385520
1
30651952 27385520
1
30651952 27385520
1
30651952 27385520
1
30651952 27385520
1
30651952 27385520
1
463282207 348396284
1
463282207 348396284
1
463282207 348396284
1
463282207 348396284
1
463282207 348396284
1
463282207 348396284
1
463282207 348396284
1
463282207 348396284
1
463282207 348396284
2
57348230 866007783
2
57348230 866007783
2
57348230 866007783
2
57348230 866007783
2
57348230 866007783
2
57348230 866007783
2
57348230 866007783
2
57348230 866007783
2
57348230 866007783
2
309171912 768467337
2
309171912 768467337
2
309171912 768467337
2
309171912 768467337
2
309171912 768467337
2
309171912 768467337
2
57348230 866007783
2
57348230 866007783
2
57348230 866007783
2
57348230 866007783
2
57348230 866007783
2
57348230 866007783
2
57348230 866007783
2
57348230 866007783
2
57348230 866007783
2
57348230 866007783
2
799643887 394833919
2
799643887 394833919
2
799643887 394833919
2
799643887 394833919
2
799643887 394833919
2
799643887 394833919
2
799643887 394833919
2
799643887 394833919
2
799643887 394833919
2
799643887 394833919
2
799643887 394833919
2
799643887 394833919
2
799643887 394833919
2
799643887 394833919
2
799643887 394833919
3
463282207 923704732
3
734767156 893235229
3
734767156 893235229
3
734767156 893235229
3
734767156 893235229
3
734767156 893235229
3
734767156 893235229
3
734767156 893235229
3
734767156 893235229
3
734767156 893235229
3
734767156 893235229
3
734767156 893235229
3
734767156 893235229
3
734767156 893235229
3
734767156 893235229
3
734767156 893235229
3
734767156 893235229
3
734767156 893235229
3
734767156 893235229
3
734767156 893235229
3
734767156 893235229
3
734767156 893235229
3
734767156 893235229
3
734767156 893235229
3
734767156 893235229
3
734767156 893235229
3
734767156 893235229
3
734767156 893235229
3
463282207 923704732
3
463282207 923704732
3
463282207 923704732
3
463282207 923704732
3
463282207 923704732
3
463282207 923704732
3
463282207 923704732
3
463282207 923704732
3
463282207 923704732
3
463282207 923704732
3
463282207 923704732
3
463282207 923704732
3
463282207 923704732
3
697030485 324879314
3
697030485 324879314
3
697030485 324879314
3
697030485 324879314
3
697030485 324879314
3
697030485 324879314
3
897641488 308039701
3
897641488 308039701
3
897641488 308039701
3
897641488 308039701
3
897641488 308039701
3
897641488 308039701
3
897641488 308039701
3
897641488 308039701
3
897641488 308039701
3
897641488 308039701
3
897641488 308039701
3
897641488 308039701
3
897641488 308039701
3
897641488 308039701
3
897641488 308039701
3
897641488 308039701
3
897641488 308039701
3
532200778 605442280
3
532200778 605442280
3
532200778 605442280
4
815206282 750434037
4
815206282 750434037
4
815206282 750434037
4
815206282 750434037
4
815206282 750434037
4
815206282 750434037
4
815206282 750434037
4
815206282 750434037
4
815206282 750434037
4
815206282 750434037
4
815206282 750434037
4
815206282 750434037
4
815206282 750434037
4
815206282 750434037
4
815206282 750434037
4
815206282 750434037
4
815206282 750434037
4
815206282 750434037
4
815206282 750434037
4
815206282 750434037
4
815206282 750434037
4
815206282 750434037
4
815206282 750434037
4
815206282 750434037
4
815206282 750434037
4
815206282 750434037
4
815206282 750434037
4
815206282 750434037
4
815206282 750434037
4
815206282 750434037
4
815206282 750434037
4
815206282 750434037
4
815206282 750434037
4
815206282 750434037
4
815206282 750434037
4
815206282 750434037
4
815206282 750434037
4
815206282 750434037
4
815206282 750434037
4
815206282 750434037
4
815206282 750434037
4
815206282 750434037
4
815206282 750434037
4
815206282 750434037
4
815206282 750434037
4
815206282 750434037
4
815206282 750434037
4
815206282 750434037
4
815206282 750434037
4
815206282 750434037
4
815206282 750434037
4
815206282 750434037
4
815206282 750434037
4
815206282 750434037
4
815206282 750434037
4
815206282 750434037
4
815206282 750434037
4
815206282 750434037
4
815206282 750434037
4
815206282 750434037
4
815206282 750434037
4
815206282 750434037
4
815206282 750434037
4
815206282 750434037
4
815206282 750434037
4
815206282 750434037
4
815206282 750434037
4
815206282 750434037
4
815206282 750434037
4
815206282 750434037
4
815206282 750434037
4
815206282 750434037
4
815206282 750434037
4
815206282 750434037
4
815206282 750434037
4
815206282 750434037
4
815206282 750434037
4
815206282 750434037
4
815206282 750434037
4
815206282 750434037
4
815206282 750434037
4
815206282 750434037
4
333276108 732667389
4
333276108 732667389
4
333276108 732667389
4
333276108 732667389
4
333276108 732667389
4
333276108 732667389
4
333276108 732667389
4
333276108 732667389
4
333276108 732667389
4
333276108 732667389
4
333276108 732667389
4
333276108 732667389
4
333276108 732667389
4
333276108 732667389
4
333276108 732667389
4
333276108 732667389
4
333276108 732667389
4
333276108 732667389
4
333276108 732667389
4
333276108 732667389
4
333276108 732667389
4
333276108 732667389
4
333276108 732667389
4
333276108 732667389
4
333276108 732667389
4
333276108 732667389
4
333276108 732667389
4
333276108 732667389
4
333276108 732667389
4
333276108 732667389
4
333276108 732667389
4
333276108 732667389
4
333276108 732667389
4
333276108 732667389
4
333276108 732667389
4
333276108 732667389
4
333276108 732667389
4
333276108 732667389
4
333276108 732667389
4
333276108 732667389
4
333276108 732667389
4
333276108 732667389
4
333276108 732667389
4
333276108 732667389
4
333276108 732667389
4
333276108 732667389
4
333276108 732667389
4
333276108 732667389
4
333276108 732667389
4
333276108 732667389
4
333276108 732667389
4
333276108 732667389
4
333276108 732667389
4
333276108 732667389
4
333276108 732667389
4
333276108 732667389
4
333276108 732667389
4
333276108 732667389
4
333276108 732667389
4
333276108 732667389
4
333276108 732667389
4
333276108 732667389
4
333276108 732667389
4
333276108 732667389
4
333276108 732667389
4
333276108 732667389
4
333276108 732667389
4
333276108 732667389
4
333276108 732667389
4
333276108 732667389
4
333276108 732667389
4
333276108 732667389
4
333276108 732667389
4
333276108 732667389
4
333276108 732667389
4
333276108 732667389
4
333276108 732667389
4
333276108 732667389
4
333276108 732667389
4
333276108 732667389
4
333276108 732667389
4
333276108 732667389
4
333276108 732667389
4
333276108 732667389
4
333276108 732667389
4
333276108 732667389
4
333276108 732667389
4
333276108 732667389
4
333276108 732667389
4
333276108 732667389
4
333276108 732667389
4
333276108 732667389
4
333276108 732667389
4
333276108 732667389
4
333276108 732667389
4
333276108 732667389
4
333276108 732667389
4
333276108 732667389
4
333276108 732667389
4
333276108 732667389
4
333276108 732667389
4
333276108 732667389
4
333276108 732667389
4
333276108 732667389
4
333276108 732667389
4
333276108 732667389
4
333276108 732667389
4
333276108 732667389
4
333276108 732667389
4
333276108 732667389
4
333276108 732667389
4
333276108 732667389
4
333276108 732667389
4
333276108 732667389
4
333276108 732667389
4
333276108 732667389
4
333276108 732667389
4
333276108 732667389
4
333276108 732667389
4
333276108 732667389
4
333276108 732667389
4
333276108 732667389
4
333276108 732667389
4
333276108 732667389
4
333276108 732667389
4
333276108 732667389
4
333276108 732667389
4
333276108 732667389
4
333276108 732667389
4
333276108 732667389
4
333276108 732667389
4
333276108 732667389
4
333276108 732667389
4
333276108 732667389
4
333276108 732667389
4
333276108 732667389
4
333276108 732667389
4
333276108 732667389
4
333276108 732667389
4
333276108 732667389
4
333276108 732667389
4
333276108 732667389
4
333276108 732667389
4
333276108 732667389
4
333276108 732667389
4
333276108 732667389
4
333276108 732667389
4
333276108 732667389
4
333276108 732667389
4
333276108 732667389
4
333276108 732667389
4
333276108 732667389
4
333276108 732667389
4
333276108 732667389
4
333276108 732667389
4
333276108 732667389
4
333276108 732667389
4
333276108 732667389
4
333276108 732667389
4
333276108 732667389
4
333276108 732667389
4
333276108 732667389
4
333276108 732667389
4
333276108 732667389
4
333276108 732667389
4
333276108 732667389
4
333276108 732667389
4
333276108 732667389
4
333276108 732667389
4
333276108 732667389
4
333276108 732667389
4
333276108 732667389
4
333276108 732667389
4
333276108 732667389
4
333276108 732667389
4
333276108 732667389
4
333276108 732667389
4
333276108 732667389
4
333276108 732667389
4
333276108 732667389
4
333276108 732667389
4
333276108 732667389
4
333276108 732667389
4
333276108 732667389
4
333276108 732667389
4
333276108 732667389
4
333276108 732667389
4
333276108 732667389
4
333276108 732667389
4
333276108 732667389
4
333276108 732667389
4
333276108 732667389
4
333276108 732667389
4
333276108 732667389
4
333276108 732667389
3
111931585 31089539
3
111931585 31089539
3
111931585 31089539
3
111931585 31089539
3
111931585 31089539
3
111931585 31089539
3
111931585 31089539
3
111931585 31089539
3
111931585 31089539
3
111931585 31089539
3
111931585 31089539
3
111931585 31089539
3
111931585 31089539
3
111931585 31089539
3
111931585 31089539
3
111931585 31089539
3
111931585 31089539
3
111931585 31089539
3
111931585 31089539
3
111931585 31089539
3
111931585 31089539
3
111931585 31089539
3
111931585 31089539
3
111931585 31089539
3
111931585 31089539
3
111931585 31089539
3
111931585 31089539
3
842840851 778706436
3
842840851 778706436
3
842840851 778706436
3
842840851 778706436
3
842840851 778706436
3
842840851 778706436
3
842840851 778706436
3
842840851 778706436
3
842840851 778706436
3
842840851 778706436
3
842840851 778706436
3
842840851 778706436
3
842840851 778706436
3
842840851 778706436
3
842840851 778706436
1
129113820 118103529
1
129113820 118103529
1
129113820 118103529
1
678404465 868972942
1
678404465 868972942
1
979988701 36614956
-1
-1 -1
-1
-1 -1
-1
-1 -1
-1
-1 -1
-1
-1 -1
-1
-1 -1
-1
-1 -1
-1
-1 -1
-1
-1 -1
-1
-1 -1
-1
-1 -1
-1
-1 -1
-1
-1 -1
-1
-1 -1
-1
-1 -1
-1
-1 -1
-1
-1 -1
-1
-1 -1
