-1
-1 -1
-1
-1 -1
-1
-1 -1
0
855113524 972133330
-1
-1 -1
-1
-1 -1
3
855113524 191567735
0
302205330 191567735
-1
-1 -1
0
525382264 191567735
0
525382264 191567735
0
525382264 191567735
0
525382264 191567735
0
525382264 25728755
1
256007271 25728755
1
256007271 25728755
1
256007271 25728755
1
256007271 25728755
1
256007271 25728755
1
256007271 25728755
1
256007271 25728755
1
286672631 509251731
1
246880475 509251731
1
907858330 674302563
1
907858330 674302563
1
907858330 674302563
2
47377966 674302563
2
47377966 674302563
2
43932971 25728755
2
43932971 25728755
2
43932971 25728755
2
43932971 25728755
2
43932971 25728755
2
43932971 25728755
2
43932971 25728755
2
533566864 934186264
2
533566864 934186264
2
533566864 934186264
2
533566864 934186264
2
533566864 934186264
2
533566864 934186264
2
533566864 934186264
2
533566864 934186264
2
533566864 934186264
2
533566864 934186264
2
533566864 934186264
2
533566864 934186264
2
533566864 934186264
2
533566864 934186264
2
533566864 934186264
2
533566864 934186264
3
903717679 38932403
3
903717679 38932403
3
903717679 38932403
3
903717679 38932403
3
903717679 38932403
3
903717679 38932403
3
207129077 567691090
3
207129077 567691090
3
207129077 567691090
3
207129077 567691090
3
207129077 567691090
3
207129077 567691090
3
207129077 567691090
3
207129077 567691090
3
207129077 567691090
3
207129077 567691090
3
207129077 567691090
3
207129077 567691090
3
207129077 567691090
3
207129077 567691090
3
903717679 38932403
3
903717679 38932403
3
903717679 38932403
3
903717679 38932403
3
903717679 38932403
3
903717679 38932403
3
903717679 38932403
3
903717679 38932403
3
903717679 38932403
3
903717679 38932403
3
903717679 38932403
3
903717679 38932403
3
903717679 38932403
3
903717679 38932403
3
903717679 38932403
3
903717679 38932403
3
903717679 38932403
3
903717679 38932403
3
903717679 38932403
3
903717679 38932403
3
903717679 38932403
2
684269329 771950403
2
684269329 771950403
2
684269329 771950403
2
684269329 771950403
2
684269329 771950403
2
684269329 771950403
2
684269329 771950403
2
684269329 771950403
2
684269329 771950403
2
684269329 771950403
2
684269329 771950403
2
684269329 771950403
2
47377966 674302563
2
173562831 119779573
2
173562831 119779573
2
173562831 119779573
2
173562831 119779573
2
173562831 119779573
2
173562831 119779573
2
173562831 119779573
2
173562831 119779573
2
173562831 119779573
2
173562831 119779573
2
173562831 119779573
2
173562831 119779573
2
173562831 119779573
2
173562831 119779573
2
173562831 119779573
2
173562831 119779573
1
43932971 119779573
1
43932971 119779573
1
43932971 119779573
1
68710030 40742591
1
68710030 40742591
-1
-1 -1
-1
-1 -1
-1
-1 -1
-1
-1 -1
-1
-1 -1
-1
-1 -1
-1
-1 -1
-1
-1 -1
-1
-1 -1
-1
-1 -1
