-1
-1 -1
1
264534329 195247803
-1
-1 -1
-1
-1 -1
-1
-1 -1
-1
-1 -1
2
123675655 367610479
2
123675655 367610479
0
47028858 367610479
0
53017325 367610479
0
53017325 367610479
0
53017325 495286752
0
53017325 495286752
0
53017325 495286752
0
53017325 94732752
0
53017325 94732752
0
53017325 495286752
0
53017325 51960321
3
415690001 51960321
3
415690001 51960321
3
415690001 51960321
3
415690001 51960321
3
415690001 51960321
3
415690001 51960321
3
415690001 51960321
3
415690001 51960321
3
415690001 51960321
3
415690001 51960321
3
415690001 51960321
3
415690001 51960321
3
415690001 51960321
3
415690001 51960321
3
415690001 51960321
3
415690001 51960321
3
415690001 51960321
3
415690001 51960321
3
415690001 51960321
3
415690001 51960321
3
415690001 51960321
3
415690001 51960321
3
415690001 51960321
3
415690001 51960321
3
415690001 51960321
3
415690001 51960321
3
415690001 51960321
3
415690001 51960321
3
415690001 51960321
3
415690001 51960321
3
415690001 51960321
3
415690001 51960321
3
415690001 51960321
3
415690001 51960321
3
415690001 51960321
3
415690001 51960321
3
415690001 51960321
3
415690001 51960321
3
415690001 51960321
3
415690001 51960321
3
415690001 51960321
3
415690001 51960321
3
415690001 51960321
3
415690001 51960321
3
415690001 51960321
3
415690001 51960321
3
415690001 51960321
3
415690001 51960321
3
415690001 51960321
3
415690001 51960321
3
415690001 51960321
3
415690001 51960321
3
415690001 51960321
3
706172444 915745597
3
706172444 915745597
3
706172444 915745597
3
706172444 915745597
3
706172444 915745597
3
706172444 915745597
3
706172444 915745597
3
706172444 915745597
3
706172444 915745597
3
706172444 915745597
3
706172444 915745597
3
706172444 915745597
3
706172444 915745597
3
706172444 915745597
3
706172444 915745597
3
706172444 915745597
3
706172444 915745597
3
706172444 915745597
3
706172444 915745597
3
706172444 915745597
3
706172444 915745597
3
706172444 915745597
3
706172444 915745597
3
706172444 915745597
3
706172444 915745597
3
706172444 915745597
3
706172444 915745597
3
706172444 915745597
3
706172444 915745597
3
706172444 915745597
3
706172444 915745597
3
706172444 915745597
3
706172444 915745597
3
706172444 915745597
3
706172444 915745597
3
706172444 915745597
3
706172444 915745597
3
706172444 915745597
3
706172444 915745597
3
706172444 915745597
3
706172444 915745597
3
706172444 915745597
3
706172444 915745597
3
706172444 915745597
3
706172444 915745597
3
706172444 915745597
3
706172444 915745597
3
706172444 915745597
3
706172444 915745597
3
706172444 915745597
3
706172444 915745597
3
706172444 915745597
3
706172444 915745597
3
706172444 915745597
3
706172444 915745597
3
706172444 915745597
3
706172444 915745597
3
706172444 915745597
3
706172444 915745597
3
706172444 915745597
3
706172444 915745597
3
170148192 309029248
3
170148192 309029248
3
170148192 309029248
3
170148192 309029248
3
170148192 309029248
3
170148192 309029248
3
170148192 309029248
3
170148192 309029248
3
170148192 309029248
3
170148192 309029248
3
170148192 309029248
3
170148192 309029248
3
170148192 309029248
3
170148192 309029248
3
170148192 309029248
3
170148192 309029248
3
170148192 309029248
3
170148192 309029248
3
170148192 309029248
3
170148192 309029248
3
170148192 309029248
3
170148192 309029248
3
170148192 309029248
3
170148192 309029248
3
170148192 309029248
3
170148192 309029248
3
170148192 309029248
3
170148192 309029248
3
170148192 309029248
3
170148192 309029248
3
170148192 309029248
3
170148192 309029248
3
170148192 309029248
3
170148192 309029248
3
170148192 309029248
3
170148192 309029248
3
170148192 309029248
3
170148192 309029248
3
170148192 309029248
3
170148192 309029248
3
170148192 309029248
3
170148192 309029248
3
170148192 309029248
3
170148192 309029248
3
170148192 309029248
3
170148192 309029248
3
170148192 309029248
3
170148192 309029248
3
170148192 309029248
3
170148192 309029248
3
170148192 309029248
3
170148192 309029248
3
170148192 309029248
3
170148192 309029248
3
170148192 309029248
3
170148192 309029248
3
170148192 309029248
3
170148192 309029248
3
170148192 309029248
3
170148192 309029248
3
170148192 309029248
3
170148192 309029248
3
170148192 309029248
3
233606290 949220443
3
233606290 949220443
3
233606290 949220443
3
233606290 949220443
3
233606290 949220443
3
233606290 949220443
3
233606290 949220443
3
233606290 949220443
3
233606290 949220443
3
233606290 949220443
3
233606290 949220443
3
233606290 949220443
3
233606290 949220443
3
233606290 949220443
3
233606290 949220443
3
233606290 949220443
3
233606290 949220443
3
233606290 949220443
3
233606290 949220443
3
233606290 949220443
3
233606290 949220443
3
233606290 949220443
3
233606290 949220443
3
233606290 949220443
3
233606290 949220443
3
233606290 949220443
3
233606290 949220443
3
233606290 949220443
3
233606290 949220443
3
233606290 949220443
3
233606290 949220443
3
233606290 949220443
3
233606290 949220443
3
233606290 949220443
3
233606290 949220443
3
233606290 949220443
3
233606290 949220443
3
233606290 949220443
3
233606290 949220443
3
233606290 949220443
3
233606290 949220443
3
233606290 949220443
3
233606290 949220443
3
233606290 949220443
3
233606290 949220443
3
233606290 949220443
3
233606290 949220443
3
233606290 949220443
3
233606290 949220443
3
233606290 949220443
3
233606290 949220443
4
440906433 296481418
4
440906433 296481418
4
440906433 296481418
4
440906433 296481418
4
440906433 296481418
4
440906433 296481418
4
440906433 296481418
4
440906433 296481418
4
282598780 578612119
4
282598780 578612119
4
282598780 578612119
4
282598780 578612119
4
282598780 578612119
4
282598780 578612119
4
282598780 578612119
4
282598780 578612119
4
282598780 578612119
4
282598780 578612119
4
282598780 578612119
4
282598780 578612119
4
282598780 578612119
4
282598780 578612119
4
440906433 296481418
4
440906433 296481418
4
440906433 296481418
4
440906433 296481418
4
440906433 296481418
4
440906433 296481418
4
440906433 296481418
4
440906433 296481418
4
440906433 296481418
4
440906433 296481418
4
440906433 296481418
4
440906433 296481418
4
440906433 296481418
4
411546320 987636349
4
411546320 987636349
4
411546320 987636349
4
411546320 987636349
4
411546320 987636349
4
411546320 987636349
4
411546320 987636349
4
411546320 987636349
4
411546320 987636349
4
411546320 987636349
4
411546320 987636349
4
411546320 987636349
4
411546320 987636349
4
411546320 987636349
4
411546320 987636349
4
411546320 987636349
4
411546320 987636349
4
411546320 987636349
4
411546320 987636349
4
411546320 987636349
4
411546320 987636349
4
411546320 987636349
4
411546320 987636349
4
411546320 987636349
4
411546320 987636349
4
411546320 987636349
4
411546320 987636349
4
411546320 987636349
4
411546320 987636349
4
411546320 987636349
4
411546320 987636349
4
411546320 987636349
4
411546320 987636349
4
411546320 987636349
4
411546320 987636349
4
411546320 987636349
4
411546320 987636349
4
411546320 987636349
4
411546320 987636349
4
411546320 987636349
4
411546320 987636349
4
411546320 987636349
4
411546320 987636349
4
411546320 987636349
4
411546320 987636349
4
411546320 987636349
5
332423745 377847194
5
332423745 377847194
5
332423745 377847194
5
332423745 377847194
5
332423745 377847194
5
332423745 377847194
5
332423745 377847194
5
332423745 377847194
5
332423745 377847194
5
332423745 377847194
5
332423745 377847194
5
332423745 377847194
5
332423745 377847194
5
332423745 377847194
5
332423745 377847194
5
332423745 377847194
5
332423745 377847194
5
332423745 377847194
5
332423745 377847194
5
332423745 377847194
5
332423745 377847194
5
332423745 377847194
5
332423745 377847194
5
332423745 377847194
5
332423745 377847194
5
332423745 377847194
5
332423745 377847194
5
332423745 377847194
5
332423745 377847194
5
332423745 377847194
5
332423745 377847194
5
332423745 377847194
5
332423745 377847194
5
332423745 377847194
5
332423745 377847194
5
332423745 377847194
5
332423745 377847194
5
332423745 377847194
5
332423745 377847194
5
332423745 377847194
5
332423745 377847194
5
332423745 377847194
5
332423745 377847194
5
332423745 377847194
5
332423745 377847194
5
332423745 377847194
5
332423745 377847194
5
332423745 377847194
5
332423745 377847194
5
332423745 377847194
5
332423745 377847194
5
332423745 377847194
5
332423745 377847194
5
332423745 377847194
5
332423745 377847194
5
332423745 377847194
5
332423745 377847194
5
332423745 377847194
5
332423745 377847194
5
332423745 377847194
5
332423745 377847194
5
332423745 377847194
5
332423745 377847194
5
332423745 377847194
5
332423745 377847194
5
332423745 377847194
5
332423745 377847194
5
332423745 377847194
5
332423745 377847194
5
332423745 377847194
5
332423745 377847194
5
332423745 377847194
5
332423745 377847194
5
332423745 377847194
5
332423745 377847194
5
332423745 377847194
5
332423745 377847194
5
332423745 377847194
5
332423745 377847194
5
332423745 377847194
5
332423745 377847194
4
411546320 987636349
4
411546320 987636349
4
411546320 987636349
4
411546320 987636349
4
411546320 987636349
4
411546320 987636349
4
411546320 987636349
4
411546320 987636349
4
411546320 987636349
4
411546320 987636349
4
411546320 987636349
4
411546320 987636349
4
411546320 987636349
4
411546320 987636349
4
411546320 987636349
4
411546320 987636349
4
411546320 987636349
4
411546320 987636349
4
411546320 987636349
4
411546320 987636349
4
411546320 987636349
4
411546320 987636349
4
411546320 987636349
4
411546320 987636349
4
411546320 987636349
4
411546320 987636349
4
411546320 987636349
4
411546320 987636349
4
411546320 987636349
4
411546320 987636349
4
411546320 987636349
4
411546320 987636349
4
411546320 987636349
4
107980467 296481418
4
107980467 296481418
4
107980467 296481418
4
107980467 296481418
4
107980467 296481418
4
107980467 296481418
4
107980467 296481418
4
107980467 296481418
4
107980467 296481418
4
107980467 296481418
4
107980467 296481418
4
107980467 296481418
3
233606290 949220443
3
233606290 949220443
3
233606290 949220443
3
233606290 949220443
3
233606290 949220443
3
233606290 949220443
3
233606290 949220443
3
233606290 949220443
3
233606290 949220443
3
233606290 949220443
3
233606290 949220443
3
233606290 949220443
3
233606290 949220443
3
233606290 949220443
3
233606290 949220443
3
233606290 949220443
3
233606290 949220443
3
233606290 949220443
3
233606290 949220443
3
233606290 949220443
3
233606290 949220443
3
233606290 949220443
3
170148192 309029248
3
170148192 309029248
3
170148192 309029248
3
170148192 309029248
3
170148192 309029248
3
170148192 309029248
3
170148192 309029248
3
170148192 309029248
3
170148192 309029248
3
170148192 309029248
3
212851154 391465673
3
212851154 391465673
3
212851154 391465673
3
212851154 391465673
3
212851154 391465673
3
212851154 391465673
3
212851154 391465673
3
212851154 391465673
3
212851154 391465673
3
212851154 391465673
3
212851154 391465673
3
212851154 391465673
3
212851154 391465673
3
212851154 391465673
3
212851154 391465673
3
212851154 391465673
3
212851154 391465673
3
212851154 391465673
3
212851154 391465673
3
212851154 391465673
3
212851154 391465673
3
212851154 391465673
3
212851154 391465673
3
212851154 391465673
3
212851154 391465673
3
212851154 391465673
3
212851154 391465673
3
212851154 391465673
3
212851154 391465673
3
212851154 391465673
3
212851154 391465673
3
212851154 391465673
3
212851154 391465673
3
212851154 391465673
3
212851154 391465673
3
212851154 391465673
2
258961198 487818792
2
258961198 487818792
2
258961198 487818792
2
258961198 487818792
2
258961198 487818792
2
258961198 487818792
2
258961198 487818792
2
258961198 487818792
1
24420936 200706029
1
24420936 200706029
1
24420936 200706029
1
24420936 200706029
1
24420936 200706029
1
24420936 200706029
1
24420936 200706029
1
24420936 200706029
1
24420936 200706029
-1
-1 -1
-1
-1 -1
-1
-1 -1
-1
-1 -1
-1
-1 -1
-1
-1 -1
-1
-1 -1
-1
-1 -1
-1
-1 -1
-1
-1 -1
-1
-1 -1
-1
-1 -1
-1
-1 -1
-1
-1 -1
