-1
-1 -1
-1
-1 -1
2
101295757 677752878
2
101295757 677752878
2
101295757 677752878
2
101295757 677752878
2
101295757 677752878
2
101295757 677752878
2
101295757 677752878
2
101295757 677752878
2
101295757 677752878
2
101295757 677752878
2
101295757 677752878
2
101295757 677752878
2
101295757 677752878
2
101295757 677752878
2
101295757 677752878
2
101295757 677752878
2
101295757 677752878
2
101295757 677752878
2
101295757 677752878
2
101295757 677752878
2
101295757 677752878
3
866323400 677752878
3
866323400 677752878
3
866323400 677752878
3
866323400 677752878
3
866323400 677752878
3
866323400 677752878
3
866323400 677752878
3
866323400 677752878
3
866323400 677752878
3
866323400 677752878
3
866323400 677752878
3
866323400 677752878
3
866323400 677752878
3
866323400 677752878
3
866323400 677752878
3
866323400 677752878
3
866323400 677752878
3
866323400 677752878
3
866323400 677752878
3
866323400 677752878
3
866323400 677752878
3
866323400 677752878
3
866323400 677752878
3
866323400 677752878
3
866323400 677752878
3
866323400 677752878
3
866323400 677752878
3
866323400 677752878
3
53664896 707438349
3
53664896 707438349
3
53664896 707438349
3
53664896 707438349
3
53664896 707438349
3
53664896 707438349
3
53664896 707438349
3
53664896 707438349
3
53664896 707438349
3
53664896 707438349
3
53664896 707438349
3
53664896 707438349
3
396144069 544788729
3
396144069 544788729
3
396144069 544788729
3
396144069 544788729
3
396144069 544788729
3
396144069 544788729
3
396144069 544788729
3
396144069 544788729
3
396144069 544788729
3
396144069 544788729
3
53664896 707438349
3
53664896 707438349
3
53664896 707438349
3
53664896 707438349
3
866323400 677752878
3
866323400 677752878
3
866323400 677752878
3
866323400 677752878
3
866323400 677752878
3
866323400 677752878
3
866323400 677752878
3
866323400 677752878
3
866323400 677752878
3
866323400 677752878
3
866323400 677752878
3
866323400 677752878
3
866323400 677752878
3
866323400 677752878
3
866323400 677752878
3
866323400 677752878
3
866323400 677752878
3
866323400 677752878
3
866323400 677752878
3
866323400 677752878
3
866323400 677752878
3
866323400 677752878
3
866323400 677752878
2
477860591 48259957
2
477860591 48259957
2
477860591 48259957
2
477860591 48259957
1
241806119 849702369
1
241806119 849702369
1
241806119 849702369
1
241806119 849702369
1
241806119 849702369
1
241806119 849702369
-1
-1 -1
-1
-1 -1
-1
-1 -1
-1
-1 -1
-1
-1 -1
-1
-1 -1
-1
-1 -1
-1
-1 -1
