-1
-1 -1
0
515287186 258391671
-1
-1 -1
0
70407143 258391671
0
70407143 258391671
1
379619419 401253591
1
379619419 401253591
1
379619419 401253591
1
379619419 401253591
1
379619419 401253591
1
379619419 401253591
1
379619419 401253591
1
379619419 401253591
1
379619419 401253591
1
379619419 401253591
2
941133626 401253591
2
941133626 401253591
2
941133626 401253591
2
941133626 401253591
2
941133626 401253591
2
115825186 401253591
2
115825186 401253591
2
115825186 401253591
2
115825186 401253591
2
115825186 401253591
2
115825186 401253591
2
115825186 401253591
2
115825186 401253591
2
115825186 401253591
2
115825186 401253591
2
115825186 401253591
2
115825186 401253591
2
115825186 401253591
2
115825186 401253591
2
115825186 401253591
2
837424939 88315885
2
837424939 88315885
2
837424939 88315885
2
837424939 88315885
2
837424939 88315885
2
837424939 88315885
2
837424939 88315885
2
837424939 88315885
2
837424939 88315885
2
837424939 88315885
2
837424939 88315885
2
837424939 88315885
2
837424939 88315885
2
837424939 88315885
2
837424939 88315885
2
837424939 88315885
2
837424939 88315885
2
837424939 88315885
2
837424939 88315885
2
837424939 88315885
2
837424939 88315885
2
837424939 88315885
2
837424939 88315885
2
837424939 88315885
2
837424939 88315885
2
837424939 88315885
2
837424939 88315885
2
837424939 88315885
2
837424939 88315885
2
837424939 88315885
2
837424939 88315885
2
837424939 88315885
2
837424939 88315885
2
837424939 88315885
2
837424939 88315885
2
837424939 88315885
2
837424939 88315885
2
837424939 88315885
2
837424939 88315885
2
18292996 747272569
2
18292996 747272569
2
18292996 747272569
2
18292996 747272569
2
18292996 747272569
2
956864450 73607600
2
956864450 73607600
2
956864450 73607600
2
956864450 73607600
2
956864450 73607600
2
956864450 73607600
2
956864450 73607600
2
956864450 73607600
2
956864450 73607600
2
956864450 73607600
2
956864450 73607600
2
956864450 73607600
2
956864450 73607600
2
956864450 73607600
2
956864450 73607600
2
956864450 73607600
2
902128463 73607600
2
902128463 73607600
2
902128463 73607600
2
902128463 73607600
2
902128463 73607600
2
902128463 73607600
2
902128463 73607600
2
902128463 73607600
2
902128463 73607600
2
902128463 73607600
2
902128463 73607600
2
902128463 73607600
2
902128463 73607600
2
902128463 73607600
2
902128463 73607600
2
902128463 73607600
2
902128463 73607600
2
369595691 184877932
2
369595691 184877932
2
369595691 184877932
2
369595691 184877932
2
369595691 184877932
2
369595691 184877932
2
369595691 184877932
2
369595691 184877932
2
369595691 184877932
2
369595691 184877932
2
369595691 184877932
2
369595691 184877932
2
369595691 184877932
2
369595691 184877932
2
369595691 184877932
2
369595691 184877932
2
369595691 184877932
2
369595691 184877932
2
902128463 73607600
2
902128463 73607600
2
902128463 73607600
2
902128463 73607600
2
680406423 777260608
2
680406423 777260608
2
680406423 777260608
2
680406423 777260608
2
680406423 777260608
2
680406423 777260608
2
680406423 777260608
2
680406423 777260608
2
680406423 777260608
2
680406423 777260608
2
680406423 777260608
2
680406423 777260608
2
680406423 777260608
2
680406423 777260608
2
680406423 777260608
2
680406423 777260608
2
680406423 777260608
2
680406423 777260608
2
680406423 777260608
2
680406423 777260608
2
680406423 777260608
3
633794127 159470607
3
633794127 159470607
3
633794127 159470607
3
633794127 159470607
3
633794127 159470607
3
633794127 159470607
3
287082701 172303117
3
287082701 172303117
3
287082701 172303117
3
287082701 172303117
3
287082701 172303117
3
287082701 172303117
3
993754064 182753562
3
993754064 182753562
3
993754064 182753562
3
993754064 182753562
3
993754064 182753562
3
993754064 182753562
3
993754064 182753562
3
993754064 182753562
3
993754064 182753562
3
993754064 182753562
4
333536667 172303117
4
333536667 172303117
4
333536667 172303117
4
333536667 172303117
4
333536667 172303117
4
333536667 172303117
4
333536667 172303117
4
333536667 172303117
4
333536667 172303117
4
333536667 172303117
4
333536667 172303117
4
333536667 172303117
4
333536667 172303117
4
333536667 172303117
4
333536667 172303117
4
333536667 172303117
4
333536667 172303117
4
333536667 172303117
4
333536667 172303117
4
333536667 172303117
4
333536667 172303117
4
333536667 172303117
4
333536667 172303117
4
333536667 172303117
4
333536667 172303117
4
333536667 172303117
4
333536667 172303117
4
333536667 172303117
4
333536667 172303117
4
333536667 172303117
4
333536667 172303117
4
333536667 172303117
4
333536667 172303117
4
333536667 172303117
4
333536667 172303117
4
333536667 172303117
4
333536667 172303117
4
333536667 172303117
4
333536667 172303117
4
333536667 172303117
4
333536667 172303117
4
333536667 172303117
4
333536667 172303117
4
333536667 172303117
4
333536667 172303117
4
333536667 172303117
4
333536667 172303117
4
333536667 172303117
4
333536667 172303117
4
333536667 172303117
4
333536667 172303117
4
333536667 172303117
4
333536667 172303117
4
333536667 172303117
4
333536667 172303117
4
333536667 172303117
4
333536667 172303117
4
764208805 135624411
4
764208805 135624411
4
764208805 135624411
4
764208805 135624411
4
764208805 135624411
4
764208805 135624411
4
764208805 135624411
4
764208805 135624411
4
764208805 135624411
4
764208805 135624411
4
764208805 135624411
4
764208805 135624411
4
764208805 135624411
4
764208805 135624411
4
764208805 135624411
4
764208805 135624411
4
764208805 135624411
4
764208805 135624411
4
764208805 135624411
4
764208805 135624411
4
764208805 135624411
4
764208805 135624411
4
764208805 135624411
4
764208805 135624411
4
764208805 135624411
4
764208805 135624411
4
764208805 135624411
4
764208805 135624411
4
764208805 135624411
4
764208805 135624411
4
764208805 135624411
4
764208805 135624411
4
764208805 135624411
4
764208805 135624411
4
764208805 135624411
4
764208805 135624411
4
764208805 135624411
4
764208805 135624411
4
764208805 135624411
4
764208805 135624411
4
764208805 135624411
4
764208805 135624411
4
764208805 135624411
4
764208805 135624411
4
764208805 135624411
4
764208805 135624411
4
764208805 135624411
4
764208805 135624411
4
764208805 135624411
4
764208805 135624411
4
764208805 135624411
4
764208805 135624411
4
764208805 135624411
4
764208805 135624411
4
764208805 135624411
4
764208805 135624411
4
764208805 135624411
4
764208805 135624411
4
764208805 135624411
4
764208805 135624411
4
764208805 135624411
4
764208805 135624411
4
764208805 135624411
4
764208805 135624411
4
764208805 135624411
4
764208805 135624411
4
764208805 135624411
4
764208805 135624411
4
764208805 135624411
4
764208805 135624411
4
764208805 135624411
4
764208805 135624411
4
764208805 135624411
4
764208805 135624411
4
764208805 135624411
4
764208805 135624411
4
764208805 135624411
4
764208805 135624411
4
764208805 135624411
4
764208805 135624411
4
764208805 135624411
4
764208805 135624411
4
764208805 135624411
4
764208805 135624411
4
764208805 135624411
4
764208805 135624411
4
764208805 135624411
4
764208805 135624411
4
764208805 135624411
4
764208805 135624411
4
764208805 135624411
4
764208805 135624411
4
764208805 135624411
4
764208805 135624411
4
764208805 135624411
4
764208805 135624411
4
764208805 135624411
4
764208805 135624411
4
764208805 135624411
4
764208805 135624411
4
764208805 135624411
4
764208805 135624411
4
764208805 135624411
4
764208805 135624411
4
764208805 135624411
4
764208805 135624411
4
764208805 135624411
4
764208805 135624411
4
764208805 135624411
4
764208805 135624411
4
764208805 135624411
4
764208805 135624411
4
764208805 135624411
4
764208805 135624411
4
764208805 135624411
4
764208805 135624411
4
764208805 135624411
4
764208805 135624411
4
764208805 135624411
4
764208805 135624411
4
764208805 135624411
4
764208805 135624411
4
764208805 135624411
4
764208805 135624411
4
764208805 135624411
4
764208805 135624411
4
764208805 135624411
4
764208805 135624411
4
764208805 135624411
4
764208805 135624411
4
764208805 135624411
4
764208805 135624411
4
764208805 135624411
4
764208805 135624411
4
764208805 135624411
4
764208805 135624411
4
764208805 135624411
4
764208805 135624411
4
764208805 135624411
4
764208805 135624411
4
764208805 135624411
4
764208805 135624411
4
764208805 135624411
4
764208805 135624411
4
764208805 135624411
4
764208805 135624411
4
764208805 135624411
4
764208805 135624411
4
764208805 135624411
4
764208805 135624411
4
764208805 135624411
4
764208805 135624411
4
764208805 135624411
4
764208805 135624411
4
764208805 135624411
4
764208805 135624411
4
764208805 135624411
4
764208805 135624411
4
764208805 135624411
4
764208805 135624411
4
764208805 135624411
4
764208805 135624411
4
764208805 135624411
4
764208805 135624411
4
764208805 135624411
4
764208805 135624411
4
764208805 135624411
4
764208805 135624411
4
764208805 135624411
4
764208805 135624411
4
764208805 135624411
4
764208805 135624411
4
764208805 135624411
4
764208805 135624411
4
764208805 135624411
4
764208805 135624411
4
764208805 135624411
4
764208805 135624411
4
764208805 135624411
4
764208805 135624411
4
764208805 135624411
4
764208805 135624411
4
764208805 135624411
4
764208805 135624411
4
764208805 135624411
4
764208805 135624411
4
764208805 135624411
4
764208805 135624411
4
764208805 135624411
4
764208805 135624411
4
764208805 135624411
4
764208805 135624411
4
764208805 135624411
4
764208805 135624411
4
764208805 135624411
4
764208805 135624411
4
764208805 135624411
4
764208805 135624411
4
764208805 135624411
4
764208805 135624411
4
764208805 135624411
4
764208805 135624411
4
764208805 135624411
4
764208805 135624411
4
764208805 135624411
4
764208805 135624411
4
764208805 135624411
4
764208805 135624411
4
764208805 135624411
4
764208805 135624411
4
764208805 135624411
4
764208805 135624411
4
764208805 135624411
4
764208805 135624411
4
764208805 135624411
4
764208805 135624411
4
764208805 135624411
4
764208805 135624411
4
764208805 135624411
4
764208805 135624411
4
764208805 135624411
4
764208805 135624411
4
764208805 135624411
4
764208805 135624411
4
764208805 135624411
4
764208805 135624411
4
764208805 135624411
4
764208805 135624411
4
764208805 135624411
4
764208805 135624411
4
764208805 135624411
4
764208805 135624411
4
764208805 135624411
4
764208805 135624411
4
764208805 135624411
4
764208805 135624411
4
764208805 135624411
4
764208805 135624411
4
764208805 135624411
4
764208805 135624411
4
764208805 135624411
4
764208805 135624411
4
764208805 135624411
4
764208805 135624411
4
764208805 135624411
4
764208805 135624411
4
764208805 135624411
4
764208805 135624411
4
764208805 135624411
4
764208805 135624411
4
764208805 135624411
4
764208805 135624411
4
764208805 135624411
4
764208805 135624411
4
764208805 135624411
4
764208805 135624411
4
764208805 135624411
4
764208805 135624411
4
764208805 135624411
4
764208805 135624411
3
700240254 676585181
3
700240254 676585181
3
700240254 676585181
3
700240254 676585181
3
700240254 676585181
3
700240254 676585181
3
700240254 676585181
3
700240254 676585181
3
700240254 676585181
3
700240254 676585181
3
700240254 676585181
3
700240254 676585181
3
700240254 676585181
3
700240254 676585181
3
700240254 676585181
3
700240254 676585181
3
700240254 676585181
3
700240254 676585181
3
700240254 676585181
3
700240254 676585181
3
700240254 676585181
3
700240254 676585181
3
700240254 676585181
3
700240254 676585181
3
700240254 676585181
3
700240254 676585181
3
700240254 676585181
3
700240254 676585181
3
700240254 676585181
3
700240254 676585181
3
700240254 676585181
3
700240254 676585181
3
700240254 676585181
3
700240254 676585181
3
700240254 676585181
3
700240254 676585181
3
700240254 676585181
3
700240254 676585181
3
700240254 676585181
3
700240254 676585181
3
700240254 676585181
3
700240254 676585181
3
700240254 676585181
3
700240254 676585181
3
700240254 676585181
3
700240254 676585181
3
700240254 676585181
3
700240254 676585181
3
680406423 35024652
3
680406423 35024652
3
680406423 35024652
3
680406423 35024652
3
680406423 35024652
3
680406423 35024652
3
680406423 35024652
3
680406423 35024652
3
680406423 35024652
3
680406423 35024652
3
680406423 35024652
3
680406423 35024652
3
680406423 35024652
3
680406423 35024652
3
680406423 35024652
3
680406423 35024652
3
680406423 35024652
3
680406423 35024652
3
680406423 35024652
3
680406423 35024652
3
680406423 35024652
3
680406423 35024652
3
680406423 35024652
3
680406423 35024652
3
680406423 35024652
3
680406423 35024652
3
680406423 35024652
3
680406423 35024652
3
680406423 35024652
1
92373837 25182232
1
92373837 25182232
1
92373837 25182232
1
718846173 270110513
1
718846173 270110513
1
718846173 270110513
1
606740423 26167804
1
606740423 26167804
1
606740423 26167804
1
606740423 26167804
-1
-1 -1
-1
-1 -1
-1
-1 -1
-1
-1 -1
-1
-1 -1
-1
-1 -1
-1
-1 -1
-1
-1 -1
-1
-1 -1
-1
-1 -1
-1
-1 -1
-1
-1 -1
-1
-1 -1
-1
-1 -1
-1
-1 -1
-1
-1 -1
-1
-1 -1
-1
-1 -1
-1
-1 -1
-1
-1 -1
-1
-1 -1
-1
-1 -1
-1
-1 -1
-1
-1 -1
-1
-1 -1
-1
-1 -1
-1
-1 -1
-1
-1 -1
-1
-1 -1
-1
-1 -1
-1
-1 -1
