-1
-1 -1
0
197809158 71051348
1
197809158 588964264
1
197809158 588964264
1
197809158 588964264
1
519720881 766323502
1
519720881 495573133
1
519720881 495573133
1
519720881 495573133
1
519720881 495573133
1
519720881 495573133
1
519720881 495573133
1
519720881 495573133
1
519720881 495573133
1
473556032 445708862
1
473556032 445708862
1
473556032 445708862
1
473556032 445708862
1
791457458 445708862
1
791457458 445708862
1
791457458 445708862
1
791457458 445708862
1
791457458 445708862
1
791457458 445708862
1
791457458 445708862
1
417853441 277179956
3
915643129 998674085
3
915643129 998674085
3
915643129 998674085
3
915643129 998674085
3
915643129 998674085
3
915643129 998674085
3
915643129 998674085
3
915643129 998674085
3
915643129 998674085
3
915643129 998674085
3
915643129 998674085
3
915643129 998674085
3
915643129 998674085
3
915643129 998674085
3
915643129 998674085
3
915643129 998674085
3
915643129 998674085
3
915643129 998674085
3
915643129 998674085
3
915643129 998674085
3
915643129 998674085
3
915643129 998674085
3
915643129 998674085
3
915643129 998674085
3
915643129 998674085
3
915643129 998674085
3
915643129 998674085
3
915643129 998674085
3
915643129 998674085
3
915643129 998674085
3
915643129 998674085
3
915643129 998674085
3
915643129 998674085
3
915643129 998674085
3
915643129 998674085
3
915643129 998674085
3
915643129 998674085
3
635384505 840379940
3
635384505 840379940
3
635384505 840379940
3
635384505 840379940
3
635384505 840379940
3
635384505 840379940
3
635384505 840379940
3
635384505 840379940
3
635384505 840379940
3
635384505 840379940
3
635384505 840379940
3
635384505 840379940
3
635384505 840379940
3
635384505 840379940
3
635384505 840379940
3
635384505 840379940
3
635384505 840379940
3
635384505 840379940
3
635384505 840379940
3
635384505 840379940
3
635384505 840379940
3
635384505 840379940
3
635384505 840379940
3
635384505 840379940
3
635384505 840379940
3
635384505 840379940
3
635384505 840379940
3
635384505 840379940
3
635384505 840379940
3
635384505 840379940
3
635384505 840379940
3
635384505 840379940
3
635384505 840379940
3
635384505 840379940
3
635384505 840379940
3
635384505 840379940
3
635384505 840379940
3
635384505 840379940
3
635384505 840379940
3
635384505 840379940
3
635384505 840379940
3
635384505 840379940
3
635384505 840379940
3
635384505 840379940
3
635384505 840379940
3
635384505 840379940
3
635384505 840379940
3
635384505 840379940
3
635384505 840379940
3
635384505 840379940
3
635384505 840379940
3
635384505 840379940
3
635384505 840379940
3
635384505 840379940
3
635384505 840379940
3
635384505 840379940
1
34112951 162664352
1
34112951 162664352
-1
-1 -1
-1
-1 -1
-1
-1 -1
-1
-1 -1
-1
-1 -1
-1
-1 -1
-1
-1 -1
-1
-1 -1
-1
-1 -1
