-1
-1 -1
-1
-1 -1
-1
-1 -1
0
298926388 698100426
0
298926388 698100426
1
386799834 585106503
1
386799834 585106503
1
386799834 585106503
1
386799834 585106503
0
298926388 698100426
0
298926388 112851364
0
298926388 112851364
0
298926388 112851364
0
298926388 112851364
0
298926388 112851364
1
974347232 263747502
1
974347232 263747502
2
367509829 216360841
2
367509829 216360841
1
974347232 263747502
1
974347232 263747502
1
974347232 263747502
1
974347232 263747502
1
974347232 263747502
1
974347232 263747502
1
974347232 263747502
1
367509829 698100426
1
367509829 698100426
1
367509829 698100426
1
367509829 698100426
1
367509829 698100426
1
367509829 698100426
1
510652815 263747502
1
510652815 263747502
1
70968203 290526200
1
70968203 290526200
1
70968203 290526200
1
70968203 290526200
1
70968203 290526200
1
70968203 290526200
1
70968203 290526200
1
70968203 290526200
1
70968203 290526200
1
70968203 290526200
2
324147895 674185621
2
324147895 674185621
2
324147895 674185621
2
324147895 674185621
1
70968203 290526200
1
70968203 290526200
1
70968203 290526200
1
70968203 290526200
4
324147895 11941250
4
324147895 11941250
4
324147895 11941250
4
324147895 11941250
4
324147895 11941250
4
324147895 11941250
4
324147895 11941250
4
324147895 11941250
4
324147895 11941250
4
324147895 11941250
4
324147895 11941250
4
324147895 11941250
4
324147895 11941250
4
324147895 11941250
4
324147895 11941250
4
324147895 11941250
4
324147895 11941250
4
324147895 11941250
4
324147895 11941250
4
324147895 11941250
4
324147895 11941250
4
324147895 11941250
4
324147895 11941250
4
324147895 11941250
4
324147895 11941250
2
630936025 518550159
2
630936025 518550159
2
630936025 518550159
2
630936025 518550159
2
630936025 518550159
2
630936025 518550159
2
630936025 518550159
2
630936025 518550159
2
630936025 518550159
2
630936025 518550159
2
630936025 518550159
2
630936025 518550159
2
630936025 518550159
2
630936025 518550159
2
630936025 518550159
2
630936025 518550159
2
630936025 518550159
2
630936025 518550159
2
630936025 518550159
2
630936025 518550159
2
630936025 518550159
2
630936025 518550159
2
630936025 518550159
2
630936025 518550159
2
630936025 518550159
2
630936025 518550159
2
630936025 518550159
2
630936025 518550159
2
630936025 518550159
2
70968203 585722412
2
70968203 585722412
1
367509829 240274356
1
367509829 240274356
-1
-1 -1
-1
-1 -1
-1
-1 -1
-1
-1 -1
-1
-1 -1
-1
-1 -1
-1
-1 -1
-1
-1 -1
-1
-1 -1
-1
-1 -1
-1
-1 -1
-1
-1 -1
-1
-1 -1
-1
-1 -1
-1
-1 -1
-1
-1 -1
-1
-1 -1
-1
-1 -1
-1
-1 -1
-1
-1 -1
