-1
-1 -1
-1
-1 -1
-1
-1 -1
-1
-1 -1
-1
-1 -1
-1
-1 -1
-1
-1 -1
1
39969325 954369038
1
39969325 954369038
1
39969325 954369038
1
39969325 954369038
1
39969325 954369038
1
39969325 954369038
1
39969325 399803429
1
39969325 399803429
1
39969325 399803429
1
39969325 399803429
1
197967763 588428926
1
197967763 588428926
1
197967763 588428926
1
197967763 588428926
1
311252552 833991774
1
311252552 833991774
1
311252552 833991774
1
311252552 833991774
1
311252552 833991774
1
311252552 833991774
1
311252552 833991774
1
311252552 833991774
1
311252552 833991774
1
311252552 833991774
1
311252552 313480747
1
311252552 313480747
1
311252552 313480747
1
311252552 313480747
1
311252552 313480747
1
311252552 313480747
1
311252552 313480747
1
311252552 313480747
1
311252552 313480747
1
311252552 833991774
1
222669894 197916319
1
222669894 197916319
1
222669894 197916319
1
222669894 197916319
1
222669894 197916319
1
222669894 197916319
1
222669894 197916319
1
222669894 197916319
1
222669894 197916319
1
222669894 197916319
2
76028129 89898231
2
76028129 89898231
2
76028129 89898231
2
76028129 89898231
2
76028129 89898231
2
76028129 89898231
2
76028129 89898231
2
76028129 89898231
2
76028129 89898231
2
76028129 89898231
2
76028129 89898231
2
76028129 89898231
2
76028129 89898231
2
76028129 89898231
2
76028129 89898231
2
76028129 89898231
2
76028129 89898231
2
76028129 89898231
2
76028129 89898231
2
425252443 382467962
2
425252443 382467962
2
425252443 382467962
2
425252443 382467962
2
425252443 382467962
2
425252443 382467962
2
425252443 382467962
2
425252443 382467962
2
425252443 382467962
2
425252443 382467962
2
425252443 382467962
2
425252443 382467962
2
425252443 382467962
2
425252443 382467962
2
892140694 405670331
2
892140694 405670331
2
892140694 405670331
2
892140694 405670331
2
892140694 405670331
2
892140694 405670331
2
742848707 630138156
2
742848707 630138156
2
742848707 630138156
2
742848707 630138156
2
742848707 630138156
2
742848707 630138156
2
742848707 630138156
2
742848707 630138156
2
742848707 630138156
2
134982523 837914071
2
134982523 837914071
2
134982523 837914071
2
134982523 837914071
2
134982523 837914071
2
134982523 837914071
2
134982523 837914071
2
134982523 837914071
2
134982523 837914071
2
134982523 837914071
2
134982523 837914071
2
134982523 837914071
2
134982523 837914071
2
134982523 837914071
2
134982523 837914071
2
134982523 837914071
2
134982523 837914071
2
134982523 837914071
2
134982523 837914071
2
134982523 837914071
2
134982523 837914071
2
134982523 837914071
2
134982523 837914071
2
134982523 837914071
2
134982523 837914071
2
134982523 608605126
2
134982523 608605126
2
134982523 608605126
2
364501447 400111531
2
364501447 400111531
2
364501447 400111531
2
364501447 400111531
2
364501447 400111531
2
364501447 400111531
2
364501447 400111531
2
364501447 400111531
2
364501447 400111531
2
364501447 400111531
2
364501447 400111531
2
364501447 400111531
2
364501447 400111531
2
364501447 400111531
2
364501447 400111531
2
364501447 400111531
2
364501447 400111531
2
364501447 400111531
2
364501447 400111531
2
364501447 400111531
2
473050715 949886126
2
473050715 949886126
2
473050715 949886126
2
473050715 949886126
2
473050715 949886126
2
473050715 949886126
2
473050715 949886126
2
473050715 949886126
2
473050715 949886126
2
473050715 949886126
2
473050715 949886126
2
473050715 949886126
2
473050715 949886126
2
473050715 949886126
2
473050715 949886126
2
473050715 949886126
2
473050715 949886126
2
473050715 949886126
2
473050715 949886126
2
473050715 949886126
2
473050715 949886126
2
473050715 949886126
2
473050715 221307163
2
473050715 221307163
2
473050715 221307163
2
473050715 221307163
2
473050715 221307163
2
473050715 221307163
2
473050715 221307163
2
473050715 221307163
2
473050715 221307163
2
445033003 561252652
2
445033003 561252652
2
445033003 561252652
2
445033003 561252652
2
445033003 561252652
2
445033003 561252652
2
445033003 561252652
2
445033003 561252652
2
445033003 561252652
2
445033003 561252652
2
445033003 561252652
2
445033003 561252652
2
445033003 561252652
2
445033003 561252652
2
445033003 561252652
2
445033003 561252652
2
445033003 561252652
2
445033003 561252652
2
445033003 561252652
2
445033003 561252652
2
445033003 561252652
2
445033003 561252652
2
445033003 561252652
2
445033003 561252652
2
445033003 561252652
2
414664569 104183621
2
414664569 104183621
2
414664569 104183621
2
414664569 104183621
2
414664569 104183621
2
414664569 104183621
3
679861063 763087283
3
679861063 763087283
3
679861063 763087283
3
679861063 763087283
3
679861063 763087283
3
679861063 763087283
3
679861063 763087283
3
679861063 763087283
3
679861063 763087283
3
679861063 763087283
3
679861063 763087283
3
679861063 763087283
3
679861063 763087283
3
679861063 763087283
3
888563871 621170772
3
888563871 621170772
3
888563871 621170772
3
888563871 621170772
3
888563871 621170772
3
888563871 621170772
3
888563871 621170772
3
888563871 621170772
3
888563871 621170772
3
888563871 621170772
3
888563871 621170772
3
888563871 621170772
3
888563871 621170772
3
888563871 621170772
3
888563871 621170772
3
888563871 621170772
3
888563871 621170772
3
888563871 621170772
3
888563871 621170772
3
888563871 621170772
3
888563871 621170772
3
888563871 621170772
3
888563871 621170772
3
888563871 621170772
3
888563871 621170772
3
888563871 621170772
3
888563871 621170772
3
888563871 621170772
3
888563871 621170772
3
888563871 621170772
3
888563871 621170772
3
888563871 621170772
3
888563871 621170772
3
888563871 621170772
3
888563871 621170772
3
888563871 621170772
3
888563871 621170772
3
888563871 621170772
3
888563871 621170772
3
888563871 621170772
3
888563871 621170772
3
888563871 621170772
3
888563871 621170772
3
888563871 621170772
3
888563871 621170772
3
888563871 621170772
3
888563871 621170772
3
888563871 621170772
3
888563871 621170772
3
888563871 621170772
3
888563871 621170772
3
888563871 621170772
3
888563871 621170772
3
888563871 621170772
3
888563871 621170772
3
888563871 621170772
3
888563871 621170772
3
888563871 621170772
3
888563871 621170772
3
888563871 621170772
3
888563871 621170772
3
888563871 621170772
3
888563871 621170772
3
888563871 621170772
3
888563871 621170772
3
888563871 621170772
3
888563871 621170772
3
888563871 621170772
3
888563871 621170772
3
888563871 621170772
3
888563871 621170772
3
888563871 621170772
3
888563871 621170772
3
888563871 621170772
3
888563871 621170772
3
888563871 621170772
3
888563871 621170772
3
284859988 746731352
3
284859988 746731352
3
284859988 746731352
3
284859988 746731352
3
284859988 746731352
3
284859988 746731352
3
284859988 746731352
3
284859988 746731352
3
284859988 746731352
3
284859988 746731352
3
284859988 746731352
3
284859988 746731352
3
284859988 746731352
3
284859988 746731352
3
284859988 746731352
3
284859988 746731352
3
284859988 746731352
3
284859988 746731352
3
284859988 746731352
3
284859988 746731352
3
284859988 746731352
3
284859988 746731352
3
284859988 746731352
3
284859988 746731352
3
284859988 746731352
3
284859988 746731352
3
284859988 746731352
3
284859988 746731352
3
284859988 746731352
3
284859988 746731352
3
284859988 746731352
3
284859988 746731352
3
284859988 746731352
3
284859988 746731352
3
284859988 746731352
3
284859988 746731352
3
284859988 746731352
3
284859988 746731352
3
284859988 746731352
3
284859988 746731352
3
284859988 746731352
3
284859988 746731352
3
284859988 746731352
3
284859988 746731352
3
284859988 746731352
3
284859988 746731352
3
284859988 746731352
3
284859988 746731352
3
284859988 746731352
3
284859988 746731352
3
284859988 746731352
3
284859988 746731352
3
284859988 746731352
3
284859988 746731352
3
284859988 746731352
3
284859988 746731352
3
284859988 746731352
3
284859988 746731352
3
284859988 746731352
3
284859988 746731352
3
284859988 746731352
3
284859988 746731352
3
284859988 746731352
3
284859988 746731352
3
284859988 746731352
3
284859988 746731352
3
284859988 746731352
3
284859988 746731352
3
284859988 746731352
3
284859988 746731352
3
284859988 746731352
3
284859988 746731352
3
284859988 746731352
3
284859988 746731352
3
284859988 746731352
3
284859988 746731352
3
284859988 746731352
3
284859988 746731352
3
284859988 746731352
3
284859988 746731352
3
284859988 746731352
3
284859988 746731352
3
284859988 746731352
3
284859988 746731352
3
284859988 746731352
3
284859988 746731352
3
284859988 746731352
3
284859988 746731352
3
284859988 746731352
3
284859988 746731352
3
284859988 746731352
3
284859988 746731352
3
284859988 746731352
3
284859988 746731352
3
284859988 746731352
3
284859988 746731352
3
284859988 746731352
3
284859988 746731352
3
284859988 746731352
3
284859988 746731352
3
284859988 746731352
3
284859988 746731352
3
284859988 746731352
3
284859988 746731352
3
284859988 746731352
3
284859988 746731352
3
284859988 746731352
3
284859988 746731352
3
284859988 746731352
3
284859988 746731352
3
284859988 746731352
3
284859988 746731352
3
284859988 746731352
3
813765322 323711009
3
813765322 323711009
3
813765322 323711009
3
813765322 323711009
3
813765322 323711009
3
813765322 323711009
3
813765322 323711009
3
813765322 323711009
3
813765322 323711009
3
813765322 323711009
3
813765322 323711009
3
813765322 323711009
3
813765322 323711009
3
813765322 323711009
3
813765322 323711009
3
813765322 323711009
3
813765322 323711009
3
813765322 323711009
3
813765322 323711009
3
813765322 323711009
3
813765322 323711009
3
813765322 323711009
3
813765322 323711009
3
813765322 323711009
3
813765322 323711009
3
813765322 323711009
3
813765322 323711009
3
813765322 323711009
3
813765322 323711009
3
813765322 323711009
3
813765322 323711009
3
813765322 323711009
3
813765322 323711009
3
813765322 323711009
3
813765322 323711009
3
813765322 323711009
3
813765322 323711009
3
813765322 323711009
3
813765322 323711009
3
813765322 323711009
3
813765322 323711009
3
813765322 323711009
3
813765322 323711009
3
813765322 323711009
3
813765322 323711009
3
813765322 323711009
3
813765322 323711009
3
813765322 323711009
3
813765322 323711009
3
813765322 323711009
3
813765322 323711009
3
813765322 323711009
3
813765322 323711009
3
813765322 323711009
3
813765322 323711009
3
813765322 323711009
3
813765322 323711009
3
813765322 323711009
3
813765322 323711009
3
813765322 323711009
3
813765322 323711009
3
813765322 323711009
3
813765322 323711009
3
813765322 323711009
3
813765322 323711009
3
813765322 323711009
3
813765322 323711009
3
813765322 323711009
3
813765322 323711009
3
813765322 323711009
3
813765322 323711009
3
813765322 323711009
3
813765322 323711009
3
813765322 323711009
3
813765322 323711009
3
813765322 323711009
3
813765322 323711009
3
813765322 323711009
3
813765322 323711009
3
813765322 323711009
3
813765322 323711009
3
813765322 323711009
3
813765322 323711009
3
813765322 323711009
3
813765322 323711009
3
813765322 323711009
3
813765322 323711009
3
933558970 906944583
3
933558970 906944583
3
933558970 906944583
3
933558970 906944583
3
933558970 906944583
3
933558970 906944583
3
933558970 906944583
3
933558970 906944583
3
933558970 906944583
3
933558970 906944583
3
933558970 906944583
3
933558970 906944583
3
933558970 906944583
3
933558970 906944583
3
933558970 906944583
3
933558970 906944583
3
933558970 906944583
3
933558970 906944583
3
933558970 906944583
3
933558970 906944583
3
933558970 906944583
3
933558970 906944583
3
933558970 906944583
3
933558970 906944583
3
933558970 906944583
3
933558970 906944583
3
933558970 906944583
3
933558970 906944583
3
933558970 906944583
3
933558970 906944583
3
933558970 906944583
3
933558970 906944583
3
933558970 906944583
3
933558970 906944583
3
933558970 906944583
3
933558970 906944583
3
933558970 906944583
3
933558970 906944583
3
933558970 906944583
3
933558970 906944583
3
933558970 906944583
3
933558970 906944583
3
933558970 906944583
3
933558970 906944583
3
933558970 906944583
3
933558970 906944583
3
950600336 584959491
3
950600336 584959491
3
950600336 584959491
3
950600336 584959491
3
950600336 584959491
3
950600336 584959491
3
950600336 584959491
3
950600336 584959491
3
950600336 584959491
3
950600336 584959491
3
950600336 584959491
3
950600336 584959491
3
950600336 584959491
3
950600336 584959491
3
950600336 584959491
3
950600336 584959491
3
950600336 584959491
3
950600336 584959491
3
950600336 584959491
3
950600336 584959491
3
950600336 584959491
3
950600336 584959491
3
950600336 584959491
3
950600336 584959491
3
950600336 584959491
3
950600336 584959491
3
950600336 584959491
3
950600336 584959491
3
950600336 584959491
3
950600336 584959491
3
950600336 584959491
3
950600336 584959491
3
950600336 584959491
3
950600336 584959491
3
950600336 584959491
3
950600336 584959491
3
950600336 584959491
3
950600336 584959491
3
950600336 584959491
3
950600336 584959491
3
950600336 584959491
3
950600336 584959491
3
950600336 584959491
3
950600336 584959491
3
950600336 584959491
3
950600336 584959491
3
950600336 584959491
3
950600336 584959491
3
950600336 584959491
3
950600336 584959491
3
950600336 584959491
3
950600336 584959491
3
950600336 584959491
3
950600336 584959491
3
950600336 584959491
3
950600336 584959491
3
950600336 584959491
3
950600336 584959491
3
950600336 584959491
3
950600336 584959491
3
950600336 584959491
3
950600336 584959491
3
950600336 584959491
3
950600336 584959491
3
950600336 584959491
3
950600336 584959491
3
950600336 584959491
3
950600336 584959491
3
950600336 584959491
3
950600336 584959491
3
950600336 584959491
3
950600336 584959491
3
950600336 584959491
3
950600336 584959491
3
950600336 584959491
3
950600336 584959491
3
950600336 584959491
3
950600336 584959491
3
950600336 584959491
3
950600336 584959491
3
950600336 584959491
3
950600336 584959491
3
950600336 584959491
3
950600336 584959491
3
950600336 584959491
3
950600336 584959491
3
950600336 584959491
3
950600336 584959491
3
950600336 584959491
3
950600336 584959491
3
950600336 584959491
3
950600336 584959491
3
950600336 584959491
3
950600336 584959491
3
950600336 584959491
3
950600336 584959491
3
950600336 584959491
3
950600336 584959491
3
950600336 584959491
3
950600336 584959491
3
950600336 584959491
3
950600336 584959491
3
950600336 584959491
3
950600336 584959491
3
950600336 584959491
3
950600336 584959491
3
950600336 584959491
3
950600336 584959491
3
950600336 584959491
3
26958662 925022597
3
26958662 925022597
3
26958662 925022597
3
26958662 925022597
3
26958662 925022597
3
26958662 925022597
3
26958662 925022597
3
26958662 925022597
3
26958662 925022597
3
26958662 925022597
3
26958662 925022597
3
26958662 925022597
3
26958662 925022597
3
26958662 925022597
3
26958662 925022597
3
26958662 925022597
3
26958662 925022597
3
26958662 925022597
3
26958662 925022597
3
26958662 925022597
3
26958662 925022597
3
26958662 925022597
3
26958662 925022597
3
26958662 925022597
3
26958662 925022597
3
26958662 925022597
3
26958662 925022597
3
26958662 925022597
3
26958662 925022597
3
26958662 925022597
3
26958662 925022597
3
26958662 925022597
3
26958662 925022597
3
819374894 452934506
3
819374894 452934506
3
819374894 452934506
3
819374894 452934506
3
819374894 452934506
3
819374894 452934506
3
819374894 452934506
3
819374894 452934506
3
819374894 452934506
3
819374894 452934506
3
819374894 452934506
3
819374894 452934506
3
819374894 452934506
3
819374894 452934506
3
819374894 452934506
3
819374894 452934506
3
819374894 452934506
3
819374894 452934506
3
819374894 452934506
3
819374894 452934506
3
819374894 452934506
3
819374894 452934506
3
819374894 452934506
3
819374894 452934506
3
819374894 452934506
3
819374894 452934506
3
819374894 452934506
3
819374894 452934506
3
819374894 452934506
3
819374894 452934506
3
819374894 452934506
3
819374894 452934506
3
819374894 452934506
3
819374894 452934506
3
819374894 452934506
3
819374894 452934506
3
819374894 452934506
3
819374894 452934506
3
819374894 452934506
3
819374894 452934506
3
819374894 452934506
3
819374894 452934506
3
888563871 621170772
3
888563871 621170772
3
888563871 621170772
3
888563871 621170772
3
888563871 621170772
3
888563871 621170772
3
888563871 621170772
3
888563871 621170772
3
888563871 621170772
3
888563871 621170772
3
888563871 621170772
3
888563871 621170772
3
888563871 621170772
3
888563871 621170772
3
888563871 621170772
3
888563871 621170772
3
888563871 621170772
3
888563871 621170772
3
888563871 621170772
3
888563871 621170772
3
888563871 621170772
3
888563871 621170772
3
888563871 621170772
3
888563871 621170772
3
888563871 621170772
3
888563871 621170772
3
888563871 621170772
3
888563871 621170772
3
888563871 621170772
3
888563871 621170772
3
888563871 621170772
3
888563871 621170772
3
888563871 621170772
3
888563871 621170772
3
888563871 621170772
3
888563871 621170772
3
888563871 621170772
3
888563871 621170772
3
888563871 621170772
3
888563871 621170772
3
888563871 621170772
3
888563871 621170772
3
888563871 621170772
3
888563871 621170772
3
888563871 621170772
3
888563871 621170772
3
888563871 621170772
3
888563871 621170772
3
888563871 621170772
3
888563871 621170772
3
888563871 621170772
3
888563871 621170772
3
888563871 621170772
3
888563871 621170772
3
888563871 621170772
3
888563871 621170772
3
888563871 621170772
3
888563871 621170772
3
888563871 621170772
3
888563871 621170772
3
888563871 621170772
3
888563871 621170772
3
888563871 621170772
3
888563871 621170772
3
888563871 621170772
3
888563871 621170772
3
888563871 621170772
3
888563871 621170772
3
888563871 621170772
3
888563871 621170772
3
888563871 621170772
3
888563871 621170772
3
888563871 621170772
3
888563871 621170772
3
888563871 621170772
3
888563871 621170772
3
888563871 621170772
3
888563871 621170772
3
888563871 621170772
3
888563871 621170772
3
888563871 621170772
3
888563871 621170772
3
888563871 621170772
2
501064132 80294552
2
501064132 80294552
2
501064132 80294552
2
501064132 80294552
2
501064132 80294552
2
501064132 80294552
2
501064132 80294552
2
501064132 80294552
2
501064132 80294552
2
501064132 80294552
2
501064132 80294552
2
501064132 80294552
2
501064132 80294552
2
501064132 80294552
2
501064132 80294552
2
501064132 80294552
2
501064132 80294552
2
501064132 80294552
2
501064132 80294552
2
501064132 80294552
2
501064132 80294552
2
501064132 80294552
2
501064132 80294552
2
501064132 80294552
2
501064132 80294552
2
501064132 80294552
2
501064132 80294552
2
501064132 80294552
2
501064132 80294552
2
501064132 80294552
2
501064132 80294552
2
501064132 80294552
2
501064132 80294552
2
501064132 80294552
2
501064132 80294552
2
501064132 80294552
2
501064132 80294552
2
501064132 80294552
2
501064132 80294552
2
501064132 80294552
2
501064132 80294552
2
501064132 80294552
2
501064132 80294552
2
501064132 80294552
2
501064132 80294552
2
501064132 80294552
2
501064132 80294552
2
501064132 80294552
2
501064132 80294552
2
501064132 80294552
2
501064132 80294552
2
501064132 80294552
2
501064132 80294552
2
501064132 80294552
2
501064132 80294552
2
501064132 80294552
2
501064132 80294552
2
501064132 80294552
2
501064132 80294552
2
501064132 80294552
2
501064132 80294552
2
501064132 80294552
2
501064132 80294552
2
501064132 80294552
2
501064132 80294552
2
501064132 80294552
2
501064132 80294552
2
501064132 80294552
2
501064132 80294552
2
501064132 80294552
2
501064132 80294552
2
501064132 80294552
2
501064132 80294552
2
501064132 80294552
2
501064132 80294552
2
501064132 80294552
2
501064132 80294552
2
838411934 88158973
2
838411934 88158973
2
838411934 88158973
2
838411934 88158973
2
838411934 88158973
2
838411934 88158973
2
838411934 88158973
2
838411934 88158973
2
838411934 88158973
2
838411934 88158973
2
838411934 88158973
2
838411934 88158973
2
249354985 431964674
2
249354985 431964674
2
249354985 431964674
2
249354985 431964674
2
249354985 431964674
2
249354985 431964674
2
249354985 431964674
2
249354985 431964674
2
249354985 431964674
2
249354985 431964674
2
249354985 431964674
2
249354985 431964674
2
249354985 431964674
2
249354985 431964674
2
249354985 431964674
2
249354985 431964674
2
249354985 431964674
2
249354985 431964674
2
249354985 431964674
2
249354985 431964674
2
249354985 431964674
2
249354985 431964674
2
249354985 431964674
2
249354985 431964674
2
249354985 431964674
2
249354985 431964674
2
249354985 431964674
2
249354985 431964674
2
249354985 431964674
2
249354985 431964674
2
742848707 654044428
2
742848707 654044428
2
742848707 654044428
2
742848707 654044428
2
742848707 654044428
2
742848707 654044428
2
742848707 654044428
2
742848707 654044428
2
742848707 654044428
2
75264207 204198535
2
75264207 204198535
2
75264207 204198535
2
75264207 204198535
2
75264207 204198535
2
75264207 204198535
2
75264207 204198535
2
75264207 204198535
2
75264207 204198535
2
75264207 204198535
2
75264207 204198535
2
75264207 204198535
2
75264207 204198535
2
75264207 204198535
2
75264207 204198535
2
75264207 204198535
2
75264207 204198535
2
75264207 204198535
2
75264207 204198535
2
75264207 204198535
2
75264207 204198535
2
75264207 204198535
2
75264207 204198535
1
185053967 654044428
1
185053967 654044428
1
135815849 204198535
1
135815849 204198535
1
135815849 204198535
1
135815849 204198535
1
135815849 204198535
1
838411934 204198535
1
838411934 204198535
1
838411934 204198535
1
514042795 876082275
0
223908483 135461744
0
223908483 135461744
0
223908483 135461744
0
223908483 135461744
0
223908483 135461744
0
980701764 135461744
0
980701764 135461744
0
980701764 431964674
0
980701764 949886126
-1
-1 -1
-1
-1 -1
