-1
-1 -1
-1
-1 -1
-1
-1 -1
-1
-1 -1
0
90262525 481930224
0
90262525 481930224
0
90262525 481930224
0
90262525 481930224
0
90262525 754891743
0
90262525 754891743
0
90262525 754891743
1
423074639 393791431
1
423074639 393791431
1
55609232 393791431
1
55609232 393791431
1
55609232 393791431
1
55609232 393791431
1
55609232 393791431
1
55609232 393791431
1
55609232 393791431
1
55609232 393791431
1
55609232 393791431
1
55609232 393791431
1
55609232 393791431
1
55609232 393791431
1
55609232 393791431
1
813699178 43264753
1
813699178 43264753
1
813699178 402080481
1
813699178 402080481
1
813699178 402080481
1
813699178 402080481
1
264566887 912031306
2
970736234 594173487
2
970736234 594173487
2
970736234 594173487
2
970736234 594173487
2
970736234 594173487
2
970736234 594173487
2
970736234 594173487
2
970736234 594173487
2
970736234 594173487
2
894354620 531698756
2
894354620 531698756
2
894354620 531698756
2
894354620 531698756
2
894354620 531698756
2
894354620 531698756
2
894354620 531698756
2
894354620 531698756
2
894354620 531698756
2
894354620 531698756
2
970736234 594173487
2
970736234 594173487
2
970736234 594173487
2
970736234 594173487
2
970736234 594173487
2
970736234 594173487
2
970736234 594173487
2
970736234 594173487
2
970736234 594173487
2
970736234 594173487
2
970736234 594173487
2
970736234 594173487
2
970736234 594173487
2
970736234 594173487
2
231830330 402080481
2
231830330 402080481
2
231830330 402080481
2
231830330 402080481
2
415034833 903408172
2
415034833 903408172
2
415034833 903408172
2
415034833 903408172
2
415034833 903408172
2
415034833 903408172
2
415034833 903408172
2
415034833 903408172
2
415034833 903408172
2
415034833 903408172
2
415034833 903408172
2
415034833 903408172
2
415034833 903408172
2
415034833 903408172
2
415034833 903408172
2
415034833 903408172
2
415034833 903408172
2
415034833 903408172
2
659975453 311964716
2
659975453 311964716
2
659975453 311964716
2
659975453 311964716
2
659975453 311964716
2
659975453 311964716
2
659975453 311964716
2
659975453 311964716
2
659975453 311964716
2
659975453 311964716
2
659975453 311964716
2
659975453 311964716
2
659975453 311964716
2
659975453 311964716
2
659975453 311964716
2
659975453 311964716
2
659975453 311964716
2
659975453 311964716
2
659975453 311964716
2
659975453 311964716
2
659975453 311964716
2
659975453 311964716
2
659975453 311964716
2
659975453 311964716
2
659975453 311964716
2
659975453 311964716
2
659975453 311964716
2
659975453 311964716
2
659975453 311964716
2
659975453 311964716
2
659975453 311964716
3
284533103 518122008
3
284533103 518122008
3
284533103 518122008
3
284533103 518122008
3
284533103 518122008
3
284533103 518122008
3
284533103 518122008
3
284533103 518122008
3
284533103 518122008
3
284533103 518122008
3
284533103 518122008
3
284533103 518122008
3
284533103 518122008
3
284533103 518122008
3
284533103 518122008
3
284533103 518122008
3
284533103 518122008
3
284533103 518122008
3
284533103 518122008
3
284533103 518122008
3
284533103 518122008
3
284533103 518122008
3
284533103 518122008
3
284533103 518122008
3
284533103 518122008
3
284533103 518122008
3
284533103 518122008
3
284533103 518122008
3
284533103 518122008
3
284533103 518122008
3
284533103 518122008
3
284533103 518122008
3
284533103 518122008
3
284533103 518122008
3
284533103 518122008
3
284533103 518122008
3
284533103 518122008
3
284533103 518122008
3
284533103 518122008
3
370052305 46260991
3
370052305 46260991
3
370052305 46260991
3
370052305 46260991
3
370052305 46260991
3
370052305 46260991
3
370052305 46260991
3
370052305 46260991
3
370052305 46260991
3
370052305 46260991
3
370052305 46260991
3
370052305 46260991
3
370052305 46260991
3
370052305 46260991
3
370052305 46260991
3
370052305 46260991
3
370052305 46260991
3
370052305 46260991
3
370052305 46260991
3
370052305 46260991
3
370052305 46260991
3
370052305 46260991
3
370052305 46260991
3
370052305 46260991
3
370052305 46260991
3
370052305 46260991
3
370052305 46260991
3
370052305 46260991
3
370052305 46260991
3
370052305 46260991
3
370052305 46260991
3
370052305 46260991
3
370052305 46260991
3
370052305 46260991
3
370052305 46260991
3
370052305 46260991
3
370052305 46260991
3
370052305 46260991
3
370052305 46260991
3
370052305 46260991
3
370052305 46260991
3
370052305 46260991
3
370052305 46260991
3
370052305 46260991
3
370052305 46260991
3
370052305 46260991
3
370052305 46260991
3
370052305 46260991
3
370052305 46260991
3
370052305 46260991
3
370052305 46260991
3
370052305 46260991
3
370052305 46260991
3
370052305 46260991
3
370052305 46260991
3
370052305 46260991
3
370052305 46260991
3
370052305 46260991
3
370052305 46260991
3
370052305 46260991
3
370052305 46260991
3
370052305 46260991
3
370052305 46260991
3
370052305 46260991
3
370052305 46260991
3
370052305 46260991
3
370052305 46260991
3
370052305 46260991
3
370052305 46260991
3
370052305 46260991
3
433387322 638841286
3
433387322 638841286
3
2390658 558505620
3
2390658 558505620
3
2390658 558505620
3
2390658 558505620
3
2390658 558505620
3
2390658 558505620
3
2390658 558505620
3
2390658 558505620
3
2390658 558505620
3
2390658 558505620
3
2390658 558505620
3
2390658 558505620
3
2390658 558505620
3
2390658 558505620
3
2390658 558505620
3
2390658 558505620
3
2390658 558505620
3
2390658 558505620
3
2390658 558505620
3
2390658 558505620
3
2390658 558505620
3
2390658 558505620
3
2390658 558505620
3
2390658 558505620
3
2390658 558505620
3
2390658 558505620
3
2390658 558505620
3
2390658 558505620
3
2390658 558505620
3
2390658 558505620
3
2390658 558505620
3
2390658 558505620
3
2390658 558505620
3
2390658 558505620
3
2390658 558505620
3
2390658 558505620
3
2390658 558505620
3
2390658 558505620
3
2390658 558505620
3
2390658 558505620
3
2390658 558505620
3
2390658 558505620
3
2390658 558505620
3
2390658 558505620
3
2390658 558505620
3
2390658 558505620
3
2390658 558505620
3
2390658 558505620
3
2390658 558505620
3
2390658 558505620
3
2390658 558505620
3
2390658 558505620
3
2390658 558505620
3
2390658 558505620
3
2390658 558505620
3
2390658 558505620
3
2390658 558505620
3
2390658 558505620
3
2390658 558505620
3
2390658 558505620
3
2390658 558505620
3
2390658 558505620
3
2390658 558505620
3
2390658 558505620
3
2390658 558505620
3
2390658 558505620
3
2390658 558505620
3
2390658 558505620
3
2390658 558505620
3
2390658 558505620
4
521123614 789670444
4
521123614 789670444
4
521123614 789670444
4
521123614 789670444
4
521123614 789670444
4
521123614 789670444
4
521123614 789670444
4
521123614 789670444
4
521123614 789670444
4
521123614 789670444
4
521123614 789670444
4
521123614 789670444
4
521123614 789670444
4
521123614 789670444
4
521123614 789670444
4
521123614 789670444
4
521123614 789670444
4
521123614 789670444
4
521123614 789670444
4
521123614 789670444
4
521123614 789670444
4
521123614 789670444
4
521123614 789670444
4
521123614 789670444
4
521123614 789670444
4
521123614 789670444
4
521123614 789670444
4
521123614 789670444
4
521123614 789670444
4
521123614 789670444
4
521123614 789670444
4
521123614 789670444
4
521123614 789670444
4
521123614 789670444
4
521123614 789670444
4
521123614 789670444
4
521123614 789670444
4
521123614 789670444
4
521123614 789670444
4
521123614 789670444
4
521123614 789670444
4
521123614 789670444
4
521123614 789670444
4
521123614 789670444
4
521123614 789670444
4
521123614 789670444
4
521123614 789670444
4
521123614 789670444
4
521123614 789670444
4
521123614 789670444
4
521123614 789670444
4
521123614 789670444
4
521123614 789670444
4
521123614 789670444
4
521123614 789670444
4
521123614 789670444
4
521123614 789670444
4
521123614 789670444
4
521123614 789670444
4
521123614 789670444
4
521123614 789670444
4
521123614 789670444
4
521123614 789670444
4
521123614 789670444
4
521123614 789670444
4
521123614 789670444
4
521123614 789670444
4
521123614 789670444
4
521123614 789670444
4
521123614 789670444
4
521123614 789670444
4
521123614 789670444
4
521123614 789670444
4
521123614 789670444
4
521123614 789670444
4
521123614 789670444
4
521123614 789670444
4
521123614 789670444
4
521123614 789670444
4
521123614 789670444
4
521123614 789670444
4
521123614 789670444
4
521123614 789670444
4
521123614 789670444
4
521123614 789670444
4
521123614 789670444
4
521123614 789670444
4
521123614 789670444
4
521123614 789670444
4
521123614 789670444
4
521123614 789670444
4
521123614 789670444
4
521123614 789670444
4
521123614 789670444
4
521123614 789670444
4
521123614 789670444
4
521123614 789670444
4
521123614 789670444
4
521123614 789670444
4
521123614 789670444
4
521123614 789670444
4
521123614 789670444
4
521123614 789670444
4
521123614 789670444
4
521123614 789670444
4
521123614 789670444
4
521123614 789670444
4
521123614 789670444
4
521123614 789670444
4
521123614 789670444
4
521123614 789670444
4
521123614 789670444
4
521123614 789670444
4
521123614 789670444
4
521123614 789670444
4
521123614 789670444
4
521123614 789670444
4
521123614 789670444
4
521123614 789670444
4
521123614 789670444
4
521123614 789670444
4
521123614 789670444
4
521123614 789670444
4
521123614 789670444
4
521123614 789670444
4
521123614 789670444
4
521123614 789670444
3
697376797 382615885
3
697376797 382615885
3
697376797 382615885
3
697376797 382615885
3
697376797 382615885
3
697376797 382615885
3
697376797 382615885
3
697376797 382615885
3
697376797 382615885
3
697376797 382615885
3
697376797 382615885
3
697376797 382615885
3
697376797 382615885
3
697376797 382615885
3
697376797 382615885
3
20422602 277829141
3
20422602 277829141
3
20422602 277829141
3
20422602 277829141
3
20422602 277829141
3
20422602 277829141
3
20422602 277829141
3
20422602 277829141
3
20422602 277829141
3
20422602 277829141
3
20422602 277829141
3
20422602 277829141
3
20422602 277829141
3
20422602 277829141
3
20422602 277829141
3
20422602 277829141
3
20422602 277829141
3
20422602 277829141
3
20422602 277829141
3
20422602 277829141
3
20422602 277829141
3
20422602 277829141
3
20422602 277829141
3
20422602 277829141
3
20422602 277829141
3
20422602 277829141
3
20422602 277829141
3
20422602 277829141
3
20422602 277829141
3
20422602 277829141
3
20422602 277829141
3
20422602 277829141
3
20422602 277829141
3
20422602 277829141
3
20422602 277829141
3
20422602 277829141
3
20422602 277829141
3
20422602 277829141
3
20422602 277829141
3
20422602 277829141
3
20422602 277829141
3
20422602 277829141
2
978281235 194278251
2
978281235 194278251
2
978281235 194278251
2
978281235 194278251
2
978281235 194278251
2
978281235 194278251
2
978281235 194278251
2
978281235 194278251
2
978281235 194278251
2
978281235 194278251
2
978281235 194278251
2
978281235 194278251
2
978281235 194278251
2
978281235 194278251
2
978281235 194278251
2
978281235 194278251
2
978281235 194278251
2
978281235 194278251
2
978281235 194278251
2
978281235 194278251
2
430774001 87982073
2
430774001 87982073
2
430774001 87982073
2
430774001 87982073
2
430774001 87982073
2
430774001 87982073
2
430774001 87982073
2
430774001 87982073
2
363385479 810125297
2
363385479 810125297
2
363385479 917893015
2
363385479 917893015
2
363385479 917893015
2
363385479 917893015
2
363385479 917893015
2
363385479 917893015
2
363385479 917893015
2
363385479 917893015
2
363385479 917893015
2
363385479 917893015
2
363385479 917893015
2
363385479 917893015
1
886873651 194278251
1
886873651 194278251
1
886873651 194278251
1
886873651 194278251
1
886873651 194278251
1
886873651 194278251
1
886873651 194278251
1
771175755 513689848
1
771175755 513689848
1
730937320 5981820
1
730937320 5981820
1
730937320 5981820
-1
-1 -1
-1
-1 -1
-1
-1 -1
-1
-1 -1
-1
-1 -1
-1
-1 -1
-1
-1 -1
-1
-1 -1
-1
-1 -1
-1
-1 -1
-1
-1 -1
-1
-1 -1
-1
-1 -1
-1
-1 -1
-1
-1 -1
-1
-1 -1
-1
-1 -1
-1
-1 -1
-1
-1 -1
-1
-1 -1
