-1
-1 -1
0
496038413 870417879
0
496038413 870417879
0
496038413 870417879
0
162223880 870417879
0
162223880 870417879
0
162223880 870417879
0
162223880 818498626
0
162223880 374080010
0
162223880 5102629
0
162223880 5102629
0
162223880 5102629
0
162223880 5102629
1
198675124 490780175
1
198675124 490780175
1
198675124 490780175
1
198675124 490780175
1
198675124 490780175
1
198675124 490780175
1
198675124 490780175
1
473551332 171365307
1
198675124 490780175
1
198675124 490780175
1
198675124 490780175
1
162223880 180188986
1
162223880 180188986
1
162223880 180188986
1
912144149 5102629
1
912144149 5102629
1
912144149 5102629
1
672425846 171365307
1
672425846 171365307
1
672425846 171365307
1
672425846 171365307
1
672425846 171365307
1
672425846 171365307
1
672425846 171365307
1
672425846 171365307
2
125310695 776755931
2
125310695 776755931
2
125310695 776755931
2
125310695 776755931
2
125310695 776755931
2
125310695 776755931
2
125310695 776755931
2
125310695 776755931
2
125310695 776755931
1
672425846 171365307
1
672425846 171365307
1
672425846 171365307
1
672425846 171365307
1
672425846 171365307
1
672425846 171365307
2
106033200 367438311
2
106033200 367438311
2
106033200 367438311
2
106033200 367438311
2
106033200 367438311
2
106033200 367438311
2
106033200 367438311
2
106033200 367438311
2
106033200 367438311
2
106033200 367438311
2
106033200 367438311
2
106033200 367438311
2
106033200 367438311
2
106033200 367438311
2
106033200 367438311
2
106033200 367438311
2
106033200 367438311
2
106033200 367438311
2
106033200 367438311
2
106033200 367438311
2
106033200 367438311
2
106033200 367438311
2
106033200 367438311
2
106033200 367438311
2
106033200 367438311
2
106033200 367438311
2
106033200 367438311
2
106033200 367438311
2
106033200 367438311
1
827359513 301060705
1
827359513 301060705
1
827359513 301060705
1
827359513 301060705
1
406074942 301060705
1
406074942 301060705
1
931008780 5102629
1
931008780 5102629
2
170735442 393326342
2
170735442 393326342
2
170735442 393326342
2
170735442 393326342
2
170735442 393326342
1
931008780 5102629
1
4194351 710734837
1
4194351 710734837
1
4194351 710734837
1
4194351 710734837
1
4194351 710734837
1
4194351 710734837
1
4194351 710734837
-1
-1 -1
-1
-1 -1
-1
-1 -1
-1
-1 -1
-1
-1 -1
-1
-1 -1
-1
-1 -1
-1
-1 -1
-1
-1 -1
-1
-1 -1
-1
-1 -1
